{"devicePlatform":"","logFolder":"C:\\Users\\AV2017005903\\Documents\\apollo-automation\\Reports\\Sprint 3\\20180301_065907","runData":{"hostName":"AV2017005903 - NBMP18A211ITSQA.corp.bankbtpn.co.id","hostAddress":"192.168.43.137","os":"Windows 10 64bit","katalonVersion":"5.0.0.1"},"type":"TEST_SUITE","name":"Sprint 3","id":"Test Suites/Sprint 3","source":"","message":"Test Cases/Sprint 3/40 - TC - All FAILED because (of) Unable to start app at: \u0027C:\\Users\\AV2017005903\\Documents\\apollo-automation\\Regression_24Februari_PakAnka.apk\u0027 (Root cause: com.kms.katalon.core.appium.exception.AppiumStartException: Fail to start Appium server in 30 seconds)","description":"","startTime":1519862352069,"endTime":1519862393445,"childRecords":[{"isOptional":false,"type":"TEST_CASE","name":"Test Cases/Sprint 3/40 - TC - All","id":"Test Cases/Sprint 3/40 - TC - All","source":"C:\\\\Users\\\\AV2017005903\\\\Documents\\\\apollo-automationTest Cases\\\\Sprint 3\\\\40 - TC - All.tc","message":"Test Cases/Sprint 3/40 - TC - All FAILED because (of) Unable to start app at: \u0027C:\\Users\\AV2017005903\\Documents\\apollo-automation\\Regression_24Februari_PakAnka.apk\u0027 (Root cause: com.kms.katalon.core.appium.exception.AppiumStartException: Fail to start Appium server in 30 seconds)","description":"View Pengeluaran","startTime":1519862352536,"endTime":1519862387302,"childRecords":[{"testStatus":{"stackTrace":"","statusValue":"INFO"},"type":"MESSAGE","name":"","message":"Evaluating variables for test case","startTime":1519862352736,"endTime":0,"childRecords":[],"interuppted":false},{"index":1,"isIgnoredIfFailed":false,"type":"TEST_STEP","name":"comment","message":"Start Story 40","description":"","startTime":1519862353161,"endTime":1519862353325,"childRecords":[],"interuppted":false},{"index":2,"isIgnoredIfFailed":false,"type":"TEST_STEP","name":"Statement - apkPath \u003d com.kms.katalon.core.util.internal.PathUtil.relativeToAbsolutePath(apkName, com.kms.katalon.core.configuration.RunConfiguration.getProjectDir())","description":"Step 1 - [Melakukan Kelola Stock]","startTime":1519862353327,"endTime":1519862353349,"childRecords":[],"interuppted":false},{"index":3,"isIgnoredIfFailed":false,"type":"TEST_STEP","name":"startApplication","message":"Unable to start app at: \u0027C:\\Users\\AV2017005903\\Documents\\apollo-automation\\Regression_24Februari_PakAnka.apk\u0027 (Root cause: com.kms.katalon.core.appium.exception.AppiumStartException: Fail to start Appium server in 30 seconds)","description":"","startTime":1519862353350,"endTime":1519862387298,"childRecords":[{"testStatus":{"stackTrace":"","statusValue":"FAILED"},"type":"MESSAGE","name":"","message":"Unable to start app at: \u0027C:\\Users\\AV2017005903\\Documents\\apollo-automation\\Regression_24Februari_PakAnka.apk\u0027 (Root cause: com.kms.katalon.core.appium.exception.AppiumStartException: Fail to start Appium server in 30 seconds)","startTime":1519862387297,"endTime":0,"childRecords":[],"interuppted":false}],"interuppted":false},{"testStatus":{"stackTrace":"","statusValue":"FAILED"},"type":"MESSAGE","name":"","message":"Test Cases/Sprint 3/40 - TC - All FAILED because (of) Unable to start app at: \u0027C:\\Users\\AV2017005903\\Documents\\apollo-automation\\Regression_24Februari_PakAnka.apk\u0027 (Root cause: com.kms.katalon.core.appium.exception.AppiumStartException: Fail to start Appium server in 30 seconds)","startTime":1519862387299,"endTime":0,"childRecords":[],"interuppted":false}],"interuppted":false},{"isOptional":false,"type":"TEST_CASE","name":"Test Cases/Sprint 3/41 - TC-All","id":"Test Cases/Sprint 3/41 - TC-All","source":"C:\\\\Users\\\\AV2017005903\\\\Documents\\\\apollo-automationTest Cases\\\\Sprint 3\\\\41 - TC-All.tc","message":"Test Cases/Sprint 3/41 - TC-All FAILED because (of) Failed to wait for element present (Root cause: No application is started yet.)","description":"Create Expense","startTime":1519862387357,"endTime":1519862387834,"childRecords":[{"testStatus":{"stackTrace":"","statusValue":"INFO"},"type":"MESSAGE","name":"","message":"Evaluating variables for test case","startTime":1519862387423,"endTime":0,"childRecords":[],"interuppted":false},{"index":1,"isIgnoredIfFailed":false,"type":"TEST_STEP","name":"comment","message":"Start Story 41","description":"","startTime":1519862387660,"endTime":1519862387663,"childRecords":[],"interuppted":false},{"index":2,"isIgnoredIfFailed":false,"type":"TEST_STEP","name":"waitForElementPresent","message":"Failed to wait for element present (Root cause: No application is started yet.)","description":"Menungg//////////////////////u hingga elemen Pengeluaran barang untuk melanjutkan action element \\\"Tambah Catatan\\\"","startTime":1519862387664,"endTime":1519862387826,"childRecords":[{"testStatus":{"stackTrace":"","statusValue":"FAILED"},"type":"MESSAGE","name":"","message":"Failed to wait for element present (Root cause: No application is started yet.)","startTime":1519862387824,"endTime":0,"childRecords":[],"interuppted":false}],"interuppted":false},{"testStatus":{"stackTrace":"","statusValue":"FAILED"},"type":"MESSAGE","name":"","message":"Test Cases/Sprint 3/41 - TC-All FAILED because (of) Failed to wait for element present (Root cause: No application is started yet.)","startTime":1519862387826,"endTime":0,"childRecords":[],"interuppted":false}],"interuppted":false},{"isOptional":false,"type":"TEST_CASE","name":"Test Cases/Sprint 3/215 - TC -All","id":"Test Cases/Sprint 3/215 - TC -All","source":"C:\\\\Users\\\\AV2017005903\\\\Documents\\\\apollo-automationTest Cases\\\\Sprint 3\\\\215 - TC -All.tc","message":"Test Cases/Sprint 3/215 - TC -All FAILED because (of) Failed to tap on element \u0027Object Repository/Sidebar Menu/Operasional/Pengeluaran/ListPengeluaranKategori - Elemen 3\u0027 (Root cause: No application is started yet.)","description":"","startTime":1519862387890,"endTime":1519862393376,"childRecords":[{"testStatus":{"stackTrace":"","statusValue":"INFO"},"type":"MESSAGE","name":"","message":"Evaluating variables for test case","startTime":1519862387939,"endTime":0,"childRecords":[],"interuppted":false},{"index":1,"isIgnoredIfFailed":false,"type":"TEST_STEP","name":"comment","message":"Start Story 215","description":"","startTime":1519862388259,"endTime":1519862388269,"childRecords":[],"interuppted":false},{"index":2,"isIgnoredIfFailed":false,"type":"TEST_STEP","name":"delay","message":"Delayed 5 second(s)","description":"","startTime":1519862388272,"endTime":1519862393308,"childRecords":[{"testStatus":{"stackTrace":"","statusValue":"PASSED"},"type":"MESSAGE","name":"","message":"Delayed 5 second(s)","startTime":1519862393307,"endTime":0,"childRecords":[],"interuppted":false}],"interuppted":false},{"index":3,"isIgnoredIfFailed":false,"type":"TEST_STEP","name":"tap","message":"Failed to tap on element \u0027Object Repository/Sidebar Menu/Operasional/Pengeluaran/ListPengeluaranKategori - Elemen 3\u0027 (Root cause: No application is started yet.)","description":"Klik List Pengeluaran di Elemen ke 3","startTime":1519862393309,"endTime":1519862393360,"childRecords":[{"testStatus":{"stackTrace":"","statusValue":"FAILED"},"type":"MESSAGE","name":"","message":"Failed to tap on element \u0027Object Repository/Sidebar Menu/Operasional/Pengeluaran/ListPengeluaranKategori - Elemen 3\u0027 (Root cause: No application is started yet.)","startTime":1519862393359,"endTime":0,"childRecords":[],"interuppted":false}],"interuppted":false},{"testStatus":{"stackTrace":"","statusValue":"FAILED"},"type":"MESSAGE","name":"","message":"Test Cases/Sprint 3/215 - TC -All FAILED because (of) Failed to tap on element \u0027Object Repository/Sidebar Menu/Operasional/Pengeluaran/ListPengeluaranKategori - Elemen 3\u0027 (Root cause: No application is started yet.)","startTime":1519862393361,"endTime":0,"childRecords":[],"interuppted":false}],"interuppted":false}],"interuppted":false}