<?xml version="1.0" encoding="UTF-8"?>
<testsuites name="BTPNAP-26 Kelola Stok" time="244" tests="7" failures="4" errors="0">
   <testsuite name="BTPNAP-26 Kelola Stok" tests="7" failures="4" errors="0" time="244" timestamp="2017-11-24 17:55:26" hostname="AV2017005903 - NB17Q7U8IT.corp.bankbtpn.co.id" id="Test Suites/BTPNAP-26 Kelola Stok">
      <properties>
         <property name="deviceName" value="samsung SM-J120G 5.1.1"/>
         <property name="devicePlatform" value=""/>
         <property name="logFolder" value="C:\\Users\\AV2017005903\\Documents\\Appolo Test\\Reports\\BTPNAP-26 Kelola Stok\\20171124_175523"/>
         <property name="logFiles" value="C:\\Users\\AV2017005903\\Documents\\Appolo Test\\Reports\\BTPNAP-26 Kelola Stok\\20171124_175523\\appium.log, C:\\Users\\AV2017005903\\Documents\\Appolo Test\\Reports\\BTPNAP-26 Kelola Stok\\20171124_175523\\execution0.log"/>
         <property name="attachments" value=""/>
         <property name="hostName" value="AV2017005903 - NB17Q7U8IT.corp.bankbtpn.co.id"/>
         <property name="os" value="Windows 10 64bit"/>
         <property name="katalonVersion" value="5.0.0.1"/>
         <property name="deviceOS" value="Android"/>
         <property name="appiumVersion" value="1.6.3"/>
         <property name="deviceModel" value="SM-J120G"/>
         <property name="hostAddress" value="10.5.109.210"/>
         <property name="deviceManufacturer" value="samsung"/>
         <property name="deviceId" value="3201281be0f78439"/>
         <property name="deviceName" value="samsung SM-J120G 5.1.1"/>
         <property name="deviceOSVersion" value="5.1.1"/>
      </properties>
      <testcase name="Test Cases/TC-1" classname="Test Cases/TC-1" status="PASSED">
         <system-out><![CDATA[2017-11-24 17:55:26 - [TEST_CASE][PASSED] - Test Cases/TC-1: Test Cases/TC-1

2017-11-24 17:55:27 - [TEST_STEP][PASSED] - startApplication: Started app at: 'D:\Project Apollo\Appolo Test\app-development-debug.apk'

2017-11-24 17:56:27 - [MESSAGE][PASSED] - Started app at: 'D:\Project Apollo\Appolo Test\app-development-debug.apk'

2017-11-24 17:56:27 - [TEST_STEP][PASSED] - tap: Tapped on element 'Object Repository/Transaksi/Tabs_Transaksi'

2017-11-24 17:56:30 - [MESSAGE][PASSED] - Tapped on element 'Object Repository/Transaksi/Tabs_Transaksi'

2017-11-24 17:56:30 - [TEST_STEP][PASSED] - tap: Tapped on element 'Object Repository/Transaksi/Stock/Tab_stock'

2017-11-24 17:56:31 - [MESSAGE][PASSED] - Tapped on element 'Object Repository/Transaksi/Stock/Tab_stock']]></system-out>
         <system-err><![CDATA[]]></system-err>
      </testcase>
      <testcase name="Test Cases/TC-2" classname="Test Cases/TC-2" status="PASSED">
         <system-out><![CDATA[2017-11-24 17:56:31 - [TEST_CASE][PASSED] - Test Cases/TC-2: Test Cases/TC-2

2017-11-24 17:56:32 - [TEST_STEP][PASSED] - tap: Tapped on element 'Object Repository/Transaksi/Stock/tab-kategori'

2017-11-24 17:56:33 - [MESSAGE][PASSED] - Tapped on element 'Object Repository/Transaksi/Stock/tab-kategori'

2017-11-24 17:56:33 - [TEST_STEP][PASSED] - delay: Delayed 3 second(s)

2017-11-24 17:56:36 - [MESSAGE][PASSED] - Delayed 3 second(s)

2017-11-24 17:56:36 - [TEST_STEP][PASSED] - tap: Tapped on element 'Object Repository/Transaksi/Stock/kategori-H  T'

2017-11-24 17:56:36 - [MESSAGE][PASSED] - Tapped on element 'Object Repository/Transaksi/Stock/kategori-H  T'

2017-11-24 17:56:36 - [TEST_STEP][PASSED] - tap: Tapped on element 'Object Repository/Transaksi/Stock/Button - Terapkan'

2017-11-24 17:56:37 - [MESSAGE][PASSED] - Tapped on element 'Object Repository/Transaksi/Stock/Button - Terapkan'

2017-11-24 17:56:37 - [TEST_STEP][PASSED] - delay: Delayed 5 second(s)

2017-11-24 17:56:42 - [MESSAGE][PASSED] - Delayed 5 second(s)

2017-11-24 17:56:42 - [TEST_STEP][PASSED] - tap: Tapped on element 'Object Repository/Transaksi/Stock/tab-kategori'

2017-11-24 17:56:47 - [MESSAGE][PASSED] - Tapped on element 'Object Repository/Transaksi/Stock/tab-kategori'

2017-11-24 17:56:47 - [TEST_STEP][PASSED] - scrollToText: Scrolling to text 'Otomotif' successfully

2017-11-24 17:56:59 - [MESSAGE][PASSED] - Scrolling to text 'Otomotif' successfully

2017-11-24 17:57:01 - [TEST_STEP][PASSED] - tap: Tapped on element 'Object Repository/Transaksi/Stock/Otomotif- radio btn'

2017-11-24 17:57:01 - [MESSAGE][PASSED] - Tapped on element 'Object Repository/Transaksi/Stock/Otomotif- radio btn'

2017-11-24 17:57:01 - [TEST_STEP][PASSED] - delay: Delayed 5 second(s)

2017-11-24 17:57:06 - [MESSAGE][PASSED] - Delayed 5 second(s)

2017-11-24 17:57:06 - [TEST_STEP][PASSED] - verifyElementAttributeValue: Element 'Object Repository/Transaksi/Stock/Otomotif- label' not found

2017-11-24 17:57:06 - [MESSAGE][WARNING] - Element 'Object Repository/Transaksi/Stock/Otomotif- label' not found

2017-11-24 17:57:06 - [TEST_STEP][PASSED] - tap: Tapped on element 'Object Repository/Transaksi/Stock/Button - Terapkan'

2017-11-24 17:57:07 - [MESSAGE][PASSED] - Tapped on element 'Object Repository/Transaksi/Stock/Button - Terapkan']]></system-out>
         <system-err><![CDATA[]]></system-err>
      </testcase>
      <testcase name="Test Cases/TC-3" classname="Test Cases/TC-3" status="PASSED">
         <system-out><![CDATA[2017-11-24 17:57:07 - [TEST_CASE][PASSED] - Test Cases/TC-3: Test Cases/TC-3

2017-11-24 17:57:07 - [TEST_STEP][PASSED] - tap: Tapped on element 'Object Repository/Transaksi/Stock/tab-kategori'

2017-11-24 17:57:11 - [MESSAGE][PASSED] - Tapped on element 'Object Repository/Transaksi/Stock/tab-kategori'

2017-11-24 17:57:11 - [TEST_STEP][PASSED] - tap: Tapped on element 'Object Repository/Transaksi/Stock/Semua Kategori - Radio Btn'

2017-11-24 17:57:15 - [MESSAGE][PASSED] - Tapped on element 'Object Repository/Transaksi/Stock/Semua Kategori - Radio Btn'

2017-11-24 17:57:15 - [TEST_STEP][PASSED] - tap: Tapped on element 'Object Repository/Transaksi/Stock/Button - Terapkan'

2017-11-24 17:57:15 - [MESSAGE][PASSED] - Tapped on element 'Object Repository/Transaksi/Stock/Button - Terapkan'

2017-11-24 17:57:15 - [TEST_STEP][PASSED] - delay: Delayed 0 second(s)

2017-11-24 17:57:15 - [MESSAGE][PASSED] - Delayed 0 second(s)

2017-11-24 17:57:15 - [TEST_STEP][PASSED] - tap: Tapped on element 'Object Repository/Transaksi/Stock/CariProduk - View'

2017-11-24 17:57:26 - [MESSAGE][PASSED] - Tapped on element 'Object Repository/Transaksi/Stock/CariProduk - View'

2017-11-24 17:57:26 - [TEST_STEP][PASSED] - setText: Text 'Jambu' has been set to element 'Object Repository/Transaksi/Stock/Cari Produk - EditText'

2017-11-24 17:57:37 - [MESSAGE][PASSED] - Text 'Jambu' has been set to element 'Object Repository/Transaksi/Stock/Cari Produk - EditText'

2017-11-24 17:57:37 - [TEST_STEP][PASSED] - hideKeyboard: Keyboard is hidden

2017-11-24 17:57:45 - [MESSAGE][PASSED] - Keyboard is hidden

2017-11-24 17:57:48 - [TEST_STEP][PASSED] - getText: Text of element 'Object Repository/Transaksi/Stock/Cari Produk - EditText' is: 'Jambu'

2017-11-24 17:57:48 - [MESSAGE][PASSED] - Text of element 'Object Repository/Transaksi/Stock/Cari Produk - EditText' is: 'Jambu'

2017-11-24 17:57:48 - [TEST_STEP][PASSED] - verifyElementText: Actual text and expected text of test object 'Object Repository/Transaksi/Stock/Cari Produk - EditText' are matched.

2017-11-24 17:57:48 - [MESSAGE][PASSED] - Actual text and expected text of test object 'Object Repository/Transaksi/Stock/Cari Produk - EditText' are matched.]]></system-out>
         <system-err><![CDATA[]]></system-err>
      </testcase>
      <testcase name="Test Cases/TC-4" classname="Test Cases/TC-4" status="PASSED">
         <system-out><![CDATA[2017-11-24 17:57:48 - [TEST_CASE][PASSED] - Test Cases/TC-4: Test Cases/TC-4

2017-11-24 17:57:49 - [TEST_STEP][PASSED] - clearText: Element 'Object Repository/Transaksi/Stock/Cari Produk - EditText' text is cleared

2017-11-24 17:57:53 - [MESSAGE][PASSED] - Element 'Object Repository/Transaksi/Stock/Cari Produk - EditText' text is cleared

2017-11-24 17:57:53 - [TEST_STEP][PASSED] - tap: Tapped on element 'Object Repository/Transaksi/Stock/tab-kategori'

2017-11-24 17:57:53 - [MESSAGE][PASSED] - Tapped on element 'Object Repository/Transaksi/Stock/tab-kategori'

2017-11-24 17:57:53 - [TEST_STEP][PASSED] - tap: Tapped on element 'Object Repository/Transaksi/Stock/kategori-H  T'

2017-11-24 17:57:57 - [MESSAGE][PASSED] - Tapped on element 'Object Repository/Transaksi/Stock/kategori-H  T'

2017-11-24 17:57:57 - [TEST_STEP][PASSED] - tap: Tapped on element 'Object Repository/Transaksi/Stock/Button - Terapkan'

2017-11-24 17:57:57 - [MESSAGE][PASSED] - Tapped on element 'Object Repository/Transaksi/Stock/Button - Terapkan'

2017-11-24 17:57:57 - [TEST_STEP][PASSED] - delay: Delayed 5 second(s)

2017-11-24 17:58:03 - [MESSAGE][PASSED] - Delayed 5 second(s)

2017-11-24 17:58:03 - [TEST_STEP][PASSED] - tap: Tapped on element 'Object Repository/Transaksi/Stock/CariProduk - View'

2017-11-24 17:58:03 - [MESSAGE][PASSED] - Tapped on element 'Object Repository/Transaksi/Stock/CariProduk - View'

2017-11-24 17:58:03 - [TEST_STEP][PASSED] - setText: Text 'iPhone 5' has been set to element 'Object Repository/Transaksi/Stock/Cari Produk - EditText'

2017-11-24 17:58:14 - [MESSAGE][PASSED] - Text 'iPhone 5' has been set to element 'Object Repository/Transaksi/Stock/Cari Produk - EditText'

2017-11-24 17:58:14 - [TEST_STEP][PASSED] - hideKeyboard: Keyboard is hidden

2017-11-24 17:58:22 - [MESSAGE][PASSED] - Keyboard is hidden

2017-11-24 17:58:24 - [TEST_STEP][PASSED] - getText: Text of element 'Object Repository/Transaksi/Stock/Cari Produk - EditText' is: 'iPhone 5'

2017-11-24 17:58:24 - [MESSAGE][PASSED] - Text of element 'Object Repository/Transaksi/Stock/Cari Produk - EditText' is: 'iPhone 5'

2017-11-24 17:58:24 - [TEST_STEP][PASSED] - verifyElementText: Actual text and expected text of test object 'Object Repository/Transaksi/Stock/Cari Produk - EditText' are matched.

2017-11-24 17:58:25 - [MESSAGE][PASSED] - Actual text and expected text of test object 'Object Repository/Transaksi/Stock/Cari Produk - EditText' are matched.]]></system-out>
         <system-err><![CDATA[]]></system-err>
      </testcase>
      <testcase name="Test Cases/TC-5" classname="Test Cases/TC-5" status="FAILED">
         <failure type="FAILED" message="Failed to tap on element 'Object Repository/Transaksi/Stock/Semua Kategori - Radio Btn' (Root cause: org.openqa.selenium.NoSuchElementException: An element could not be located on the page using the given search parameters. (WARNING: The server did not provide any stacktrace information)
Command duration or timeout: 982 milliseconds
For documentation on this error, please visit: http://seleniumhq.org/exceptions/no_such_element.html
Build info: version: '2.53.0', revision: '35ae25b', time: '2016-03-15 17:00:58'
System info: host: 'NB17Q7U8IT', ip: '10.5.109.210', os.name: 'Windows 10', os.arch: 'amd64', os.version: '10.0', java.version: '1.8.0_102'
Driver info: com.kms.katalon.core.appium.driver.SwipeableAndroidDriver
Capabilities [{app=D:\Project Apollo\Appolo Test\app-development-debug.apk, appPackage=com.btpn.jeniuspro.dev, networkConnectionEnabled=true, noReset=true, warnings={}, appWaitPackage=com.btpn.jeniuspro.dev, appWaitActivity=com.btpn_mpos_rn.MainActivity, databaseEnabled=false, deviceName=3201281be0f78439, fullReset=false, platform=ANDROID, deviceUDID=3201281be0f78439, appActivity=com.btpn_mpos_rn.MainActivity, desired={app=D:\Project Apollo\Appolo Test\app-development-debug.apk, noReset=true, newCommandTimeout=1800, autoGrantPermissions=true, udid=3201281be0f78439, platformName=Android, deviceName=samsung SM-J120G 5.1.1, fullReset=false, platform=ANDROID}, newCommandTimeout=1800, platformVersion=5.1.1, webStorageEnabled=false, locationContextEnabled=false, takesScreenshot=true, autoGrantPermissions=true, javascriptEnabled=true, udid=3201281be0f78439, platformName=Android}]
Session ID: 60065bcb-4232-49f9-826d-58af5912527d)"/>
         <system-out><![CDATA[2017-11-24 17:58:25 - [TEST_CASE][FAILED] - Test Cases/TC-5: Test Cases/TC-5 FAILED because (of) Failed to tap on element 'Object Repository/Transaksi/Stock/Semua Kategori - Radio Btn' (Root cause: org.openqa.selenium.NoSuchElementException: An element could not be located on the page using the given search parameters. (WARNING: The server did not provide any stacktrace information)
Command duration or timeout: 982 milliseconds
For documentation on this error, please visit: http://seleniumhq.org/exceptions/no_such_element.html
Build info: version: '2.53.0', revision: '35ae25b', time: '2016-03-15 17:00:58'
System info: host: 'NB17Q7U8IT', ip: '10.5.109.210', os.name: 'Windows 10', os.arch: 'amd64', os.version: '10.0', java.version: '1.8.0_102'
Driver info: com.kms.katalon.core.appium.driver.SwipeableAndroidDriver
Capabilities [{app=D:\Project Apollo\Appolo Test\app-development-debug.apk, appPackage=com.btpn.jeniuspro.dev, networkConnectionEnabled=true, noReset=true, warnings={}, appWaitPackage=com.btpn.jeniuspro.dev, appWaitActivity=com.btpn_mpos_rn.MainActivity, databaseEnabled=false, deviceName=3201281be0f78439, fullReset=false, platform=ANDROID, deviceUDID=3201281be0f78439, appActivity=com.btpn_mpos_rn.MainActivity, desired={app=D:\Project Apollo\Appolo Test\app-development-debug.apk, noReset=true, newCommandTimeout=1800, autoGrantPermissions=true, udid=3201281be0f78439, platformName=Android, deviceName=samsung SM-J120G 5.1.1, fullReset=false, platform=ANDROID}, newCommandTimeout=1800, platformVersion=5.1.1, webStorageEnabled=false, locationContextEnabled=false, takesScreenshot=true, autoGrantPermissions=true, javascriptEnabled=true, udid=3201281be0f78439, platformName=Android}]
Session ID: 60065bcb-4232-49f9-826d-58af5912527d)

2017-11-24 17:58:25 - [TEST_STEP][PASSED] - clearText: Element 'Object Repository/Transaksi/Stock/Cari Produk - EditText' text is cleared

2017-11-24 17:58:29 - [MESSAGE][PASSED] - Element 'Object Repository/Transaksi/Stock/Cari Produk - EditText' text is cleared

2017-11-24 17:58:29 - [TEST_STEP][PASSED] - tap: Tapped on element 'Object Repository/Transaksi/Stock/tab-kategori'

2017-11-24 17:58:30 - [MESSAGE][PASSED] - Tapped on element 'Object Repository/Transaksi/Stock/tab-kategori'

2017-11-24 17:58:30 - [TEST_STEP][FAILED] - tap: Failed to tap on element 'Object Repository/Transaksi/Stock/Semua Kategori - Radio Btn' (Root cause: org.openqa.selenium.NoSuchElementException: An element could not be located on the page using the given search parameters. (WARNING: The server did not provide any stacktrace information)
Command duration or timeout: 982 milliseconds
For documentation on this error, please visit: http://seleniumhq.org/exceptions/no_such_element.html
Build info: version: '2.53.0', revision: '35ae25b', time: '2016-03-15 17:00:58'
System info: host: 'NB17Q7U8IT', ip: '10.5.109.210', os.name: 'Windows 10', os.arch: 'amd64', os.version: '10.0', java.version: '1.8.0_102'
Driver info: com.kms.katalon.core.appium.driver.SwipeableAndroidDriver
Capabilities [{app=D:\Project Apollo\Appolo Test\app-development-debug.apk, appPackage=com.btpn.jeniuspro.dev, networkConnectionEnabled=true, noReset=true, warnings={}, appWaitPackage=com.btpn.jeniuspro.dev, appWaitActivity=com.btpn_mpos_rn.MainActivity, databaseEnabled=false, deviceName=3201281be0f78439, fullReset=false, platform=ANDROID, deviceUDID=3201281be0f78439, appActivity=com.btpn_mpos_rn.MainActivity, desired={app=D:\Project Apollo\Appolo Test\app-development-debug.apk, noReset=true, newCommandTimeout=1800, autoGrantPermissions=true, udid=3201281be0f78439, platformName=Android, deviceName=samsung SM-J120G 5.1.1, fullReset=false, platform=ANDROID}, newCommandTimeout=1800, platformVersion=5.1.1, webStorageEnabled=false, locationContextEnabled=false, takesScreenshot=true, autoGrantPermissions=true, javascriptEnabled=true, udid=3201281be0f78439, platformName=Android}]
Session ID: 60065bcb-4232-49f9-826d-58af5912527d)

2017-11-24 17:58:31 - [MESSAGE][FAILED] - Failed to tap on element 'Object Repository/Transaksi/Stock/Semua Kategori - Radio Btn' (Root cause: org.openqa.selenium.NoSuchElementException: An element could not be located on the page using the given search parameters. (WARNING: The server did not provide any stacktrace information)
Command duration or timeout: 982 milliseconds
For documentation on this error, please visit: http://seleniumhq.org/exceptions/no_such_element.html
Build info: version: '2.53.0', revision: '35ae25b', time: '2016-03-15 17:00:58'
System info: host: 'NB17Q7U8IT', ip: '10.5.109.210', os.name: 'Windows 10', os.arch: 'amd64', os.version: '10.0', java.version: '1.8.0_102'
Driver info: com.kms.katalon.core.appium.driver.SwipeableAndroidDriver
Capabilities [{app=D:\Project Apollo\Appolo Test\app-development-debug.apk, appPackage=com.btpn.jeniuspro.dev, networkConnectionEnabled=true, noReset=true, warnings={}, appWaitPackage=com.btpn.jeniuspro.dev, appWaitActivity=com.btpn_mpos_rn.MainActivity, databaseEnabled=false, deviceName=3201281be0f78439, fullReset=false, platform=ANDROID, deviceUDID=3201281be0f78439, appActivity=com.btpn_mpos_rn.MainActivity, desired={app=D:\Project Apollo\Appolo Test\app-development-debug.apk, noReset=true, newCommandTimeout=1800, autoGrantPermissions=true, udid=3201281be0f78439, platformName=Android, deviceName=samsung SM-J120G 5.1.1, fullReset=false, platform=ANDROID}, newCommandTimeout=1800, platformVersion=5.1.1, webStorageEnabled=false, locationContextEnabled=false, takesScreenshot=true, autoGrantPermissions=true, javascriptEnabled=true, udid=3201281be0f78439, platformName=Android}]
Session ID: 60065bcb-4232-49f9-826d-58af5912527d)]]></system-out>
         <system-err><![CDATA[2017-11-24 17:58:25 - [TEST_CASE][FAILED] - Test Cases/TC-5: Test Cases/TC-5 FAILED because (of) Failed to tap on element 'Object Repository/Transaksi/Stock/Semua Kategori - Radio Btn' (Root cause: org.openqa.selenium.NoSuchElementException: An element could not be located on the page using the given search parameters. (WARNING: The server did not provide any stacktrace information)
Command duration or timeout: 982 milliseconds
For documentation on this error, please visit: http://seleniumhq.org/exceptions/no_such_element.html
Build info: version: '2.53.0', revision: '35ae25b', time: '2016-03-15 17:00:58'
System info: host: 'NB17Q7U8IT', ip: '10.5.109.210', os.name: 'Windows 10', os.arch: 'amd64', os.version: '10.0', java.version: '1.8.0_102'
Driver info: com.kms.katalon.core.appium.driver.SwipeableAndroidDriver
Capabilities [{app=D:\Project Apollo\Appolo Test\app-development-debug.apk, appPackage=com.btpn.jeniuspro.dev, networkConnectionEnabled=true, noReset=true, warnings={}, appWaitPackage=com.btpn.jeniuspro.dev, appWaitActivity=com.btpn_mpos_rn.MainActivity, databaseEnabled=false, deviceName=3201281be0f78439, fullReset=false, platform=ANDROID, deviceUDID=3201281be0f78439, appActivity=com.btpn_mpos_rn.MainActivity, desired={app=D:\Project Apollo\Appolo Test\app-development-debug.apk, noReset=true, newCommandTimeout=1800, autoGrantPermissions=true, udid=3201281be0f78439, platformName=Android, deviceName=samsung SM-J120G 5.1.1, fullReset=false, platform=ANDROID}, newCommandTimeout=1800, platformVersion=5.1.1, webStorageEnabled=false, locationContextEnabled=false, takesScreenshot=true, autoGrantPermissions=true, javascriptEnabled=true, udid=3201281be0f78439, platformName=Android}]
Session ID: 60065bcb-4232-49f9-826d-58af5912527d)]]></system-err>
      </testcase>
      <testcase name="Test Cases/TC-6" classname="Test Cases/TC-6" status="FAILED">
         <failure type="FAILED" message="Failed to clear text of element (Root cause: Element 'Object Repository/Transaksi/Stock/Cari Produk - EditText' not found)"/>
         <system-out><![CDATA[2017-11-24 17:58:31 - [TEST_CASE][FAILED] - Test Cases/TC-6: Test Cases/TC-6 FAILED because (of) Failed to clear text of element (Root cause: Element 'Object Repository/Transaksi/Stock/Cari Produk - EditText' not found)

2017-11-24 17:58:31 - [TEST_STEP][FAILED] - clearText: Failed to clear text of element (Root cause: Element 'Object Repository/Transaksi/Stock/Cari Produk - EditText' not found)

2017-11-24 17:58:37 - [MESSAGE][FAILED] - Element 'Object Repository/Transaksi/Stock/Cari Produk - EditText' not found

2017-11-24 17:58:37 - [MESSAGE][FAILED] - Failed to clear text of element (Root cause: Element 'Object Repository/Transaksi/Stock/Cari Produk - EditText' not found)]]></system-out>
         <system-err><![CDATA[2017-11-24 17:58:31 - [TEST_CASE][FAILED] - Test Cases/TC-6: Test Cases/TC-6 FAILED because (of) Failed to clear text of element (Root cause: Element 'Object Repository/Transaksi/Stock/Cari Produk - EditText' not found)]]></system-err>
      </testcase>
      <testcase name="Test Cases/TC-7" classname="Test Cases/TC-7" status="FAILED">
         <failure type="FAILED" message="Failed to clear text of element (Root cause: Element 'Object Repository/Transaksi/Stock/Cari Produk - EditText' not found)"/>
         <system-out><![CDATA[2017-11-24 17:58:37 - [TEST_CASE][FAILED] - Test Cases/TC-7: Test Cases/TC-7 FAILED because (of) Failed to clear text of element (Root cause: Element 'Object Repository/Transaksi/Stock/Cari Produk - EditText' not found)

2017-11-24 17:58:37 - [TEST_STEP][FAILED] - clearText: Failed to clear text of element (Root cause: Element 'Object Repository/Transaksi/Stock/Cari Produk - EditText' not found)

2017-11-24 17:58:42 - [MESSAGE][FAILED] - Element 'Object Repository/Transaksi/Stock/Cari Produk - EditText' not found

2017-11-24 17:58:42 - [MESSAGE][FAILED] - Failed to clear text of element (Root cause: Element 'Object Repository/Transaksi/Stock/Cari Produk - EditText' not found)]]></system-out>
         <system-err><![CDATA[2017-11-24 17:58:37 - [TEST_CASE][FAILED] - Test Cases/TC-7: Test Cases/TC-7 FAILED because (of) Failed to clear text of element (Root cause: Element 'Object Repository/Transaksi/Stock/Cari Produk - EditText' not found)]]></system-err>
      </testcase>
      <testcase name="Test Cases/TC-8" classname="Test Cases/TC-8" status="FAILED">
         <failure type="FAILED" message="Failed to clear text of element (Root cause: Element 'Object Repository/Transaksi/Stock/Cari Produk - EditText' not found)"/>
         <system-out><![CDATA[2017-11-24 17:58:42 - [TEST_CASE][FAILED] - Test Cases/TC-8: Test Cases/TC-8 FAILED because (of) Failed to clear text of element (Root cause: Element 'Object Repository/Transaksi/Stock/Cari Produk - EditText' not found)

2017-11-24 17:58:42 - [TEST_STEP][FAILED] - clearText: Failed to clear text of element (Root cause: Element 'Object Repository/Transaksi/Stock/Cari Produk - EditText' not found)

2017-11-24 17:58:47 - [MESSAGE][FAILED] - Element 'Object Repository/Transaksi/Stock/Cari Produk - EditText' not found

2017-11-24 17:58:47 - [MESSAGE][FAILED] - Failed to clear text of element (Root cause: Element 'Object Repository/Transaksi/Stock/Cari Produk - EditText' not found)]]></system-out>
         <system-err><![CDATA[2017-11-24 17:58:42 - [TEST_CASE][FAILED] - Test Cases/TC-8: Test Cases/TC-8 FAILED because (of) Failed to clear text of element (Root cause: Element 'Object Repository/Transaksi/Stock/Cari Produk - EditText' not found)]]></system-err>
      </testcase>
      <testcase name="Test Cases/TC-9" classname="Test Cases/TC-9" status="PASSED">
         <system-out><![CDATA[2017-11-24 17:58:47 - [TEST_CASE][PASSED] - Test Cases/TC-9: Test Cases/TC-9

2017-11-24 17:58:47 - [TEST_STEP][PASSED] - tap: Tapped on element 'Object Repository/Transaksi/Stock/Button - Terapkan'

2017-11-24 17:58:48 - [MESSAGE][PASSED] - Tapped on element 'Object Repository/Transaksi/Stock/Button - Terapkan'

2017-11-24 17:58:48 - [TEST_STEP][PASSED] - swipe: Swiped from 126,683 to 126,440

2017-11-24 17:58:52 - [MESSAGE][PASSED] - Swiped from 126,683 to 126,440

2017-11-24 17:58:54 - [TEST_STEP][PASSED] - swipe: Swiped from 126,683 to 126,440

2017-11-24 17:58:59 - [MESSAGE][PASSED] - Swiped from 126,683 to 126,440]]></system-out>
         <system-err><![CDATA[]]></system-err>
      </testcase>
      <testcase name="Test Cases/TC-10" classname="Test Cases/TC-10" status="PASSED">
         <system-out><![CDATA[2017-11-24 17:59:01 - [TEST_CASE][PASSED] - Test Cases/TC-10: Test Cases/TC-10

2017-11-24 17:59:01 - [TEST_STEP][PASSED] - swipe: Swiped from 126,683 to 126,440

2017-11-24 17:59:06 - [MESSAGE][PASSED] - Swiped from 126,683 to 126,440

2017-11-24 17:59:08 - [TEST_STEP][PASSED] - swipe: Swiped from 126,683 to 126,440

2017-11-24 17:59:13 - [MESSAGE][PASSED] - Swiped from 126,683 to 126,440

2017-11-24 17:59:15 - [TEST_STEP][PASSED] - Statement - x = 0: null

2017-11-24 17:59:15 - [TEST_STEP][PASSED] - Statement - y = 589: null

2017-11-24 17:59:15 - [TEST_STEP][PASSED] - Statement - While ((x--) > 0): null

2017-11-24 17:59:15 - [TEST_STEP][PASSED] - Statement - assert y == 589: null]]></system-out>
         <system-err><![CDATA[]]></system-err>
      </testcase>
      <testcase name="Test Cases/TC-11" classname="Test Cases/TC-11" status="PASSED">
         <system-out><![CDATA[2017-11-24 17:59:15 - [TEST_CASE][PASSED] - Test Cases/TC-11: Test Cases/TC-11

2017-11-24 17:59:15 - [TEST_STEP][PASSED] - delay: Delayed 0 second(s)

2017-11-24 17:59:15 - [MESSAGE][PASSED] - Delayed 0 second(s)

2017-11-24 17:59:15 - [TEST_STEP][PASSED] - tap: Tapped on element 'Object Repository/Transaksi/Stock/Tambah Barang'

2017-11-24 17:59:16 - [MESSAGE][PASSED] - Tapped on element 'Object Repository/Transaksi/Stock/Tambah Barang'

2017-11-24 17:59:16 - [TEST_STEP][PASSED] - closeApplication: Close app successfully

2017-11-24 17:59:30 - [MESSAGE][PASSED] - Close app successfully]]></system-out>
         <system-err><![CDATA[]]></system-err>
      </testcase>
      <system-out><![CDATA[2017-11-24 17:55:26 - [TEST_SUITE][FAILED] - BTPNAP-26 Kelola Stok: Test Cases/TC-5 FAILED because (of) Failed to tap on element 'Object Repository/Transaksi/Stock/Semua Kategori - Radio Btn' (Root cause: org.openqa.selenium.NoSuchElementException: An element could not be located on the page using the given search parameters. (WARNING: The server did not provide any stacktrace information)
Command duration or timeout: 982 milliseconds
For documentation on this error, please visit: http://seleniumhq.org/exceptions/no_such_element.html
Build info: version: '2.53.0', revision: '35ae25b', time: '2016-03-15 17:00:58'
System info: host: 'NB17Q7U8IT', ip: '10.5.109.210', os.name: 'Windows 10', os.arch: 'amd64', os.version: '10.0', java.version: '1.8.0_102'
Driver info: com.kms.katalon.core.appium.driver.SwipeableAndroidDriver
Capabilities [{app=D:\Project Apollo\Appolo Test\app-development-debug.apk, appPackage=com.btpn.jeniuspro.dev, networkConnectionEnabled=true, noReset=true, warnings={}, appWaitPackage=com.btpn.jeniuspro.dev, appWaitActivity=com.btpn_mpos_rn.MainActivity, databaseEnabled=false, deviceName=3201281be0f78439, fullReset=false, platform=ANDROID, deviceUDID=3201281be0f78439, appActivity=com.btpn_mpos_rn.MainActivity, desired={app=D:\Project Apollo\Appolo Test\app-development-debug.apk, noReset=true, newCommandTimeout=1800, autoGrantPermissions=true, udid=3201281be0f78439, platformName=Android, deviceName=samsung SM-J120G 5.1.1, fullReset=false, platform=ANDROID}, newCommandTimeout=1800, platformVersion=5.1.1, webStorageEnabled=false, locationContextEnabled=false, takesScreenshot=true, autoGrantPermissions=true, javascriptEnabled=true, udid=3201281be0f78439, platformName=Android}]
Session ID: 60065bcb-4232-49f9-826d-58af5912527d)]]></system-out>
      <system-err><![CDATA[2017-11-24 17:55:26 - [TEST_SUITE][FAILED] - BTPNAP-26 Kelola Stok: Test Cases/TC-5 FAILED because (of) Failed to tap on element 'Object Repository/Transaksi/Stock/Semua Kategori - Radio Btn' (Root cause: org.openqa.selenium.NoSuchElementException: An element could not be located on the page using the given search parameters. (WARNING: The server did not provide any stacktrace information)
Command duration or timeout: 982 milliseconds
For documentation on this error, please visit: http://seleniumhq.org/exceptions/no_such_element.html
Build info: version: '2.53.0', revision: '35ae25b', time: '2016-03-15 17:00:58'
System info: host: 'NB17Q7U8IT', ip: '10.5.109.210', os.name: 'Windows 10', os.arch: 'amd64', os.version: '10.0', java.version: '1.8.0_102'
Driver info: com.kms.katalon.core.appium.driver.SwipeableAndroidDriver
Capabilities [{app=D:\Project Apollo\Appolo Test\app-development-debug.apk, appPackage=com.btpn.jeniuspro.dev, networkConnectionEnabled=true, noReset=true, warnings={}, appWaitPackage=com.btpn.jeniuspro.dev, appWaitActivity=com.btpn_mpos_rn.MainActivity, databaseEnabled=false, deviceName=3201281be0f78439, fullReset=false, platform=ANDROID, deviceUDID=3201281be0f78439, appActivity=com.btpn_mpos_rn.MainActivity, desired={app=D:\Project Apollo\Appolo Test\app-development-debug.apk, noReset=true, newCommandTimeout=1800, autoGrantPermissions=true, udid=3201281be0f78439, platformName=Android, deviceName=samsung SM-J120G 5.1.1, fullReset=false, platform=ANDROID}, newCommandTimeout=1800, platformVersion=5.1.1, webStorageEnabled=false, locationContextEnabled=false, takesScreenshot=true, autoGrantPermissions=true, javascriptEnabled=true, udid=3201281be0f78439, platformName=Android}]
Session ID: 60065bcb-4232-49f9-826d-58af5912527d)]]></system-err>
   </testsuite>
</testsuites>
