<?xml version="1.0" encoding="UTF-8"?>
<testsuites name="Smoked Test" time="397" tests="0" failures="2" errors="0">
   <testsuite name="Smoked Test" tests="0" failures="2" errors="0" time="397" timestamp="2018-09-20 15:42:49" hostname="AV2017005903 - NBMP18A211ITSQA.corp.bankbtpn.co.id" id="Test Suites/Smoked Test">
      <properties>
         <property name="deviceName" value="OPPO A37f (Android 5.1.1)"/>
         <property name="devicePlatform" value=""/>
         <property name="logFolder" value="C:\\Users\\AV2017005903\\Documents\\apollo-automation\\Reports\\Smoked Test\\20180920_154246"/>
         <property name="logFiles" value="C:\\Users\\AV2017005903\\Documents\\apollo-automation\\Reports\\Smoked Test\\20180920_154246\\appium.log, C:\\Users\\AV2017005903\\Documents\\apollo-automation\\Reports\\Smoked Test\\20180920_154246\\execution0.log"/>
         <property name="attachments" value="C:\\Users\\AV2017005903\\Documents\\apollo-automation\\Reports\\Smoked Test\\20180920_154246\\1537433278654.png, C:\\Users\\AV2017005903\\Documents\\apollo-automation\\Reports\\Smoked Test\\20180920_154246\\1537433281889.png"/>
         <property name="hostName" value="AV2017005903 - NBMP18A211ITSQA.corp.bankbtpn.co.id"/>
         <property name="os" value="Windows 10 64bit"/>
         <property name="katalonVersion" value="5.6.0.1"/>
         <property name="deviceOS" value="Android"/>
         <property name="appiumVersion" value="1.8.1"/>
         <property name="deviceModel" value="A37f"/>
         <property name="hostAddress" value="192.168.62.1"/>
         <property name="deviceManufacturer" value="OPPO"/>
         <property name="deviceId" value="6e4df14"/>
         <property name="deviceName" value="OPPO A37f (Android 5.1.1)"/>
         <property name="deviceOSVersion" value="5.1.1"/>
      </properties>
      <testcase name="Test Cases/Smoked Test/Release 2/Product/Product - Tambah Barang" classname="Test Cases/Smoked Test/Release 2/Product/Product - Tambah Barang" status="FAILED">
         <failure type="FAILED" message="Verify element text of test object 'Object Repository/Sidebar Menu/Produk/Tambah Barang/Jumlah Stock - by typing' FAILED. (Root cause: Actual text '30' and expected text '3' of test object 'Object Repository/Sidebar Menu/Produk/Tambah Barang/Jumlah Stock - by typing' are NOT matched.)"/>
         <system-out><![CDATA[2018-09-20 15:42:50 - [TEST_CASE][FAILED] - Test Cases/Smoked Test/Release 2/Product/Product - Tambah Barang: Test Cases/Smoked Test/Release 2/Product/Product - Tambah Barang FAILED because (of) Verify element text of test object 'Object Repository/Sidebar Menu/Produk/Tambah Barang/Jumlah Stock - by typing' FAILED. (Root cause: Actual text '30' and expected text '3' of test object 'Object Repository/Sidebar Menu/Produk/Tambah Barang/Jumlah Stock - by typing' are NOT matched.)

2018-09-20 15:42:51 - [TEST_STEP][PASSED] - comment: WELCOME SCREEN

2018-09-20 15:42:51 - [TEST_STEP][PASSED] - Statement - apkPath = apkName: null

2018-09-20 15:42:51 - [TEST_STEP][PASSED] - startApplication: Started app at: 'C:\Users\AV2017005903\Documents\apollo-automation\18September.apk'

2018-09-20 15:43:39 - [MESSAGE][PASSED] - Started app at: 'C:\Users\AV2017005903\Documents\apollo-automation\18September.apk'

2018-09-20 15:43:39 - [TEST_STEP][PASSED] - delay: Delayed 15 second(s)

2018-09-20 15:43:54 - [MESSAGE][PASSED] - Delayed 15 second(s)

2018-09-20 15:43:54 - [TEST_STEP][PASSED] - Comment - "Look at Comment Description!": null

2018-09-20 15:43:54 - [TEST_STEP][PASSED] - Comment - "If there is a Update TopuUp, click No, Else you can delay for waiting lazyload ": null

2018-09-20 15:43:54 - [TEST_STEP][PASSED] - Statement - driver = com.kms.katalon.core.mobile.keyword.internal.MobileDriverFactory.getDriver(): null

2018-09-20 15:43:54 - [TEST_STEP][PASSED] - Statement - action = new io.appium.java_client.TouchAction(driver): null

2018-09-20 15:43:54 - [TEST_STEP][PASSED] - Statement - action.longPress(550, 300).moveTo(100, 300).release().perform(): null

2018-09-20 15:43:57 - [TEST_STEP][PASSED] - delay: Delayed 8 second(s)

2018-09-20 15:44:05 - [MESSAGE][PASSED] - Delayed 8 second(s)

2018-09-20 15:44:05 - [TEST_STEP][PASSED] - Statement - action.longPress(550, 300).moveTo(100, 300).release().perform(): null

2018-09-20 15:44:08 - [TEST_STEP][PASSED] - delay: Delayed 8 second(s)

2018-09-20 15:44:16 - [MESSAGE][PASSED] - Delayed 8 second(s)

2018-09-20 15:44:16 - [TEST_STEP][PASSED] - Statement - action.longPress(550, 300).moveTo(100, 300).release().perform(): null

2018-09-20 15:44:19 - [TEST_STEP][PASSED] - delay: Delayed 8 second(s)

2018-09-20 15:44:27 - [MESSAGE][PASSED] - Delayed 8 second(s)

2018-09-20 15:44:27 - [TEST_STEP][PASSED] - Statement - action.longPress(550, 300).moveTo(100, 300).release().perform(): null

2018-09-20 15:44:29 - [TEST_STEP][PASSED] - delay: Delayed 8 second(s)

2018-09-20 15:44:37 - [MESSAGE][PASSED] - Delayed 8 second(s)

2018-09-20 15:44:37 - [TEST_STEP][PASSED] - waitForElementPresent: Element 'Object Repository/Splash Screen/Mulai - Button' is present

2018-09-20 15:44:37 - [MESSAGE][WARNING] - Timeout '0' is invalid. Using default page load timeout: '30'

2018-09-20 15:44:40 - [MESSAGE][PASSED] - Element 'Object Repository/Splash Screen/Mulai - Button' is present

2018-09-20 15:44:40 - [TEST_STEP][PASSED] - tap: Tapped on element 'Object Repository/Splash Screen/Mulai - Button'

2018-09-20 15:44:40 - [MESSAGE][WARNING] - Timeout '0' is invalid. Using default page load timeout: '30'

2018-09-20 15:44:46 - [MESSAGE][PASSED] - Tapped on element 'Object Repository/Splash Screen/Mulai - Button'

2018-09-20 15:44:46 - [TEST_STEP][PASSED] - comment: end Welcome Screen

2018-09-20 15:44:46 - [TEST_STEP][PASSED] - comment: LOGIN

2018-09-20 15:44:46 - [TEST_STEP][PASSED] - waitForElementPresent: Element 'Object Repository/Login/Nomor HP  Nama Pengguna - Text Box' is present

2018-09-20 15:44:50 - [MESSAGE][PASSED] - Element 'Object Repository/Login/Nomor HP  Nama Pengguna - Text Box' is present

2018-09-20 15:44:50 - [TEST_STEP][PASSED] - verifyElementAttributeValue: Object 'Object Repository/Login/Nomor HP  Nama Pengguna - Text Box' has attribute 'content-desc' with value 'LoginNameTextInput'

2018-09-20 15:44:54 - [MESSAGE][PASSED] - Object 'Object Repository/Login/Nomor HP  Nama Pengguna - Text Box' has attribute 'content-desc' with value 'LoginNameTextInput'

2018-09-20 15:44:54 - [TEST_STEP][PASSED] - setText: Text '08112233445567' has been set to element 'Object Repository/Login/Nomor HP  Nama Pengguna - Text Box'

2018-09-20 15:45:14 - [MESSAGE][PASSED] - Text '08112233445567' has been set to element 'Object Repository/Login/Nomor HP  Nama Pengguna - Text Box'

2018-09-20 15:45:14 - [TEST_STEP][PASSED] - hideKeyboard: Keyboard is hidden

2018-09-20 15:45:16 - [MESSAGE][PASSED] - Keyboard is hidden

2018-09-20 15:45:16 - [TEST_STEP][PASSED] - verifyElementText: Actual text and expected text of test object 'Object Repository/Login/Nomor HP  Nama Pengguna - Text Box' are matched.

2018-09-20 15:45:20 - [MESSAGE][PASSED] - Actual text and expected text of test object 'Object Repository/Login/Nomor HP  Nama Pengguna - Text Box' are matched.

2018-09-20 15:45:20 - [TEST_STEP][PASSED] - waitForElementPresent: Element 'Object Repository/Login/Button Masuk' is present

2018-09-20 15:45:24 - [MESSAGE][PASSED] - Element 'Object Repository/Login/Button Masuk' is present

2018-09-20 15:45:24 - [TEST_STEP][PASSED] - verifyElementAttributeValue: Object 'Object Repository/Login/Button Masuk' has attribute 'content-desc' with value 'LoginJumpNextBtn'

2018-09-20 15:45:31 - [MESSAGE][PASSED] - Object 'Object Repository/Login/Button Masuk' has attribute 'content-desc' with value 'LoginJumpNextBtn'

2018-09-20 15:45:31 - [TEST_STEP][PASSED] - tap: Tapped on element 'Object Repository/Login/Button Masuk'

2018-09-20 15:45:37 - [MESSAGE][PASSED] - Tapped on element 'Object Repository/Login/Button Masuk'

2018-09-20 15:45:37 - [TEST_STEP][PASSED] - waitForElementPresent: Element 'Object Repository/Login/Input Pin' is present

2018-09-20 15:45:42 - [MESSAGE][PASSED] - Element 'Object Repository/Login/Input Pin' is present

2018-09-20 15:45:42 - [TEST_STEP][PASSED] - verifyElementAttributeValue: Object 'Object Repository/Login/Input Pin' has attribute 'content-desc' with value 'pinCircleFocus'

2018-09-20 15:45:50 - [MESSAGE][PASSED] - Object 'Object Repository/Login/Input Pin' has attribute 'content-desc' with value 'pinCircleFocus'

2018-09-20 15:45:50 - [TEST_STEP][PASSED] - tap: Tapped on element 'Object Repository/Login/Input Pin'

2018-09-20 15:45:57 - [MESSAGE][PASSED] - Tapped on element 'Object Repository/Login/Input Pin'

2018-09-20 15:45:57 - [TEST_STEP][PASSED] - setText: Text '123456' has been set to element 'Object Repository/Login/Input Pin'

2018-09-20 15:46:16 - [MESSAGE][PASSED] - Text '123456' has been set to element 'Object Repository/Login/Input Pin'

2018-09-20 15:46:16 - [TEST_STEP][PASSED] - delay: Delayed 5 second(s)

2018-09-20 15:46:21 - [MESSAGE][PASSED] - Delayed 5 second(s)

2018-09-20 15:46:21 - [TEST_STEP][PASSED] - comment: End Login Test Case

2018-09-20 15:46:21 - [TEST_STEP][PASSED] - comment: PRODUCT

2018-09-20 15:46:21 - [TEST_STEP][PASSED] - waitForElementPresent: Element 'Object Repository/Sidebar Menu/HamburgerButton' is present

2018-09-20 15:46:24 - [MESSAGE][PASSED] - Element 'Object Repository/Sidebar Menu/HamburgerButton' is present

2018-09-20 15:46:24 - [TEST_STEP][PASSED] - verifyElementAttributeValue: Object 'Object Repository/Sidebar Menu/HamburgerButton' has attribute 'content-desc' with value 'headerBar_button_hamburgerMenu'

2018-09-20 15:46:28 - [MESSAGE][PASSED] - Object 'Object Repository/Sidebar Menu/HamburgerButton' has attribute 'content-desc' with value 'headerBar_button_hamburgerMenu'

2018-09-20 15:46:28 - [TEST_STEP][PASSED] - tap: Tapped on element 'Object Repository/Sidebar Menu/HamburgerButton'

2018-09-20 15:46:34 - [MESSAGE][PASSED] - Tapped on element 'Object Repository/Sidebar Menu/HamburgerButton'

2018-09-20 15:46:34 - [TEST_STEP][PASSED] - waitForElementPresent: Element 'Object Repository/Sidebar Menu/Produk/Produk' is present

2018-09-20 15:46:40 - [MESSAGE][PASSED] - Element 'Object Repository/Sidebar Menu/Produk/Produk' is present

2018-09-20 15:46:40 - [TEST_STEP][PASSED] - verifyElementAttributeValue: Object 'Object Repository/Sidebar Menu/Produk/Produk' has attribute 'content-desc' with value 'produkMenuItem'

2018-09-20 15:46:49 - [MESSAGE][PASSED] - Object 'Object Repository/Sidebar Menu/Produk/Produk' has attribute 'content-desc' with value 'produkMenuItem'

2018-09-20 15:46:49 - [TEST_STEP][PASSED] - tap: Tapped on element 'Object Repository/Sidebar Menu/Produk/Produk'

2018-09-20 15:46:56 - [MESSAGE][PASSED] - Tapped on element 'Object Repository/Sidebar Menu/Produk/Produk'

2018-09-20 15:46:56 - [TEST_STEP][PASSED] - verifyElementVisible: Element 'Object Repository/Sidebar Menu/Produk/Text Header -  Produk' is visible

2018-09-20 15:47:02 - [MESSAGE][PASSED] - Element 'Object Repository/Sidebar Menu/Produk/Text Header -  Produk' is visible

2018-09-20 15:47:02 - [TEST_STEP][PASSED] - delay: Delayed 5 second(s)

2018-09-20 15:47:07 - [MESSAGE][PASSED] - Delayed 5 second(s)

2018-09-20 15:47:07 - [TEST_STEP][PASSED] - comment: End Product

2018-09-20 15:47:07 - [TEST_STEP][PASSED] - comment: TAMBAH PRODUCT

2018-09-20 15:47:07 - [TEST_STEP][PASSED] - waitForElementPresent: Element 'Object Repository/Sidebar Menu/Produk/Tambah Barang/Tambah Barang Button' is present

2018-09-20 15:47:09 - [MESSAGE][PASSED] - Element 'Object Repository/Sidebar Menu/Produk/Tambah Barang/Tambah Barang Button' is present

2018-09-20 15:47:09 - [TEST_STEP][PASSED] - verifyElementAttributeValue: Object 'Object Repository/Sidebar Menu/Produk/Tambah Barang/Tambah Barang Button' has attribute 'content-desc' with value 'productListComponent_button_addProduct'

2018-09-20 15:47:13 - [MESSAGE][PASSED] - Object 'Object Repository/Sidebar Menu/Produk/Tambah Barang/Tambah Barang Button' has attribute 'content-desc' with value 'productListComponent_button_addProduct'

2018-09-20 15:47:13 - [TEST_STEP][PASSED] - tap: Tapped on element 'Object Repository/Sidebar Menu/Produk/Tambah Barang/Tambah Barang Button'

2018-09-20 15:47:18 - [MESSAGE][PASSED] - Tapped on element 'Object Repository/Sidebar Menu/Produk/Tambah Barang/Tambah Barang Button'

2018-09-20 15:47:18 - [TEST_STEP][PASSED] - comment: Input Jumlah Stock

2018-09-20 15:47:18 - [TEST_STEP][PASSED] - waitForElementPresent: Element 'Object Repository/Sidebar Menu/Produk/Tambah Barang/Jumlah Stock - by typing' is present

2018-09-20 15:47:23 - [MESSAGE][PASSED] - Element 'Object Repository/Sidebar Menu/Produk/Tambah Barang/Jumlah Stock - by typing' is present

2018-09-20 15:47:23 - [TEST_STEP][PASSED] - verifyElementAttributeValue: Object 'Object Repository/Sidebar Menu/Produk/Tambah Barang/Jumlah Stock - by typing' has attribute 'content-desc' with value 'input_anumberpicker'

2018-09-20 15:47:27 - [MESSAGE][PASSED] - Object 'Object Repository/Sidebar Menu/Produk/Tambah Barang/Jumlah Stock - by typing' has attribute 'content-desc' with value 'input_anumberpicker'

2018-09-20 15:47:27 - [TEST_STEP][PASSED] - clearText: Element 'Object Repository/Sidebar Menu/Produk/Tambah Barang/Jumlah Stock - by typing' text is cleared

2018-09-20 15:47:34 - [MESSAGE][PASSED] - Element 'Object Repository/Sidebar Menu/Produk/Tambah Barang/Jumlah Stock - by typing' text is cleared

2018-09-20 15:47:34 - [TEST_STEP][PASSED] - sendKeys: Send keys '3' on test object 'Object Repository/Sidebar Menu/Produk/Tambah Barang/Jumlah Stock - by typing' successfully.

2018-09-20 15:47:53 - [MESSAGE][PASSED] - Send keys '3' on test object 'Object Repository/Sidebar Menu/Produk/Tambah Barang/Jumlah Stock - by typing' successfully.

2018-09-20 15:47:53 - [TEST_STEP][PASSED] - hideKeyboard: Keyboard is hidden

2018-09-20 15:47:54 - [MESSAGE][PASSED] - Keyboard is hidden

2018-09-20 15:47:54 - [TEST_STEP][FAILED] - verifyElementText: Verify element text of test object 'Object Repository/Sidebar Menu/Produk/Tambah Barang/Jumlah Stock - by typing' FAILED. (Root cause: Actual text '30' and expected text '3' of test object 'Object Repository/Sidebar Menu/Produk/Tambah Barang/Jumlah Stock - by typing' are NOT matched.)

2018-09-20 15:48:01 - [MESSAGE][FAILED] - Actual text '30' and expected text '3' of test object 'Object Repository/Sidebar Menu/Produk/Tambah Barang/Jumlah Stock - by typing' are NOT matched.
[[ATTACHMENT|C:\\Users\\AV2017005903\\Documents\\apollo-automation\\Reports\\Smoked Test\\20180920_154246\\1537433278654.png]]

2018-09-20 15:48:04 - [MESSAGE][FAILED] - Verify element text of test object 'Object Repository/Sidebar Menu/Produk/Tambah Barang/Jumlah Stock - by typing' FAILED. (Root cause: Actual text '30' and expected text '3' of test object 'Object Repository/Sidebar Menu/Produk/Tambah Barang/Jumlah Stock - by typing' are NOT matched.)
[[ATTACHMENT|C:\\Users\\AV2017005903\\Documents\\apollo-automation\\Reports\\Smoked Test\\20180920_154246\\1537433281889.png]]]]></system-out>
         <system-err><![CDATA[2018-09-20 15:42:50 - [TEST_CASE][FAILED] - Test Cases/Smoked Test/Release 2/Product/Product - Tambah Barang: Test Cases/Smoked Test/Release 2/Product/Product - Tambah Barang FAILED because (of) Verify element text of test object 'Object Repository/Sidebar Menu/Produk/Tambah Barang/Jumlah Stock - by typing' FAILED. (Root cause: Actual text '30' and expected text '3' of test object 'Object Repository/Sidebar Menu/Produk/Tambah Barang/Jumlah Stock - by typing' are NOT matched.)]]></system-err>
      </testcase>
      <testcase name="Test Cases/Smoked Test/Release 2/Mesin Kasir/Mesin Kasir User Journey" classname="Test Cases/Smoked Test/Release 2/Mesin Kasir/Mesin Kasir User Journey" status="FAILED">
         <failure type="FAILED" message="Unable to start app at: '18September.apk' (Root cause: org.openqa.selenium.WebDriverException: An unknown server-side error occurred while processing the command. Original error: Cannot start the 'com.btpn.appbisnis.sit' application. Original error: 'com.*' or 'com.btpn.appbisnis.sit.com.*' never started (WARNING: The server did not provide any stacktrace information)
Command duration or timeout: 75.43 seconds
Build info: version: '3.7.1', revision: '8a0099a', time: '2017-11-06T21:07:36.161Z'
System info: host: 'NBMP18A211ITSQA', ip: '192.168.62.1', os.name: 'Windows 10', os.arch: 'amd64', os.version: '10.0', java.version: '1.8.0_181'
Driver info: driver.version: SwipeableAndroidDriver)"/>
         <system-out><![CDATA[2018-09-20 15:48:06 - [TEST_CASE][FAILED] - Test Cases/Smoked Test/Release 2/Mesin Kasir/Mesin Kasir User Journey: Test Cases/Smoked Test/Release 2/Mesin Kasir/Mesin Kasir User Journey FAILED because (of) Unable to start app at: '18September.apk' (Root cause: org.openqa.selenium.WebDriverException: An unknown server-side error occurred while processing the command. Original error: Cannot start the 'com.btpn.appbisnis.sit' application. Original error: 'com.*' or 'com.btpn.appbisnis.sit.com.*' never started (WARNING: The server did not provide any stacktrace information)
Command duration or timeout: 75.43 seconds
Build info: version: '3.7.1', revision: '8a0099a', time: '2017-11-06T21:07:36.161Z'
System info: host: 'NBMP18A211ITSQA', ip: '192.168.62.1', os.name: 'Windows 10', os.arch: 'amd64', os.version: '10.0', java.version: '1.8.0_181'
Driver info: driver.version: SwipeableAndroidDriver)

2018-09-20 15:48:07 - [TEST_STEP][PASSED] - comment: WELCOME SCREEN

2018-09-20 15:48:07 - [TEST_STEP][PASSED] - Statement - apkPath = apkName: null

2018-09-20 15:48:07 - [TEST_STEP][FAILED] - startApplication: Unable to start app at: '18September.apk' (Root cause: org.openqa.selenium.WebDriverException: An unknown server-side error occurred while processing the command. Original error: Cannot start the 'com.btpn.appbisnis.sit' application. Original error: 'com.*' or 'com.btpn.appbisnis.sit.com.*' never started (WARNING: The server did not provide any stacktrace information)
Command duration or timeout: 75.43 seconds
Build info: version: '3.7.1', revision: '8a0099a', time: '2017-11-06T21:07:36.161Z'
System info: host: 'NBMP18A211ITSQA', ip: '192.168.62.1', os.name: 'Windows 10', os.arch: 'amd64', os.version: '10.0', java.version: '1.8.0_181'
Driver info: driver.version: SwipeableAndroidDriver)

2018-09-20 15:49:22 - [MESSAGE][FAILED] - Unable to start app at: '18September.apk' (Root cause: org.openqa.selenium.WebDriverException: An unknown server-side error occurred while processing the command. Original error: Cannot start the 'com.btpn.appbisnis.sit' application. Original error: 'com.*' or 'com.btpn.appbisnis.sit.com.*' never started (WARNING: The server did not provide any stacktrace information)
Command duration or timeout: 75.43 seconds
Build info: version: '3.7.1', revision: '8a0099a', time: '2017-11-06T21:07:36.161Z'
System info: host: 'NBMP18A211ITSQA', ip: '192.168.62.1', os.name: 'Windows 10', os.arch: 'amd64', os.version: '10.0', java.version: '1.8.0_181'
Driver info: driver.version: SwipeableAndroidDriver)]]></system-out>
         <system-err><![CDATA[2018-09-20 15:48:06 - [TEST_CASE][FAILED] - Test Cases/Smoked Test/Release 2/Mesin Kasir/Mesin Kasir User Journey: Test Cases/Smoked Test/Release 2/Mesin Kasir/Mesin Kasir User Journey FAILED because (of) Unable to start app at: '18September.apk' (Root cause: org.openqa.selenium.WebDriverException: An unknown server-side error occurred while processing the command. Original error: Cannot start the 'com.btpn.appbisnis.sit' application. Original error: 'com.*' or 'com.btpn.appbisnis.sit.com.*' never started (WARNING: The server did not provide any stacktrace information)
Command duration or timeout: 75.43 seconds
Build info: version: '3.7.1', revision: '8a0099a', time: '2017-11-06T21:07:36.161Z'
System info: host: 'NBMP18A211ITSQA', ip: '192.168.62.1', os.name: 'Windows 10', os.arch: 'amd64', os.version: '10.0', java.version: '1.8.0_181'
Driver info: driver.version: SwipeableAndroidDriver)]]></system-err>
      </testcase>
      <system-out><![CDATA[2018-09-20 15:42:49 - [TEST_SUITE][FAILED] - Smoked Test: Test Cases/Smoked Test/Release 2/Product/Product - Tambah Barang FAILED because (of) Verify element text of test object 'Object Repository/Sidebar Menu/Produk/Tambah Barang/Jumlah Stock - by typing' FAILED. (Root cause: Actual text '30' and expected text '3' of test object 'Object Repository/Sidebar Menu/Produk/Tambah Barang/Jumlah Stock - by typing' are NOT matched.)]]></system-out>
      <system-err><![CDATA[2018-09-20 15:42:49 - [TEST_SUITE][FAILED] - Smoked Test: Test Cases/Smoked Test/Release 2/Product/Product - Tambah Barang FAILED because (of) Verify element text of test object 'Object Repository/Sidebar Menu/Produk/Tambah Barang/Jumlah Stock - by typing' FAILED. (Root cause: Actual text '30' and expected text '3' of test object 'Object Repository/Sidebar Menu/Produk/Tambah Barang/Jumlah Stock - by typing' are NOT matched.)]]></system-err>
   </testsuite>
</testsuites>
