<?xml version="1.0" encoding="UTF-8"?>
<testsuites name="Story 38" time="152" tests="5" failures="2" errors="0">
   <testsuite name="Story 38" tests="5" failures="2" errors="0" time="152" timestamp="2018-03-15 10:24:06" hostname="AV2017005903 - NBMP18A211ITSQA.corp.bankbtpn.co.id" id="Test Suites/Story 38">
      <properties>
         <property name="deviceName" value="asus ASUS_X014D 5.1.1"/>
         <property name="devicePlatform" value=""/>
         <property name="logFolder" value="C:\\Users\\AV2017005903\\Documents\\apollo-automation\\Reports\\Story 38\\20180315_102404"/>
         <property name="logFiles" value="C:\\Users\\AV2017005903\\Documents\\apollo-automation\\Reports\\Story 38\\20180315_102404\\appium.log, C:\\Users\\AV2017005903\\Documents\\apollo-automation\\Reports\\Story 38\\20180315_102404\\execution0.log"/>
         <property name="attachments" value=""/>
         <property name="hostName" value="AV2017005903 - NBMP18A211ITSQA.corp.bankbtpn.co.id"/>
         <property name="os" value="Windows 10 64bit"/>
         <property name="katalonVersion" value="5.0.0.1"/>
         <property name="deviceOS" value="Android"/>
         <property name="appiumVersion" value="1.6.5"/>
         <property name="deviceModel" value="ASUS_X014D"/>
         <property name="hostAddress" value="192.168.17.167"/>
         <property name="deviceManufacturer" value="asus"/>
         <property name="deviceId" value="GBAXGV411465ERX"/>
         <property name="deviceName" value="asus ASUS_X014D 5.1.1"/>
         <property name="deviceOSVersion" value="5.1.1"/>
      </properties>
      <testcase name="Test Cases/Story 38 - Manage Category/TC 1" classname="Test Cases/Story 38 - Manage Category/TC 1" status="FAILED">
         <failure type="FAILED" message="Failed to tap on element 'Object Repository/Sidebar Menu/Operasional/Stock/Tambah Barang/Pilih Kategori - SelectButton' (Root cause: org.openqa.selenium.NoSuchElementException: An element could not be located on the page using the given search parameters. (WARNING: The server did not provide any stacktrace information)
Command duration or timeout: 1.34 seconds
For documentation on this error, please visit: http://seleniumhq.org/exceptions/no_such_element.html
Build info: version: '2.53.0', revision: '35ae25b', time: '2016-03-15 17:00:58'
System info: host: 'NBMP18A211ITSQA', ip: '192.168.17.167', os.name: 'Windows 10', os.arch: 'amd64', os.version: '10.0', java.version: '1.8.0_102'
Driver info: com.kms.katalon.core.appium.driver.SwipeableAndroidDriver
Capabilities [{appPackage=com.btpn.appbisnis.sit, noReset=true, deviceId=, deviceName=GBAXGV411465ERX, fullReset=false, platform=ANDROID, deviceUDID=GBAXGV411465ERX, desired={app=C:\Users\AV2017005903\Documents\apollo-automation\13 Maret 17.23.apk, noReset=true, newCommandTimeout=1800, appWaitActivity=com.*, autoGrantPermissions=true, udid=GBAXGV411465ERX, platformName=Android, deviceId=, deviceName=asus ASUS_X014D 5.1.1, fullReset=false, platform=ANDROID}, newCommandTimeout=1800, platformVersion=5.1.1, webStorageEnabled=false, takesScreenshot=true, javascriptEnabled=true, udid=GBAXGV411465ERX, platformName=Android, deviceManufacturer=asus, app=C:\Users\AV2017005903\Documents\apollo-automation\13 Maret 17.23.apk, deviceScreenSize=480x854, networkConnectionEnabled=true, warnings={}, appWaitActivity=com.*, appWaitPackage=com.btpn.appbisnis.sit, databaseEnabled=false, appActivity=com.btpn_mpos_rn.MainActivity, locationContextEnabled=false, autoGrantPermissions=true, deviceModel=ASUS_X014D}]
Session ID: 4485d00a-a280-4671-aff7-1140fb5c66ad)"/>
         <system-out><![CDATA[2018-03-15 10:24:06 - [TEST_CASE][FAILED] - Test Cases/Story 38 - Manage Category/TC 1: Test Cases/Story 38 - Manage Category/TC 1 FAILED because (of) Failed to tap on element 'Object Repository/Sidebar Menu/Operasional/Stock/Tambah Barang/Pilih Kategori - SelectButton' (Root cause: org.openqa.selenium.NoSuchElementException: An element could not be located on the page using the given search parameters. (WARNING: The server did not provide any stacktrace information)
Command duration or timeout: 1.34 seconds
For documentation on this error, please visit: http://seleniumhq.org/exceptions/no_such_element.html
Build info: version: '2.53.0', revision: '35ae25b', time: '2016-03-15 17:00:58'
System info: host: 'NBMP18A211ITSQA', ip: '192.168.17.167', os.name: 'Windows 10', os.arch: 'amd64', os.version: '10.0', java.version: '1.8.0_102'
Driver info: com.kms.katalon.core.appium.driver.SwipeableAndroidDriver
Capabilities [{appPackage=com.btpn.appbisnis.sit, noReset=true, deviceId=, deviceName=GBAXGV411465ERX, fullReset=false, platform=ANDROID, deviceUDID=GBAXGV411465ERX, desired={app=C:\Users\AV2017005903\Documents\apollo-automation\13 Maret 17.23.apk, noReset=true, newCommandTimeout=1800, appWaitActivity=com.*, autoGrantPermissions=true, udid=GBAXGV411465ERX, platformName=Android, deviceId=, deviceName=asus ASUS_X014D 5.1.1, fullReset=false, platform=ANDROID}, newCommandTimeout=1800, platformVersion=5.1.1, webStorageEnabled=false, takesScreenshot=true, javascriptEnabled=true, udid=GBAXGV411465ERX, platformName=Android, deviceManufacturer=asus, app=C:\Users\AV2017005903\Documents\apollo-automation\13 Maret 17.23.apk, deviceScreenSize=480x854, networkConnectionEnabled=true, warnings={}, appWaitActivity=com.*, appWaitPackage=com.btpn.appbisnis.sit, databaseEnabled=false, appActivity=com.btpn_mpos_rn.MainActivity, locationContextEnabled=false, autoGrantPermissions=true, deviceModel=ASUS_X014D}]
Session ID: 4485d00a-a280-4671-aff7-1140fb5c66ad)

2018-03-15 10:24:07 - [TEST_STEP][PASSED] - comment: Start Story 38

2018-03-15 10:24:07 - [TEST_STEP][PASSED] - Statement - apkPath = com.kms.katalon.core.util.internal.PathUtil.relativeToAbsolutePath(apkName, com.kms.katalon.core.configuration.RunConfiguration.getProjectDir()): null

2018-03-15 10:24:07 - [TEST_STEP][PASSED] - startApplication: Started app at: 'C:\Users\AV2017005903\Documents\apollo-automation\13 Maret 17.23.apk'

2018-03-15 10:24:22 - [MESSAGE][PASSED] - Started app at: 'C:\Users\AV2017005903\Documents\apollo-automation\13 Maret 17.23.apk'

2018-03-15 10:24:22 - [TEST_STEP][PASSED] - tap: Tapped on element 'Object Repository/Login/Daftar Sekarang - Belum Punya Akun'

2018-03-15 10:24:30 - [MESSAGE][PASSED] - Tapped on element 'Object Repository/Login/Daftar Sekarang - Belum Punya Akun'

2018-03-15 10:24:30 - [TEST_STEP][PASSED] - waitForElementPresent: Element 'Object Repository/Sidebar Menu/HamburgerButton' is present

2018-03-15 10:24:33 - [MESSAGE][PASSED] - Element 'Object Repository/Sidebar Menu/HamburgerButton' is present

2018-03-15 10:24:33 - [TEST_STEP][PASSED] - tap: Tapped on element 'Object Repository/Sidebar Menu/HamburgerButton'

2018-03-15 10:24:34 - [MESSAGE][PASSED] - Tapped on element 'Object Repository/Sidebar Menu/HamburgerButton'

2018-03-15 10:24:34 - [TEST_STEP][PASSED] - tap: Tapped on element 'Object Repository/Sidebar Menu/Operasional/Operasional - Sidebar Menu'

2018-03-15 10:24:36 - [MESSAGE][PASSED] - Tapped on element 'Object Repository/Sidebar Menu/Operasional/Operasional - Sidebar Menu'

2018-03-15 10:24:36 - [TEST_STEP][PASSED] - tap: Tapped on element 'Object Repository/Sidebar Menu/Operasional/Stock/Stock View/Stok - Navbar Menu'

2018-03-15 10:24:39 - [MESSAGE][PASSED] - Tapped on element 'Object Repository/Sidebar Menu/Operasional/Stock/Stock View/Stok - Navbar Menu'

2018-03-15 10:24:39 - [TEST_STEP][PASSED] - waitForElementPresent: Element 'Object Repository/Sidebar Menu/Operasional/Stock/Stock View/Cari Produk - Parent' is present

2018-03-15 10:24:42 - [MESSAGE][PASSED] - Element 'Object Repository/Sidebar Menu/Operasional/Stock/Stock View/Cari Produk - Parent' is present

2018-03-15 10:24:42 - [TEST_STEP][PASSED] - comment: Search Product

2018-03-15 10:24:42 - [TEST_STEP][PASSED] - tap: Tapped on element 'Object Repository/Sidebar Menu/Operasional/Stock/Stock View/Cari Produk - Parent'

2018-03-15 10:24:43 - [MESSAGE][PASSED] - Tapped on element 'Object Repository/Sidebar Menu/Operasional/Stock/Stock View/Cari Produk - Parent'

2018-03-15 10:24:43 - [TEST_STEP][PASSED] - setText: Text 'Nestle Air Murni' has been set to element 'Object Repository/Sidebar Menu/Operasional/Stock/Stock View/Cari Produk - Parent'

2018-03-15 10:24:55 - [MESSAGE][PASSED] - Text 'Nestle Air Murni' has been set to element 'Object Repository/Sidebar Menu/Operasional/Stock/Stock View/Cari Produk - Parent'

2018-03-15 10:24:55 - [TEST_STEP][PASSED] - verifyElementNotChecked: Element 'Object Repository/Sidebar Menu/Operasional/Stock/Stock View/Cari Produk - Parent' is not checked

2018-03-15 10:24:56 - [MESSAGE][PASSED] - Element 'Object Repository/Sidebar Menu/Operasional/Stock/Stock View/Cari Produk - Parent' is not checked

2018-03-15 10:24:56 - [TEST_STEP][PASSED] - getText: Text of element 'Object Repository/Sidebar Menu/Operasional/Stock/Stock View/Cari Produk - Parent' is: 'Nestle Air Murni'

2018-03-15 10:24:56 - [MESSAGE][PASSED] - Text of element 'Object Repository/Sidebar Menu/Operasional/Stock/Stock View/Cari Produk - Parent' is: 'Nestle Air Murni'

2018-03-15 10:24:56 - [TEST_STEP][PASSED] - waitForElementPresent: Element 'Object Repository/Sidebar Menu/Operasional/Stock/Detail Barang/List Produk Search - Elemen 1' is present

2018-03-15 10:24:56 - [MESSAGE][PASSED] - Element 'Object Repository/Sidebar Menu/Operasional/Stock/Detail Barang/List Produk Search - Elemen 1' is present

2018-03-15 10:24:56 - [TEST_STEP][PASSED] - tap: Tapped on element 'Object Repository/Sidebar Menu/Operasional/Stock/Detail Barang/List Produk Search - Elemen 1'

2018-03-15 10:24:58 - [MESSAGE][PASSED] - Tapped on element 'Object Repository/Sidebar Menu/Operasional/Stock/Detail Barang/List Produk Search - Elemen 1'

2018-03-15 10:24:58 - [TEST_STEP][PASSED] - delay: Delayed 5 second(s)

2018-03-15 10:25:03 - [MESSAGE][PASSED] - Delayed 5 second(s)

2018-03-15 10:25:03 - [TEST_STEP][PASSED] - comment: Swipe ke Bawah

2018-03-15 10:25:03 - [TEST_STEP][PASSED] - swipe: Swiped from 24,788 to 24,452

2018-03-15 10:25:04 - [MESSAGE][PASSED] - Swiped from 24,788 to 24,452

2018-03-15 10:25:04 - [TEST_STEP][PASSED] - waitForElementPresent: Element 'Object Repository/Sidebar Menu/Operasional/Stock/Detail Barang/Ubah Info - Button' is present

2018-03-15 10:25:05 - [MESSAGE][PASSED] - Element 'Object Repository/Sidebar Menu/Operasional/Stock/Detail Barang/Ubah Info - Button' is present

2018-03-15 10:25:05 - [TEST_STEP][PASSED] - tap: Tapped on element 'Object Repository/Sidebar Menu/Operasional/Stock/Detail Barang/Ubah Info - Button'

2018-03-15 10:25:05 - [MESSAGE][PASSED] - Tapped on element 'Object Repository/Sidebar Menu/Operasional/Stock/Detail Barang/Ubah Info - Button'

2018-03-15 10:25:05 - [TEST_STEP][PASSED] - waitForElementPresent: Element 'Object Repository/Sidebar Menu/Operasional/Stock/Tambah Barang/Pilih Kategori - SelectButton' is present

2018-03-15 10:25:07 - [MESSAGE][PASSED] - Element 'Object Repository/Sidebar Menu/Operasional/Stock/Tambah Barang/Pilih Kategori - SelectButton' is present

2018-03-15 10:25:07 - [TEST_STEP][PASSED] - tap: Tapped on element 'Object Repository/Sidebar Menu/Operasional/Stock/Tambah Barang/Pilih Kategori - SelectButton'

2018-03-15 10:25:08 - [MESSAGE][PASSED] - Tapped on element 'Object Repository/Sidebar Menu/Operasional/Stock/Tambah Barang/Pilih Kategori - SelectButton'

2018-03-15 10:25:08 - [TEST_STEP][FAILED] - tap: Failed to tap on element 'Object Repository/Sidebar Menu/Operasional/Stock/Tambah Barang/Pilih Kategori - SelectButton' (Root cause: org.openqa.selenium.NoSuchElementException: An element could not be located on the page using the given search parameters. (WARNING: The server did not provide any stacktrace information)
Command duration or timeout: 1.34 seconds
For documentation on this error, please visit: http://seleniumhq.org/exceptions/no_such_element.html
Build info: version: '2.53.0', revision: '35ae25b', time: '2016-03-15 17:00:58'
System info: host: 'NBMP18A211ITSQA', ip: '192.168.17.167', os.name: 'Windows 10', os.arch: 'amd64', os.version: '10.0', java.version: '1.8.0_102'
Driver info: com.kms.katalon.core.appium.driver.SwipeableAndroidDriver
Capabilities [{appPackage=com.btpn.appbisnis.sit, noReset=true, deviceId=, deviceName=GBAXGV411465ERX, fullReset=false, platform=ANDROID, deviceUDID=GBAXGV411465ERX, desired={app=C:\Users\AV2017005903\Documents\apollo-automation\13 Maret 17.23.apk, noReset=true, newCommandTimeout=1800, appWaitActivity=com.*, autoGrantPermissions=true, udid=GBAXGV411465ERX, platformName=Android, deviceId=, deviceName=asus ASUS_X014D 5.1.1, fullReset=false, platform=ANDROID}, newCommandTimeout=1800, platformVersion=5.1.1, webStorageEnabled=false, takesScreenshot=true, javascriptEnabled=true, udid=GBAXGV411465ERX, platformName=Android, deviceManufacturer=asus, app=C:\Users\AV2017005903\Documents\apollo-automation\13 Maret 17.23.apk, deviceScreenSize=480x854, networkConnectionEnabled=true, warnings={}, appWaitActivity=com.*, appWaitPackage=com.btpn.appbisnis.sit, databaseEnabled=false, appActivity=com.btpn_mpos_rn.MainActivity, locationContextEnabled=false, autoGrantPermissions=true, deviceModel=ASUS_X014D}]
Session ID: 4485d00a-a280-4671-aff7-1140fb5c66ad)

2018-03-15 10:25:10 - [MESSAGE][FAILED] - Failed to tap on element 'Object Repository/Sidebar Menu/Operasional/Stock/Tambah Barang/Pilih Kategori - SelectButton' (Root cause: org.openqa.selenium.NoSuchElementException: An element could not be located on the page using the given search parameters. (WARNING: The server did not provide any stacktrace information)
Command duration or timeout: 1.34 seconds
For documentation on this error, please visit: http://seleniumhq.org/exceptions/no_such_element.html
Build info: version: '2.53.0', revision: '35ae25b', time: '2016-03-15 17:00:58'
System info: host: 'NBMP18A211ITSQA', ip: '192.168.17.167', os.name: 'Windows 10', os.arch: 'amd64', os.version: '10.0', java.version: '1.8.0_102'
Driver info: com.kms.katalon.core.appium.driver.SwipeableAndroidDriver
Capabilities [{appPackage=com.btpn.appbisnis.sit, noReset=true, deviceId=, deviceName=GBAXGV411465ERX, fullReset=false, platform=ANDROID, deviceUDID=GBAXGV411465ERX, desired={app=C:\Users\AV2017005903\Documents\apollo-automation\13 Maret 17.23.apk, noReset=true, newCommandTimeout=1800, appWaitActivity=com.*, autoGrantPermissions=true, udid=GBAXGV411465ERX, platformName=Android, deviceId=, deviceName=asus ASUS_X014D 5.1.1, fullReset=false, platform=ANDROID}, newCommandTimeout=1800, platformVersion=5.1.1, webStorageEnabled=false, takesScreenshot=true, javascriptEnabled=true, udid=GBAXGV411465ERX, platformName=Android, deviceManufacturer=asus, app=C:\Users\AV2017005903\Documents\apollo-automation\13 Maret 17.23.apk, deviceScreenSize=480x854, networkConnectionEnabled=true, warnings={}, appWaitActivity=com.*, appWaitPackage=com.btpn.appbisnis.sit, databaseEnabled=false, appActivity=com.btpn_mpos_rn.MainActivity, locationContextEnabled=false, autoGrantPermissions=true, deviceModel=ASUS_X014D}]
Session ID: 4485d00a-a280-4671-aff7-1140fb5c66ad)]]></system-out>
         <system-err><![CDATA[2018-03-15 10:24:06 - [TEST_CASE][FAILED] - Test Cases/Story 38 - Manage Category/TC 1: Test Cases/Story 38 - Manage Category/TC 1 FAILED because (of) Failed to tap on element 'Object Repository/Sidebar Menu/Operasional/Stock/Tambah Barang/Pilih Kategori - SelectButton' (Root cause: org.openqa.selenium.NoSuchElementException: An element could not be located on the page using the given search parameters. (WARNING: The server did not provide any stacktrace information)
Command duration or timeout: 1.34 seconds
For documentation on this error, please visit: http://seleniumhq.org/exceptions/no_such_element.html
Build info: version: '2.53.0', revision: '35ae25b', time: '2016-03-15 17:00:58'
System info: host: 'NBMP18A211ITSQA', ip: '192.168.17.167', os.name: 'Windows 10', os.arch: 'amd64', os.version: '10.0', java.version: '1.8.0_102'
Driver info: com.kms.katalon.core.appium.driver.SwipeableAndroidDriver
Capabilities [{appPackage=com.btpn.appbisnis.sit, noReset=true, deviceId=, deviceName=GBAXGV411465ERX, fullReset=false, platform=ANDROID, deviceUDID=GBAXGV411465ERX, desired={app=C:\Users\AV2017005903\Documents\apollo-automation\13 Maret 17.23.apk, noReset=true, newCommandTimeout=1800, appWaitActivity=com.*, autoGrantPermissions=true, udid=GBAXGV411465ERX, platformName=Android, deviceId=, deviceName=asus ASUS_X014D 5.1.1, fullReset=false, platform=ANDROID}, newCommandTimeout=1800, platformVersion=5.1.1, webStorageEnabled=false, takesScreenshot=true, javascriptEnabled=true, udid=GBAXGV411465ERX, platformName=Android, deviceManufacturer=asus, app=C:\Users\AV2017005903\Documents\apollo-automation\13 Maret 17.23.apk, deviceScreenSize=480x854, networkConnectionEnabled=true, warnings={}, appWaitActivity=com.*, appWaitPackage=com.btpn.appbisnis.sit, databaseEnabled=false, appActivity=com.btpn_mpos_rn.MainActivity, locationContextEnabled=false, autoGrantPermissions=true, deviceModel=ASUS_X014D}]
Session ID: 4485d00a-a280-4671-aff7-1140fb5c66ad)]]></system-err>
      </testcase>
      <testcase name="Test Cases/Story 38 - Manage Category/TC 2" classname="Test Cases/Story 38 - Manage Category/TC 2" status="PASSED">
         <system-out><![CDATA[2018-03-15 10:25:10 - [TEST_CASE][PASSED] - Test Cases/Story 38 - Manage Category/TC 2: Test Cases/Story 38 - Manage Category/TC 2

2018-03-15 10:25:10 - [TEST_STEP][PASSED] - scrollToText: Scrolling to text 'PENGATURAN KATEGORI' successfully

2018-03-15 10:25:15 - [MESSAGE][PASSED] - Scrolling to text 'PENGATURAN KATEGORI' successfully

2018-03-15 10:25:15 - [TEST_STEP][PASSED] - tap: Tapped on element 'Object Repository/Sidebar Menu/Operasional/Stock/Detail Barang/Pengaturan Kategori'

2018-03-15 10:25:16 - [MESSAGE][PASSED] - Tapped on element 'Object Repository/Sidebar Menu/Operasional/Stock/Detail Barang/Pengaturan Kategori'

2018-03-15 10:25:16 - [TEST_STEP][PASSED] - delay: Delayed 5 second(s)

2018-03-15 10:25:21 - [MESSAGE][PASSED] - Delayed 5 second(s)]]></system-out>
         <system-err><![CDATA[]]></system-err>
      </testcase>
      <testcase name="Test Cases/Story 38 - Manage Category/TC 3" classname="Test Cases/Story 38 - Manage Category/TC 3" status="PASSED">
         <system-out><![CDATA[2018-03-15 10:25:21 - [TEST_CASE][PASSED] - Test Cases/Story 38 - Manage Category/TC 3: Test Cases/Story 38 - Manage Category/TC 3

2018-03-15 10:25:21 - [TEST_STEP][PASSED] - Statement - For (def index : (0..4)): Swiped from 381,139 to 450,139

2018-03-15 10:25:21 - [TEST_STEP][PASSED] - Statement - If (true): Swiped from 381,139 to 450,139

2018-03-15 10:25:21 - [TEST_STEP][PASSED] - swipe: Swiped from 381,139 to 450,139

2018-03-15 10:25:22 - [MESSAGE][PASSED] - Swiped from 381,139 to 450,139

2018-03-15 10:25:22 - [TEST_STEP][PASSED] - Statement - If (true): Swiped from 381,139 to 450,139

2018-03-15 10:25:22 - [TEST_STEP][PASSED] - swipe: Swiped from 381,139 to 450,139

2018-03-15 10:25:23 - [MESSAGE][PASSED] - Swiped from 381,139 to 450,139

2018-03-15 10:25:23 - [TEST_STEP][PASSED] - Statement - If (true): Swiped from 381,139 to 450,139

2018-03-15 10:25:23 - [TEST_STEP][PASSED] - swipe: Swiped from 381,139 to 450,139

2018-03-15 10:25:24 - [MESSAGE][PASSED] - Swiped from 381,139 to 450,139

2018-03-15 10:25:24 - [TEST_STEP][PASSED] - Statement - If (true): Swiped from 381,139 to 450,139

2018-03-15 10:25:24 - [TEST_STEP][PASSED] - swipe: Swiped from 381,139 to 450,139

2018-03-15 10:25:25 - [MESSAGE][PASSED] - Swiped from 381,139 to 450,139

2018-03-15 10:25:25 - [TEST_STEP][PASSED] - Statement - If (true): Swiped from 381,139 to 450,139

2018-03-15 10:25:25 - [TEST_STEP][PASSED] - swipe: Swiped from 381,139 to 450,139

2018-03-15 10:25:26 - [MESSAGE][PASSED] - Swiped from 381,139 to 450,139

2018-03-15 10:25:26 - [TEST_STEP][PASSED] - Statement - If (true): Swiped from 381,213 to 450,213

2018-03-15 10:25:26 - [TEST_STEP][PASSED] - swipe: Swiped from 381,213 to 450,213

2018-03-15 10:25:27 - [MESSAGE][PASSED] - Swiped from 381,213 to 450,213

2018-03-15 10:25:27 - [TEST_STEP][PASSED] - Statement - If (true): Swiped from 381,286 to 450,286

2018-03-15 10:25:27 - [TEST_STEP][PASSED] - swipe: Swiped from 381,286 to 450,286

2018-03-15 10:25:28 - [MESSAGE][PASSED] - Swiped from 381,286 to 450,286

2018-03-15 10:25:28 - [TEST_STEP][PASSED] - Statement - For (def index : (0..4)): Swiped from 381,727 to 450,727

2018-03-15 10:25:28 - [TEST_STEP][PASSED] - Statement - If (true): Swiped from 381,727 to 450,727

2018-03-15 10:25:28 - [TEST_STEP][PASSED] - swipe: Swiped from 381,727 to 450,727

2018-03-15 10:25:29 - [MESSAGE][PASSED] - Swiped from 381,727 to 450,727

2018-03-15 10:25:29 - [TEST_STEP][PASSED] - Statement - If (true): Swiped from 381,727 to 450,727

2018-03-15 10:25:29 - [TEST_STEP][PASSED] - swipe: Swiped from 381,727 to 450,727

2018-03-15 10:25:30 - [MESSAGE][PASSED] - Swiped from 381,727 to 450,727

2018-03-15 10:25:30 - [TEST_STEP][PASSED] - Statement - If (true): Swiped from 381,727 to 450,727

2018-03-15 10:25:30 - [TEST_STEP][PASSED] - swipe: Swiped from 381,727 to 450,727

2018-03-15 10:25:31 - [MESSAGE][PASSED] - Swiped from 381,727 to 450,727

2018-03-15 10:25:31 - [TEST_STEP][PASSED] - Statement - If (true): Swiped from 381,727 to 450,727

2018-03-15 10:25:31 - [TEST_STEP][PASSED] - swipe: Swiped from 381,727 to 450,727

2018-03-15 10:25:32 - [MESSAGE][PASSED] - Swiped from 381,727 to 450,727

2018-03-15 10:25:32 - [TEST_STEP][PASSED] - Statement - If (true): Swiped from 381,727 to 450,727

2018-03-15 10:25:32 - [TEST_STEP][PASSED] - swipe: Swiped from 381,727 to 450,727

2018-03-15 10:25:33 - [MESSAGE][PASSED] - Swiped from 381,727 to 450,727

2018-03-15 10:25:33 - [TEST_STEP][PASSED] - delay: Delayed 3 second(s)

2018-03-15 10:25:36 - [MESSAGE][PASSED] - Delayed 3 second(s)]]></system-out>
         <system-err><![CDATA[]]></system-err>
      </testcase>
      <testcase name="Test Cases/Story 38 - Manage Category/TC 4" classname="Test Cases/Story 38 - Manage Category/TC 4" status="PASSED">
         <system-out><![CDATA[2018-03-15 10:25:36 - [TEST_CASE][PASSED] - Test Cases/Story 38 - Manage Category/TC 4: Test Cases/Story 38 - Manage Category/TC 4

2018-03-15 10:25:36 - [TEST_STEP][PASSED] - waitForElementPresent: Element 'Object Repository/Sidebar Menu/Operasional/Stock/Detail Barang/SIMPAN Button' is present

2018-03-15 10:25:37 - [MESSAGE][PASSED] - Element 'Object Repository/Sidebar Menu/Operasional/Stock/Detail Barang/SIMPAN Button' is present

2018-03-15 10:25:37 - [TEST_STEP][PASSED] - tap: Tapped on element 'Object Repository/Sidebar Menu/Operasional/Stock/Detail Barang/SIMPAN Button'

2018-03-15 10:25:37 - [MESSAGE][PASSED] - Tapped on element 'Object Repository/Sidebar Menu/Operasional/Stock/Detail Barang/SIMPAN Button'

2018-03-15 10:25:37 - [TEST_STEP][PASSED] - delay: Delayed 4 second(s)

2018-03-15 10:25:41 - [MESSAGE][PASSED] - Delayed 4 second(s)]]></system-out>
         <system-err><![CDATA[]]></system-err>
      </testcase>
      <testcase name="Test Cases/Story 38 - Manage Category/TC 5" classname="Test Cases/Story 38 - Manage Category/TC 5" status="PASSED">
         <system-out><![CDATA[2018-03-15 10:25:42 - [TEST_CASE][PASSED] - Test Cases/Story 38 - Manage Category/TC 5: Test Cases/Story 38 - Manage Category/TC 5

2018-03-15 10:25:42 - [TEST_STEP][PASSED] - scrollToText: Scrolling to text 'TAMBAH KATEGORI' successfully

2018-03-15 10:26:01 - [MESSAGE][PASSED] - Scrolling to text 'TAMBAH KATEGORI' successfully

2018-03-15 10:26:01 - [TEST_STEP][PASSED] - waitForElementPresent: Element 'Object Repository/Sidebar Menu/Operasional/Stock/Detail Barang/TAMBAH KATEGORI' is present

2018-03-15 10:26:01 - [MESSAGE][PASSED] - Element 'Object Repository/Sidebar Menu/Operasional/Stock/Detail Barang/TAMBAH KATEGORI' is present

2018-03-15 10:26:01 - [TEST_STEP][PASSED] - tap: Tapped on element 'Object Repository/Sidebar Menu/Operasional/Stock/Detail Barang/TAMBAH KATEGORI'

2018-03-15 10:26:02 - [MESSAGE][PASSED] - Tapped on element 'Object Repository/Sidebar Menu/Operasional/Stock/Detail Barang/TAMBAH KATEGORI'

2018-03-15 10:26:02 - [TEST_STEP][PASSED] - pressBack: Press back button successfully

2018-03-15 10:26:03 - [MESSAGE][PASSED] - Press back button successfully

2018-03-15 10:26:03 - [TEST_STEP][PASSED] - waitForElementPresent: Element 'Object Repository/Sidebar Menu/Operasional/Stock/Detail Barang/TAMBAH KATEGORI' is present

2018-03-15 10:26:04 - [MESSAGE][PASSED] - Element 'Object Repository/Sidebar Menu/Operasional/Stock/Detail Barang/TAMBAH KATEGORI' is present

2018-03-15 10:26:04 - [TEST_STEP][PASSED] - tap: Tapped on element 'Object Repository/Sidebar Menu/Operasional/Stock/Detail Barang/TAMBAH KATEGORI'

2018-03-15 10:26:05 - [MESSAGE][PASSED] - Tapped on element 'Object Repository/Sidebar Menu/Operasional/Stock/Detail Barang/TAMBAH KATEGORI'

2018-03-15 10:26:05 - [TEST_STEP][PASSED] - waitForElementPresent: Element 'Object Repository/Sidebar Menu/Operasional/Stock/Detail Barang/TERAPKAN - Button' is present

2018-03-15 10:26:07 - [MESSAGE][PASSED] - Element 'Object Repository/Sidebar Menu/Operasional/Stock/Detail Barang/TERAPKAN - Button' is present

2018-03-15 10:26:07 - [TEST_STEP][PASSED] - tap: Tapped on element 'Object Repository/Sidebar Menu/Operasional/Stock/Detail Barang/TERAPKAN - Button'

2018-03-15 10:26:07 - [MESSAGE][PASSED] - Tapped on element 'Object Repository/Sidebar Menu/Operasional/Stock/Detail Barang/TERAPKAN - Button'

2018-03-15 10:26:07 - [TEST_STEP][PASSED] - delay: Delayed 5 second(s)

2018-03-15 10:26:12 - [MESSAGE][PASSED] - Delayed 5 second(s)]]></system-out>
         <system-err><![CDATA[]]></system-err>
      </testcase>
      <testcase name="Test Cases/Story 38 - Manage Category/TC 6" classname="Test Cases/Story 38 - Manage Category/TC 6" status="FAILED">
         <failure type="FAILED" message="Failed to tap on element 'Object Repository/Sidebar Menu/Operasional/Stock/Detail Barang/SIMPAN Button' (Root cause: Object Object Repository/Sidebar Menu/Operasional/Stock/Detail Barang/SIMPAN Button not found)"/>
         <system-out><![CDATA[2018-03-15 10:26:12 - [TEST_CASE][FAILED] - Test Cases/Story 38 - Manage Category/TC 6: Test Cases/Story 38 - Manage Category/TC 6 FAILED because (of) Failed to tap on element 'Object Repository/Sidebar Menu/Operasional/Stock/Detail Barang/SIMPAN Button' (Root cause: Object Object Repository/Sidebar Menu/Operasional/Stock/Detail Barang/SIMPAN Button not found)

2018-03-15 10:26:12 - [TEST_STEP][PASSED] - tap: Tapped on element 'Object Repository/Sidebar Menu/Operasional/Stock/Detail Barang/Nama Kategori'

2018-03-15 10:26:13 - [MESSAGE][PASSED] - Tapped on element 'Object Repository/Sidebar Menu/Operasional/Stock/Detail Barang/Nama Kategori'

2018-03-15 10:26:13 - [TEST_STEP][PASSED] - setText: Text 'Kesehatan' has been set to element 'Object Repository/Sidebar Menu/Operasional/Stock/Detail Barang/Nama Kategori'

2018-03-15 10:26:23 - [MESSAGE][PASSED] - Text 'Kesehatan' has been set to element 'Object Repository/Sidebar Menu/Operasional/Stock/Detail Barang/Nama Kategori'

2018-03-15 10:26:23 - [TEST_STEP][PASSED] - tap: Tapped on element 'Object Repository/Sidebar Menu/Operasional/Stock/Detail Barang/TERAPKAN - Button'

2018-03-15 10:26:23 - [MESSAGE][PASSED] - Tapped on element 'Object Repository/Sidebar Menu/Operasional/Stock/Detail Barang/TERAPKAN - Button'

2018-03-15 10:26:23 - [TEST_STEP][FAILED] - tap: Failed to tap on element 'Object Repository/Sidebar Menu/Operasional/Stock/Detail Barang/SIMPAN Button' (Root cause: Object Object Repository/Sidebar Menu/Operasional/Stock/Detail Barang/SIMPAN Button not found)

2018-03-15 10:26:29 - [MESSAGE][FAILED] - Object Object Repository/Sidebar Menu/Operasional/Stock/Detail Barang/SIMPAN Button not found

2018-03-15 10:26:29 - [MESSAGE][FAILED] - Failed to tap on element 'Object Repository/Sidebar Menu/Operasional/Stock/Detail Barang/SIMPAN Button' (Root cause: Object Object Repository/Sidebar Menu/Operasional/Stock/Detail Barang/SIMPAN Button not found)]]></system-out>
         <system-err><![CDATA[2018-03-15 10:26:12 - [TEST_CASE][FAILED] - Test Cases/Story 38 - Manage Category/TC 6: Test Cases/Story 38 - Manage Category/TC 6 FAILED because (of) Failed to tap on element 'Object Repository/Sidebar Menu/Operasional/Stock/Detail Barang/SIMPAN Button' (Root cause: Object Object Repository/Sidebar Menu/Operasional/Stock/Detail Barang/SIMPAN Button not found)]]></system-err>
      </testcase>
      <testcase name="Test Cases/Story 38 - Manage Category/TC 7" classname="Test Cases/Story 38 - Manage Category/TC 7" status="PASSED">
         <system-out><![CDATA[2018-03-15 10:26:29 - [TEST_CASE][PASSED] - Test Cases/Story 38 - Manage Category/TC 7: Test Cases/Story 38 - Manage Category/TC 7

2018-03-15 10:26:29 - [TEST_STEP][PASSED] - pressBack: Press back button successfully

2018-03-15 10:26:30 - [MESSAGE][PASSED] - Press back button successfully

2018-03-15 10:26:30 - [TEST_STEP][PASSED] - delay: Delayed 5 second(s)

2018-03-15 10:26:35 - [MESSAGE][PASSED] - Delayed 5 second(s)

2018-03-15 10:26:35 - [TEST_STEP][PASSED] - closeApplication: Close app successfully

2018-03-15 10:26:38 - [MESSAGE][PASSED] - Close app successfully]]></system-out>
         <system-err><![CDATA[]]></system-err>
      </testcase>
      <system-out><![CDATA[2018-03-15 10:24:06 - [TEST_SUITE][FAILED] - Story 38: Test Cases/Story 38 - Manage Category/TC 1 FAILED because (of) Failed to tap on element 'Object Repository/Sidebar Menu/Operasional/Stock/Tambah Barang/Pilih Kategori - SelectButton' (Root cause: org.openqa.selenium.NoSuchElementException: An element could not be located on the page using the given search parameters. (WARNING: The server did not provide any stacktrace information)
Command duration or timeout: 1.34 seconds
For documentation on this error, please visit: http://seleniumhq.org/exceptions/no_such_element.html
Build info: version: '2.53.0', revision: '35ae25b', time: '2016-03-15 17:00:58'
System info: host: 'NBMP18A211ITSQA', ip: '192.168.17.167', os.name: 'Windows 10', os.arch: 'amd64', os.version: '10.0', java.version: '1.8.0_102'
Driver info: com.kms.katalon.core.appium.driver.SwipeableAndroidDriver
Capabilities [{appPackage=com.btpn.appbisnis.sit, noReset=true, deviceId=, deviceName=GBAXGV411465ERX, fullReset=false, platform=ANDROID, deviceUDID=GBAXGV411465ERX, desired={app=C:\Users\AV2017005903\Documents\apollo-automation\13 Maret 17.23.apk, noReset=true, newCommandTimeout=1800, appWaitActivity=com.*, autoGrantPermissions=true, udid=GBAXGV411465ERX, platformName=Android, deviceId=, deviceName=asus ASUS_X014D 5.1.1, fullReset=false, platform=ANDROID}, newCommandTimeout=1800, platformVersion=5.1.1, webStorageEnabled=false, takesScreenshot=true, javascriptEnabled=true, udid=GBAXGV411465ERX, platformName=Android, deviceManufacturer=asus, app=C:\Users\AV2017005903\Documents\apollo-automation\13 Maret 17.23.apk, deviceScreenSize=480x854, networkConnectionEnabled=true, warnings={}, appWaitActivity=com.*, appWaitPackage=com.btpn.appbisnis.sit, databaseEnabled=false, appActivity=com.btpn_mpos_rn.MainActivity, locationContextEnabled=false, autoGrantPermissions=true, deviceModel=ASUS_X014D}]
Session ID: 4485d00a-a280-4671-aff7-1140fb5c66ad)]]></system-out>
      <system-err><![CDATA[2018-03-15 10:24:06 - [TEST_SUITE][FAILED] - Story 38: Test Cases/Story 38 - Manage Category/TC 1 FAILED because (of) Failed to tap on element 'Object Repository/Sidebar Menu/Operasional/Stock/Tambah Barang/Pilih Kategori - SelectButton' (Root cause: org.openqa.selenium.NoSuchElementException: An element could not be located on the page using the given search parameters. (WARNING: The server did not provide any stacktrace information)
Command duration or timeout: 1.34 seconds
For documentation on this error, please visit: http://seleniumhq.org/exceptions/no_such_element.html
Build info: version: '2.53.0', revision: '35ae25b', time: '2016-03-15 17:00:58'
System info: host: 'NBMP18A211ITSQA', ip: '192.168.17.167', os.name: 'Windows 10', os.arch: 'amd64', os.version: '10.0', java.version: '1.8.0_102'
Driver info: com.kms.katalon.core.appium.driver.SwipeableAndroidDriver
Capabilities [{appPackage=com.btpn.appbisnis.sit, noReset=true, deviceId=, deviceName=GBAXGV411465ERX, fullReset=false, platform=ANDROID, deviceUDID=GBAXGV411465ERX, desired={app=C:\Users\AV2017005903\Documents\apollo-automation\13 Maret 17.23.apk, noReset=true, newCommandTimeout=1800, appWaitActivity=com.*, autoGrantPermissions=true, udid=GBAXGV411465ERX, platformName=Android, deviceId=, deviceName=asus ASUS_X014D 5.1.1, fullReset=false, platform=ANDROID}, newCommandTimeout=1800, platformVersion=5.1.1, webStorageEnabled=false, takesScreenshot=true, javascriptEnabled=true, udid=GBAXGV411465ERX, platformName=Android, deviceManufacturer=asus, app=C:\Users\AV2017005903\Documents\apollo-automation\13 Maret 17.23.apk, deviceScreenSize=480x854, networkConnectionEnabled=true, warnings={}, appWaitActivity=com.*, appWaitPackage=com.btpn.appbisnis.sit, databaseEnabled=false, appActivity=com.btpn_mpos_rn.MainActivity, locationContextEnabled=false, autoGrantPermissions=true, deviceModel=ASUS_X014D}]
Session ID: 4485d00a-a280-4671-aff7-1140fb5c66ad)]]></system-err>
   </testsuite>
</testsuites>
