<?xml version="1.0" encoding="UTF-8"?>
<testsuites name="Sprint 2" time="57" tests="0" failures="8" errors="0">
   <testsuite name="Sprint 2" tests="0" failures="8" errors="0" time="57" timestamp="2018-02-21 10:14:40" hostname="AV2017005903 - NBMP18A211ITSQA.corp.bankbtpn.co.id" id="Test Suites/Sprint 2">
      <properties>
         <property name="deviceName" value=""/>
         <property name="devicePlatform" value=""/>
         <property name="logFolder" value="C:\\Users\\AV2017005903\\Documents\\apollo-automation\\Reports\\Sprint 2\\20180221_101437"/>
         <property name="logFiles" value="C:\\Users\\AV2017005903\\Documents\\apollo-automation\\Reports\\Sprint 2\\20180221_101437\\appium.log, C:\\Users\\AV2017005903\\Documents\\apollo-automation\\Reports\\Sprint 2\\20180221_101437\\execution0.log"/>
         <property name="attachments" value=""/>
         <property name="hostName" value="AV2017005903 - NBMP18A211ITSQA.corp.bankbtpn.co.id"/>
         <property name="hostAddress" value="192.168.17.200"/>
         <property name="os" value="Windows 10 64bit"/>
         <property name="katalonVersion" value="5.0.0.1"/>
      </properties>
      <testcase name="Test Cases/Sprint 2/26 - TC - All" classname="Test Cases/Sprint 2/26 - TC - All" status="FAILED">
         <failure type="FAILED" message="Unable to start app at: 'C:\Users\AV2017005903\Documents\apollo-automation\app-sit-release.apk' (Root cause: com.kms.katalon.core.appium.exception.AppiumStartException: Fail to start Appium server in 30 seconds)"/>
         <system-out><![CDATA[2018-02-21 10:14:40 - [TEST_CASE][FAILED] - Test Cases/Sprint 2/26 - TC - All: Test Cases/Sprint 2/26 - TC - All FAILED because (of) Unable to start app at: 'C:\Users\AV2017005903\Documents\apollo-automation\app-sit-release.apk' (Root cause: com.kms.katalon.core.appium.exception.AppiumStartException: Fail to start Appium server in 30 seconds)

2018-02-21 10:14:42 - [TEST_STEP][PASSED] - comment: Start Story 26

2018-02-21 10:14:42 - [TEST_STEP][PASSED] - Statement - apkPath = com.kms.katalon.core.util.internal.PathUtil.relativeToAbsolutePath(apkName, com.kms.katalon.core.configuration.RunConfiguration.getProjectDir()): null

2018-02-21 10:14:42 - [TEST_STEP][FAILED] - startApplication: Unable to start app at: 'C:\Users\AV2017005903\Documents\apollo-automation\app-sit-release.apk' (Root cause: com.kms.katalon.core.appium.exception.AppiumStartException: Fail to start Appium server in 30 seconds)

2018-02-21 10:15:14 - [MESSAGE][FAILED] - Unable to start app at: 'C:\Users\AV2017005903\Documents\apollo-automation\app-sit-release.apk' (Root cause: com.kms.katalon.core.appium.exception.AppiumStartException: Fail to start Appium server in 30 seconds)]]></system-out>
         <system-err><![CDATA[2018-02-21 10:14:40 - [TEST_CASE][FAILED] - Test Cases/Sprint 2/26 - TC - All: Test Cases/Sprint 2/26 - TC - All FAILED because (of) Unable to start app at: 'C:\Users\AV2017005903\Documents\apollo-automation\app-sit-release.apk' (Root cause: com.kms.katalon.core.appium.exception.AppiumStartException: Fail to start Appium server in 30 seconds)]]></system-err>
      </testcase>
      <testcase name="Test Cases/Sprint 2/35 - TC-All" classname="Test Cases/Sprint 2/35 - TC-All" status="FAILED">
         <failure type="FAILED" message="Failed to tap on element 'Object Repository/Sidebar Menu/Operasional/Stock/Tambah Barang/Tambah Barang Button' (Root cause: No application is started yet.)"/>
         <system-out><![CDATA[2018-02-21 10:15:14 - [TEST_CASE][FAILED] - Test Cases/Sprint 2/35 - TC-All: Test Cases/Sprint 2/35 - TC-All FAILED because (of) Failed to tap on element 'Object Repository/Sidebar Menu/Operasional/Stock/Tambah Barang/Tambah Barang Button' (Root cause: No application is started yet.)

2018-02-21 10:15:14 - [TEST_STEP][PASSED] - comment: Start Story 35

2018-02-21 10:15:14 - [TEST_STEP][PASSED] - delay: Delayed 5 second(s)

2018-02-21 10:15:19 - [MESSAGE][PASSED] - Delayed 5 second(s)

2018-02-21 10:15:19 - [TEST_STEP][FAILED] - tap: Failed to tap on element 'Object Repository/Sidebar Menu/Operasional/Stock/Tambah Barang/Tambah Barang Button' (Root cause: No application is started yet.)

2018-02-21 10:15:19 - [MESSAGE][FAILED] - Failed to tap on element 'Object Repository/Sidebar Menu/Operasional/Stock/Tambah Barang/Tambah Barang Button' (Root cause: No application is started yet.)]]></system-out>
         <system-err><![CDATA[2018-02-21 10:15:14 - [TEST_CASE][FAILED] - Test Cases/Sprint 2/35 - TC-All: Test Cases/Sprint 2/35 - TC-All FAILED because (of) Failed to tap on element 'Object Repository/Sidebar Menu/Operasional/Stock/Tambah Barang/Tambah Barang Button' (Root cause: No application is started yet.)]]></system-err>
      </testcase>
      <testcase name="Test Cases/Sprint 2/27 - TC - All" classname="Test Cases/Sprint 2/27 - TC - All" status="FAILED">
         <failure type="FAILED" message="Cannot swipe on device. (Root cause: No driver found)"/>
         <system-out><![CDATA[2018-02-21 10:15:20 - [TEST_CASE][FAILED] - Test Cases/Sprint 2/27 - TC - All: Test Cases/Sprint 2/27 - TC - All FAILED because (of) Cannot swipe on device. (Root cause: No driver found)

2018-02-21 10:15:20 - [TEST_STEP][PASSED] - comment: Start Story 27

2018-02-21 10:15:20 - [TEST_STEP][PASSED] - delay: Delayed 5 second(s)

2018-02-21 10:15:25 - [MESSAGE][PASSED] - Delayed 5 second(s)

2018-02-21 10:15:25 - [TEST_STEP][FAILED] - Statement - For (def index : (0..5)): Cannot swipe on device. (Root cause: No driver found)

2018-02-21 10:15:25 - [TEST_STEP][FAILED] - swipe: Cannot swipe on device. (Root cause: No driver found)

2018-02-21 10:15:25 - [MESSAGE][FAILED] - Cannot swipe on device. (Root cause: No driver found)]]></system-out>
         <system-err><![CDATA[2018-02-21 10:15:20 - [TEST_CASE][FAILED] - Test Cases/Sprint 2/27 - TC - All: Test Cases/Sprint 2/27 - TC - All FAILED because (of) Cannot swipe on device. (Root cause: No driver found)]]></system-err>
      </testcase>
      <testcase name="Test Cases/Sprint 2/46 - TC - All" classname="Test Cases/Sprint 2/46 - TC - All" status="FAILED">
         <failure type="FAILED" message="Failed to tap on element 'Object Repository/Sidebar Menu/Operasional/Stock/Detail Barang/Ubah Info - Button' (Root cause: No application is started yet.)"/>
         <system-out><![CDATA[2018-02-21 10:15:25 - [TEST_CASE][FAILED] - Test Cases/Sprint 2/46 - TC - All: Test Cases/Sprint 2/46 - TC - All FAILED because (of) Failed to tap on element 'Object Repository/Sidebar Menu/Operasional/Stock/Detail Barang/Ubah Info - Button' (Root cause: No application is started yet.)

2018-02-21 10:15:26 - [TEST_STEP][PASSED] - comment: Start Story 46

2018-02-21 10:15:26 - [TEST_STEP][PASSED] - delay: Delayed 5 second(s)

2018-02-21 10:15:31 - [MESSAGE][PASSED] - Delayed 5 second(s)

2018-02-21 10:15:31 - [TEST_STEP][FAILED] - tap: Failed to tap on element 'Object Repository/Sidebar Menu/Operasional/Stock/Detail Barang/Ubah Info - Button' (Root cause: No application is started yet.)

2018-02-21 10:15:31 - [MESSAGE][FAILED] - Failed to tap on element 'Object Repository/Sidebar Menu/Operasional/Stock/Detail Barang/Ubah Info - Button' (Root cause: No application is started yet.)]]></system-out>
         <system-err><![CDATA[2018-02-21 10:15:25 - [TEST_CASE][FAILED] - Test Cases/Sprint 2/46 - TC - All: Test Cases/Sprint 2/46 - TC - All FAILED because (of) Failed to tap on element 'Object Repository/Sidebar Menu/Operasional/Stock/Detail Barang/Ubah Info - Button' (Root cause: No application is started yet.)]]></system-err>
      </testcase>
      <testcase name="Test Cases/Sprint 2/28 - TC-All" classname="Test Cases/Sprint 2/28 - TC-All" status="FAILED">
         <failure type="FAILED" message="Failed to tap on element 'Object Repository/Sidebar Menu/Operasional/Kasir/Kasir - Navbar' (Root cause: No application is started yet.)"/>
         <system-out><![CDATA[2018-02-21 10:15:31 - [TEST_CASE][FAILED] - Test Cases/Sprint 2/28 - TC-All: Test Cases/Sprint 2/28 - TC-All FAILED because (of) Failed to tap on element 'Object Repository/Sidebar Menu/Operasional/Kasir/Kasir - Navbar' (Root cause: No application is started yet.)

2018-02-21 10:15:31 - [TEST_STEP][PASSED] - comment: Start Story 28

2018-02-21 10:15:31 - [TEST_STEP][PASSED] - delay: Delayed 5 second(s)

2018-02-21 10:15:36 - [MESSAGE][PASSED] - Delayed 5 second(s)

2018-02-21 10:15:36 - [TEST_STEP][FAILED] - tap: Failed to tap on element 'Object Repository/Sidebar Menu/Operasional/Kasir/Kasir - Navbar' (Root cause: No application is started yet.)

2018-02-21 10:15:36 - [MESSAGE][FAILED] - Failed to tap on element 'Object Repository/Sidebar Menu/Operasional/Kasir/Kasir - Navbar' (Root cause: No application is started yet.)]]></system-out>
         <system-err><![CDATA[2018-02-21 10:15:31 - [TEST_CASE][FAILED] - Test Cases/Sprint 2/28 - TC-All: Test Cases/Sprint 2/28 - TC-All FAILED because (of) Failed to tap on element 'Object Repository/Sidebar Menu/Operasional/Kasir/Kasir - Navbar' (Root cause: No application is started yet.)]]></system-err>
      </testcase>
      <testcase name="Test Cases/Sprint 2/29 - TC - All" classname="Test Cases/Sprint 2/29 - TC - All" status="FAILED">
         <failure type="FAILED" message="Failed to tap on element 'Object Repository/Sidebar Menu/Operasional/Kasir/Kerajang dan Pembayaran/MinusTap - Elemen 1' (Root cause: No application is started yet.)"/>
         <system-out><![CDATA[2018-02-21 10:15:36 - [TEST_CASE][FAILED] - Test Cases/Sprint 2/29 - TC - All: Test Cases/Sprint 2/29 - TC - All FAILED because (of) Failed to tap on element 'Object Repository/Sidebar Menu/Operasional/Kasir/Kerajang dan Pembayaran/MinusTap - Elemen 1' (Root cause: No application is started yet.)

2018-02-21 10:15:36 - [TEST_STEP][PASSED] - comment: Start Story 29

2018-02-21 10:15:36 - [TEST_STEP][NOT_RUN] - Statement - For (def index : (0..5)): NOT_RUN: Statement - For (def index : (0..5))

2018-02-21 10:15:36 - [MESSAGE][NOT_RUN] - NOT_RUN: Statement - For (def index : (0..5))

2018-02-21 10:15:36 - [TEST_STEP][FAILED] - Statement - For (def index : (0..3)): Failed to tap on element 'Object Repository/Sidebar Menu/Operasional/Kasir/Kerajang dan Pembayaran/MinusTap - Elemen 1' (Root cause: No application is started yet.)

2018-02-21 10:15:36 - [TEST_STEP][FAILED] - tap: Failed to tap on element 'Object Repository/Sidebar Menu/Operasional/Kasir/Kerajang dan Pembayaran/MinusTap - Elemen 1' (Root cause: No application is started yet.)

2018-02-21 10:15:37 - [MESSAGE][WARNING] - Timeout '0' is invalid. Using default page load timeout: '30'

2018-02-21 10:15:37 - [MESSAGE][FAILED] - Failed to tap on element 'Object Repository/Sidebar Menu/Operasional/Kasir/Kerajang dan Pembayaran/MinusTap - Elemen 1' (Root cause: No application is started yet.)]]></system-out>
         <system-err><![CDATA[2018-02-21 10:15:36 - [TEST_CASE][FAILED] - Test Cases/Sprint 2/29 - TC - All: Test Cases/Sprint 2/29 - TC - All FAILED because (of) Failed to tap on element 'Object Repository/Sidebar Menu/Operasional/Kasir/Kerajang dan Pembayaran/MinusTap - Elemen 1' (Root cause: No application is started yet.)]]></system-err>
      </testcase>
      <testcase name="Test Cases/Sprint 2/47 - TC- All" classname="Test Cases/Sprint 2/47 - TC- All" status="FAILED">
         <failure type="FAILED" message="Failed to tap on element 'Object Repository/Sidebar Menu/Operasional/Kasir/Kerajang dan Pembayaran/Tunai' (Root cause: No application is started yet.)"/>
         <system-out><![CDATA[2018-02-21 10:15:37 - [TEST_CASE][FAILED] - Test Cases/Sprint 2/47 - TC- All: Test Cases/Sprint 2/47 - TC- All FAILED because (of) Failed to tap on element 'Object Repository/Sidebar Menu/Operasional/Kasir/Kerajang dan Pembayaran/Tunai' (Root cause: No application is started yet.)

2018-02-21 10:15:37 - [TEST_STEP][PASSED] - comment: Start Story 47

2018-02-21 10:15:37 - [TEST_STEP][FAILED] - tap: Failed to tap on element 'Object Repository/Sidebar Menu/Operasional/Kasir/Kerajang dan Pembayaran/Tunai' (Root cause: No application is started yet.)

2018-02-21 10:15:37 - [MESSAGE][FAILED] - Failed to tap on element 'Object Repository/Sidebar Menu/Operasional/Kasir/Kerajang dan Pembayaran/Tunai' (Root cause: No application is started yet.)]]></system-out>
         <system-err><![CDATA[2018-02-21 10:15:37 - [TEST_CASE][FAILED] - Test Cases/Sprint 2/47 - TC- All: Test Cases/Sprint 2/47 - TC- All FAILED because (of) Failed to tap on element 'Object Repository/Sidebar Menu/Operasional/Kasir/Kerajang dan Pembayaran/Tunai' (Root cause: No application is started yet.)]]></system-err>
      </testcase>
      <testcase name="Test Cases/Sprint 2/30 - TC - All" classname="Test Cases/Sprint 2/30 - TC - All" status="FAILED">
         <failure type="FAILED" message="Failed to wait for element present (Root cause: No application is started yet.)"/>
         <system-out><![CDATA[2018-02-21 10:15:37 - [TEST_CASE][FAILED] - Test Cases/Sprint 2/30 - TC - All: Test Cases/Sprint 2/30 - TC - All FAILED because (of) Failed to wait for element present (Root cause: No application is started yet.)

2018-02-21 10:15:37 - [TEST_STEP][PASSED] - comment: Start Story 30

2018-02-21 10:15:37 - [TEST_STEP][FAILED] - waitForElementPresent: Failed to wait for element present (Root cause: No application is started yet.)

2018-02-21 10:15:37 - [MESSAGE][FAILED] - Failed to wait for element present (Root cause: No application is started yet.)]]></system-out>
         <system-err><![CDATA[2018-02-21 10:15:37 - [TEST_CASE][FAILED] - Test Cases/Sprint 2/30 - TC - All: Test Cases/Sprint 2/30 - TC - All FAILED because (of) Failed to wait for element present (Root cause: No application is started yet.)]]></system-err>
      </testcase>
      <system-out><![CDATA[2018-02-21 10:14:40 - [TEST_SUITE][FAILED] - Sprint 2: Test Cases/Sprint 2/26 - TC - All FAILED because (of) Unable to start app at: 'C:\Users\AV2017005903\Documents\apollo-automation\app-sit-release.apk' (Root cause: com.kms.katalon.core.appium.exception.AppiumStartException: Fail to start Appium server in 30 seconds)]]></system-out>
      <system-err><![CDATA[2018-02-21 10:14:40 - [TEST_SUITE][FAILED] - Sprint 2: Test Cases/Sprint 2/26 - TC - All FAILED because (of) Unable to start app at: 'C:\Users\AV2017005903\Documents\apollo-automation\app-sit-release.apk' (Root cause: com.kms.katalon.core.appium.exception.AppiumStartException: Fail to start Appium server in 30 seconds)]]></system-err>
   </testsuite>
</testsuites>
