{"devicePlatform":"","logFolder":"C:\\Users\\AV2017005903\\Documents\\apollo-automation\\Reports\\Sprint 2\\20180221_111538","runData":{"hostName":"AV2017005903 - NBMP18A211ITSQA.corp.bankbtpn.co.id","hostAddress":"192.168.17.200","os":"Windows 10 64bit","katalonVersion":"5.0.0.1"},"type":"TEST_SUITE","name":"Sprint 2","id":"Test Suites/Sprint 2","source":"","message":"Test Cases/Sprint 2/26 - TC - All FAILED because (of) Unable to start app at: \u0027C:\\Users\\AV2017005903\\Documents\\apollo-automation\\app-development-debug.apk\u0027 (Root cause: com.kms.katalon.core.appium.exception.AppiumStartException: Fail to start Appium server in 30 seconds)","description":"","startTime":1519186541080,"endTime":1519186596431,"childRecords":[{"isOptional":false,"type":"TEST_CASE","name":"Test Cases/Sprint 2/26 - TC - All","id":"Test Cases/Sprint 2/26 - TC - All","source":"C:\\\\Users\\\\AV2017005903\\\\Documents\\\\apollo-automationTest Cases\\\\Sprint 2\\\\26 - TC - All.tc","message":"Test Cases/Sprint 2/26 - TC - All FAILED because (of) Unable to start app at: \u0027C:\\Users\\AV2017005903\\Documents\\apollo-automation\\app-development-debug.apk\u0027 (Root cause: com.kms.katalon.core.appium.exception.AppiumStartException: Fail to start Appium server in 30 seconds)","description":"Kelola Stok Final","startTime":1519186541376,"endTime":1519186573954,"childRecords":[{"testStatus":{"stackTrace":"","statusValue":"INFO"},"type":"MESSAGE","name":"","message":"Evaluating variables for test case","startTime":1519186541590,"endTime":0,"childRecords":[],"interuppted":false},{"index":1,"isIgnoredIfFailed":false,"type":"TEST_STEP","name":"comment","message":"Start Story 26","description":"","startTime":1519186542041,"endTime":1519186542081,"childRecords":[],"interuppted":false},{"index":2,"isIgnoredIfFailed":false,"type":"TEST_STEP","name":"Statement - apkPath \u003d com.kms.katalon.core.util.internal.PathUtil.relativeToAbsolutePath(apkName, com.kms.katalon.core.configuration.RunConfiguration.getProjectDir())","description":"Step 1 - [Melakukan Kelola Stock]","startTime":1519186542082,"endTime":1519186542090,"childRecords":[],"interuppted":false},{"index":3,"isIgnoredIfFailed":false,"type":"TEST_STEP","name":"startApplication","message":"Unable to start app at: \u0027C:\\Users\\AV2017005903\\Documents\\apollo-automation\\app-development-debug.apk\u0027 (Root cause: com.kms.katalon.core.appium.exception.AppiumStartException: Fail to start Appium server in 30 seconds)","description":"","startTime":1519186542091,"endTime":1519186573941,"childRecords":[{"testStatus":{"stackTrace":"","statusValue":"FAILED"},"type":"MESSAGE","name":"","message":"Unable to start app at: \u0027C:\\Users\\AV2017005903\\Documents\\apollo-automation\\app-development-debug.apk\u0027 (Root cause: com.kms.katalon.core.appium.exception.AppiumStartException: Fail to start Appium server in 30 seconds)","startTime":1519186573938,"endTime":0,"childRecords":[],"interuppted":false}],"interuppted":false},{"testStatus":{"stackTrace":"","statusValue":"FAILED"},"type":"MESSAGE","name":"","message":"Test Cases/Sprint 2/26 - TC - All FAILED because (of) Unable to start app at: \u0027C:\\Users\\AV2017005903\\Documents\\apollo-automation\\app-development-debug.apk\u0027 (Root cause: com.kms.katalon.core.appium.exception.AppiumStartException: Fail to start Appium server in 30 seconds)","startTime":1519186573944,"endTime":0,"childRecords":[],"interuppted":false}],"interuppted":false},{"isOptional":false,"type":"TEST_CASE","name":"Test Cases/Sprint 2/35 - TC-All","id":"Test Cases/Sprint 2/35 - TC-All","source":"C:\\\\Users\\\\AV2017005903\\\\Documents\\\\apollo-automationTest Cases\\\\Sprint 2\\\\35 - TC-All.tc","message":"Test Cases/Sprint 2/35 - TC-All FAILED because (of) Failed to tap on element \u0027Object Repository/Sidebar Menu/Operasional/Stock/Tambah Barang/Tambah Barang Button\u0027 (Root cause: No application is started yet.)","description":"Tambah Barang","startTime":1519186574010,"endTime":1519186579455,"childRecords":[{"testStatus":{"stackTrace":"","statusValue":"INFO"},"type":"MESSAGE","name":"","message":"Evaluating variables for test case","startTime":1519186574072,"endTime":0,"childRecords":[],"interuppted":false},{"index":1,"isIgnoredIfFailed":false,"type":"TEST_STEP","name":"comment","message":"Start Story 35","description":"","startTime":1519186574257,"endTime":1519186574259,"childRecords":[],"interuppted":false},{"index":2,"isIgnoredIfFailed":false,"type":"TEST_STEP","name":"delay","message":"Delayed 5 second(s)","description":"","startTime":1519186574260,"endTime":1519186579271,"childRecords":[{"testStatus":{"stackTrace":"","statusValue":"PASSED"},"type":"MESSAGE","name":"","message":"Delayed 5 second(s)","startTime":1519186579270,"endTime":0,"childRecords":[],"interuppted":false}],"interuppted":false},{"index":3,"isIgnoredIfFailed":false,"type":"TEST_STEP","name":"tap","message":"Failed to tap on element \u0027Object Repository/Sidebar Menu/Operasional/Stock/Tambah Barang/Tambah Barang Button\u0027 (Root cause: No application is started yet.)","description":"","startTime":1519186579273,"endTime":1519186579444,"childRecords":[{"testStatus":{"stackTrace":"","statusValue":"FAILED"},"type":"MESSAGE","name":"","message":"Failed to tap on element \u0027Object Repository/Sidebar Menu/Operasional/Stock/Tambah Barang/Tambah Barang Button\u0027 (Root cause: No application is started yet.)","startTime":1519186579443,"endTime":0,"childRecords":[],"interuppted":false}],"interuppted":false},{"testStatus":{"stackTrace":"","statusValue":"FAILED"},"type":"MESSAGE","name":"","message":"Test Cases/Sprint 2/35 - TC-All FAILED because (of) Failed to tap on element \u0027Object Repository/Sidebar Menu/Operasional/Stock/Tambah Barang/Tambah Barang Button\u0027 (Root cause: No application is started yet.)","startTime":1519186579445,"endTime":0,"childRecords":[],"interuppted":false}],"interuppted":false},{"isOptional":false,"type":"TEST_CASE","name":"Test Cases/Sprint 2/27 - TC - All","id":"Test Cases/Sprint 2/27 - TC - All","source":"C:\\\\Users\\\\AV2017005903\\\\Documents\\\\apollo-automationTest Cases\\\\Sprint 2\\\\27 - TC - All.tc","message":"Test Cases/Sprint 2/27 - TC - All FAILED because (of) Cannot swipe on device. (Root cause: No driver found)","description":"Detail Product","startTime":1519186579510,"endTime":1519186584830,"childRecords":[{"testStatus":{"stackTrace":"","statusValue":"INFO"},"type":"MESSAGE","name":"","message":"Evaluating variables for test case","startTime":1519186579532,"endTime":0,"childRecords":[],"interuppted":false},{"index":1,"isIgnoredIfFailed":false,"type":"TEST_STEP","name":"comment","message":"Start Story 27","description":"","startTime":1519186579728,"endTime":1519186579730,"childRecords":[],"interuppted":false},{"index":2,"isIgnoredIfFailed":false,"type":"TEST_STEP","name":"delay","message":"Delayed 5 second(s)","description":"","startTime":1519186579731,"endTime":1519186584734,"childRecords":[{"testStatus":{"stackTrace":"","statusValue":"PASSED"},"type":"MESSAGE","name":"","message":"Delayed 5 second(s)","startTime":1519186584733,"endTime":0,"childRecords":[],"interuppted":false}],"interuppted":false},{"index":3,"isIgnoredIfFailed":false,"type":"TEST_STEP","name":"Statement - For (def index : (0..5))","message":"Cannot swipe on device. (Root cause: No driver found)","description":"","startTime":1519186584734,"endTime":1519186584828,"childRecords":[{"index":1,"isIgnoredIfFailed":false,"type":"TEST_STEP","name":"swipe","message":"Cannot swipe on device. (Root cause: No driver found)","description":"","startTime":1519186584737,"endTime":1519186584828,"childRecords":[{"testStatus":{"stackTrace":"","statusValue":"FAILED"},"type":"MESSAGE","name":"","message":"Cannot swipe on device. (Root cause: No driver found)","startTime":1519186584827,"endTime":0,"childRecords":[],"interuppted":false}],"interuppted":false}],"interuppted":false},{"testStatus":{"stackTrace":"","statusValue":"FAILED"},"type":"MESSAGE","name":"","message":"Test Cases/Sprint 2/27 - TC - All FAILED because (of) Cannot swipe on device. (Root cause: No driver found)","startTime":1519186584828,"endTime":0,"childRecords":[],"interuppted":false}],"interuppted":false},{"isOptional":false,"type":"TEST_CASE","name":"Test Cases/Sprint 2/46 - TC - All","id":"Test Cases/Sprint 2/46 - TC - All","source":"C:\\\\Users\\\\AV2017005903\\\\Documents\\\\apollo-automationTest Cases\\\\Sprint 2\\\\46 - TC - All.tc","message":"Test Cases/Sprint 2/46 - TC - All FAILED because (of) Failed to tap on element \u0027Object Repository/Sidebar Menu/Operasional/Stock/Detail Barang/Ubah Info - Button\u0027 (Root cause: No application is started yet.)","description":"Change Product Info","startTime":1519186584885,"endTime":1519186590250,"childRecords":[{"testStatus":{"stackTrace":"","statusValue":"INFO"},"type":"MESSAGE","name":"","message":"Evaluating variables for test case","startTime":1519186584938,"endTime":0,"childRecords":[],"interuppted":false},{"index":1,"isIgnoredIfFailed":false,"type":"TEST_STEP","name":"comment","message":"Start Story 46","description":"","startTime":1519186585189,"endTime":1519186585192,"childRecords":[],"interuppted":false},{"index":2,"isIgnoredIfFailed":false,"type":"TEST_STEP","name":"delay","message":"Delayed 5 second(s)","description":"","startTime":1519186585194,"endTime":1519186590200,"childRecords":[{"testStatus":{"stackTrace":"","statusValue":"PASSED"},"type":"MESSAGE","name":"","message":"Delayed 5 second(s)","startTime":1519186590196,"endTime":0,"childRecords":[],"interuppted":false}],"interuppted":false},{"index":3,"isIgnoredIfFailed":false,"type":"TEST_STEP","name":"tap","message":"Failed to tap on element \u0027Object Repository/Sidebar Menu/Operasional/Stock/Detail Barang/Ubah Info - Button\u0027 (Root cause: No application is started yet.)","description":"","startTime":1519186590203,"endTime":1519186590244,"childRecords":[{"testStatus":{"stackTrace":"","statusValue":"FAILED"},"type":"MESSAGE","name":"","message":"Failed to tap on element \u0027Object Repository/Sidebar Menu/Operasional/Stock/Detail Barang/Ubah Info - Button\u0027 (Root cause: No application is started yet.)","startTime":1519186590243,"endTime":0,"childRecords":[],"interuppted":false}],"interuppted":false},{"testStatus":{"stackTrace":"","statusValue":"FAILED"},"type":"MESSAGE","name":"","message":"Test Cases/Sprint 2/46 - TC - All FAILED because (of) Failed to tap on element \u0027Object Repository/Sidebar Menu/Operasional/Stock/Detail Barang/Ubah Info - Button\u0027 (Root cause: No application is started yet.)","startTime":1519186590247,"endTime":0,"childRecords":[],"interuppted":false}],"interuppted":false},{"isOptional":false,"type":"TEST_CASE","name":"Test Cases/Sprint 2/28 - TC-All","id":"Test Cases/Sprint 2/28 - TC-All","source":"C:\\\\Users\\\\AV2017005903\\\\Documents\\\\apollo-automationTest Cases\\\\Sprint 2\\\\28 - TC-All.tc","message":"Test Cases/Sprint 2/28 - TC-All FAILED because (of) Failed to tap on element \u0027Object Repository/Sidebar Menu/Operasional/Kasir/Kasir - Navbar\u0027 (Root cause: No application is started yet.)","description":"Kasir Menu","startTime":1519186590303,"endTime":1519186595520,"childRecords":[{"testStatus":{"stackTrace":"","statusValue":"INFO"},"type":"MESSAGE","name":"","message":"Evaluating variables for test case","startTime":1519186590317,"endTime":0,"childRecords":[],"interuppted":false},{"index":1,"isIgnoredIfFailed":false,"type":"TEST_STEP","name":"comment","message":"Start Story 28","description":"","startTime":1519186590465,"endTime":1519186590467,"childRecords":[],"interuppted":false},{"index":2,"isIgnoredIfFailed":false,"type":"TEST_STEP","name":"delay","message":"Delayed 5 second(s)","description":"","startTime":1519186590468,"endTime":1519186595474,"childRecords":[{"testStatus":{"stackTrace":"","statusValue":"PASSED"},"type":"MESSAGE","name":"","message":"Delayed 5 second(s)","startTime":1519186595470,"endTime":0,"childRecords":[],"interuppted":false}],"interuppted":false},{"index":3,"isIgnoredIfFailed":false,"type":"TEST_STEP","name":"tap","message":"Failed to tap on element \u0027Object Repository/Sidebar Menu/Operasional/Kasir/Kasir - Navbar\u0027 (Root cause: No application is started yet.)","description":"","startTime":1519186595480,"endTime":1519186595517,"childRecords":[{"testStatus":{"stackTrace":"","statusValue":"FAILED"},"type":"MESSAGE","name":"","message":"Failed to tap on element \u0027Object Repository/Sidebar Menu/Operasional/Kasir/Kasir - Navbar\u0027 (Root cause: No application is started yet.)","startTime":1519186595516,"endTime":0,"childRecords":[],"interuppted":false}],"interuppted":false},{"testStatus":{"stackTrace":"","statusValue":"FAILED"},"type":"MESSAGE","name":"","message":"Test Cases/Sprint 2/28 - TC-All FAILED because (of) Failed to tap on element \u0027Object Repository/Sidebar Menu/Operasional/Kasir/Kasir - Navbar\u0027 (Root cause: No application is started yet.)","startTime":1519186595518,"endTime":0,"childRecords":[],"interuppted":false}],"interuppted":false},{"isOptional":false,"type":"TEST_CASE","name":"Test Cases/Sprint 2/29 - TC - All","id":"Test Cases/Sprint 2/29 - TC - All","source":"C:\\\\Users\\\\AV2017005903\\\\Documents\\\\apollo-automationTest Cases\\\\Sprint 2\\\\29 - TC - All.tc","message":"Test Cases/Sprint 2/29 - TC - All FAILED because (of) Failed to tap on element \u0027Object Repository/Sidebar Menu/Operasional/Kasir/Kerajang dan Pembayaran/MinusTap - Elemen 1\u0027 (Root cause: No application is started yet.)","description":"Detail Cart S2","startTime":1519186595579,"endTime":1519186595816,"childRecords":[{"testStatus":{"stackTrace":"","statusValue":"INFO"},"type":"MESSAGE","name":"","message":"Evaluating variables for test case","startTime":1519186595586,"endTime":0,"childRecords":[],"interuppted":false},{"index":1,"isIgnoredIfFailed":false,"type":"TEST_STEP","name":"comment","message":"Start Story 29","description":"","startTime":1519186595726,"endTime":1519186595731,"childRecords":[],"interuppted":false},{"index":2,"isIgnoredIfFailed":false,"type":"TEST_STEP","name":"Statement - For (def index : (0..5))","message":"NOT_RUN: Statement - For (def index : (0..5))","description":"","startTime":1519186595732,"endTime":1519186595736,"childRecords":[{"testStatus":{"stackTrace":"","statusValue":"NOT_RUN"},"type":"MESSAGE","name":"","message":"NOT_RUN: Statement - For (def index : (0..5))","startTime":1519186595735,"endTime":0,"childRecords":[],"interuppted":false}],"interuppted":false},{"index":3,"isIgnoredIfFailed":false,"type":"TEST_STEP","name":"Statement - For (def index : (0..3))","message":"Failed to tap on element \u0027Object Repository/Sidebar Menu/Operasional/Kasir/Kerajang dan Pembayaran/MinusTap - Elemen 1\u0027 (Root cause: No application is started yet.)","description":"","startTime":1519186595737,"endTime":1519186595800,"childRecords":[{"index":1,"isIgnoredIfFailed":false,"type":"TEST_STEP","name":"tap","message":"Failed to tap on element \u0027Object Repository/Sidebar Menu/Operasional/Kasir/Kerajang dan Pembayaran/MinusTap - Elemen 1\u0027 (Root cause: No application is started yet.)","description":"","startTime":1519186595758,"endTime":1519186595799,"childRecords":[{"testStatus":{"stackTrace":"","statusValue":"WARNING"},"type":"MESSAGE","name":"","message":"Timeout \u00270\u0027 is invalid. Using default page load timeout: \u002730\u0027","startTime":1519186595798,"endTime":0,"childRecords":[],"interuppted":false},{"testStatus":{"stackTrace":"","statusValue":"FAILED"},"type":"MESSAGE","name":"","message":"Failed to tap on element \u0027Object Repository/Sidebar Menu/Operasional/Kasir/Kerajang dan Pembayaran/MinusTap - Elemen 1\u0027 (Root cause: No application is started yet.)","startTime":1519186595799,"endTime":0,"childRecords":[],"interuppted":false}],"interuppted":false}],"interuppted":false},{"testStatus":{"stackTrace":"","statusValue":"FAILED"},"type":"MESSAGE","name":"","message":"Test Cases/Sprint 2/29 - TC - All FAILED because (of) Failed to tap on element \u0027Object Repository/Sidebar Menu/Operasional/Kasir/Kerajang dan Pembayaran/MinusTap - Elemen 1\u0027 (Root cause: No application is started yet.)","startTime":1519186595801,"endTime":0,"childRecords":[],"interuppted":false}],"interuppted":false},{"isOptional":false,"type":"TEST_CASE","name":"Test Cases/Sprint 2/47 - TC- All","id":"Test Cases/Sprint 2/47 - TC- All","source":"C:\\\\Users\\\\AV2017005903\\\\Documents\\\\apollo-automationTest Cases\\\\Sprint 2\\\\47 - TC- All.tc","message":"Test Cases/Sprint 2/47 - TC- All FAILED because (of) Failed to tap on element \u0027Object Repository/Sidebar Menu/Operasional/Kasir/Kerajang dan Pembayaran/Tunai\u0027 (Root cause: No application is started yet.)","description":"Input Payment","startTime":1519186595875,"endTime":1519186596134,"childRecords":[{"testStatus":{"stackTrace":"","statusValue":"INFO"},"type":"MESSAGE","name":"","message":"Evaluating variables for test case","startTime":1519186595891,"endTime":0,"childRecords":[],"interuppted":false},{"index":1,"isIgnoredIfFailed":false,"type":"TEST_STEP","name":"comment","message":"Start Story 47","description":"","startTime":1519186596081,"endTime":1519186596084,"childRecords":[],"interuppted":false},{"index":2,"isIgnoredIfFailed":false,"type":"TEST_STEP","name":"tap","message":"Failed to tap on element \u0027Object Repository/Sidebar Menu/Operasional/Kasir/Kerajang dan Pembayaran/Tunai\u0027 (Root cause: No application is started yet.)","description":"","startTime":1519186596084,"endTime":1519186596112,"childRecords":[{"testStatus":{"stackTrace":"","statusValue":"FAILED"},"type":"MESSAGE","name":"","message":"Failed to tap on element \u0027Object Repository/Sidebar Menu/Operasional/Kasir/Kerajang dan Pembayaran/Tunai\u0027 (Root cause: No application is started yet.)","startTime":1519186596111,"endTime":0,"childRecords":[],"interuppted":false}],"interuppted":false},{"testStatus":{"stackTrace":"","statusValue":"FAILED"},"type":"MESSAGE","name":"","message":"Test Cases/Sprint 2/47 - TC- All FAILED because (of) Failed to tap on element \u0027Object Repository/Sidebar Menu/Operasional/Kasir/Kerajang dan Pembayaran/Tunai\u0027 (Root cause: No application is started yet.)","startTime":1519186596126,"endTime":0,"childRecords":[],"interuppted":false}],"interuppted":false},{"isOptional":false,"type":"TEST_CASE","name":"Test Cases/Sprint 2/30 - TC - All","id":"Test Cases/Sprint 2/30 - TC - All","source":"C:\\\\Users\\\\AV2017005903\\\\Documents\\\\apollo-automationTest Cases\\\\Sprint 2\\\\30 - TC - All.tc","message":"Test Cases/Sprint 2/30 - TC - All FAILED because (of) Failed to wait for element present (Root cause: No application is started yet.)","description":"Confirm Transaction","startTime":1519186596238,"endTime":1519186596361,"childRecords":[{"testStatus":{"stackTrace":"","statusValue":"INFO"},"type":"MESSAGE","name":"","message":"Evaluating variables for test case","startTime":1519186596243,"endTime":0,"childRecords":[],"interuppted":false},{"index":1,"isIgnoredIfFailed":false,"type":"TEST_STEP","name":"comment","message":"Start Story 30","description":"","startTime":1519186596335,"endTime":1519186596337,"childRecords":[],"interuppted":false},{"index":2,"isIgnoredIfFailed":false,"type":"TEST_STEP","name":"waitForElementPresent","message":"Failed to wait for element present (Root cause: No application is started yet.)","description":"","startTime":1519186596337,"endTime":1519186596354,"childRecords":[{"testStatus":{"stackTrace":"","statusValue":"FAILED"},"type":"MESSAGE","name":"","message":"Failed to wait for element present (Root cause: No application is started yet.)","startTime":1519186596352,"endTime":0,"childRecords":[],"interuppted":false}],"interuppted":false},{"testStatus":{"stackTrace":"","statusValue":"FAILED"},"type":"MESSAGE","name":"","message":"Test Cases/Sprint 2/30 - TC - All FAILED because (of) Failed to wait for element present (Root cause: No application is started yet.)","startTime":1519186596355,"endTime":0,"childRecords":[],"interuppted":false}],"interuppted":false}],"interuppted":false}