<?xml version="1.0" encoding="UTF-8"?>
<testsuites name="Story 35 - Tambah Barang" time="362" tests="0" failures="0" errors="7">
   <testsuite name="Story 35 - Tambah Barang" tests="0" failures="0" errors="7" time="362" timestamp="2018-07-12 11:02:07" hostname="AV2017005903 - NBMP18A211ITSQA.corp.bankbtpn.co.id" id="Test Suites/Story 35 - Tambah Barang">
      <properties>
         <property name="deviceName" value="OPPO A37f (Android 5.1.1)"/>
         <property name="devicePlatform" value=""/>
         <property name="logFolder" value="C:\\Users\\AV2017005903\\Documents\\apollo-automation\\Reports\\Story 35 - Tambah Barang\\20180712_110204"/>
         <property name="logFiles" value="C:\\Users\\AV2017005903\\Documents\\apollo-automation\\Reports\\Story 35 - Tambah Barang\\20180712_110204\\appium.log, C:\\Users\\AV2017005903\\Documents\\apollo-automation\\Reports\\Story 35 - Tambah Barang\\20180712_110204\\execution0.log"/>
         <property name="attachments" value=""/>
         <property name="hostName" value="AV2017005903 - NBMP18A211ITSQA.corp.bankbtpn.co.id"/>
         <property name="os" value="Windows 10 64bit"/>
         <property name="katalonVersion" value="5.4.2.1"/>
         <property name="deviceOS" value="Android"/>
         <property name="appiumVersion" value="1.8.1"/>
         <property name="deviceModel" value="A37f"/>
         <property name="hostAddress" value="192.168.62.1"/>
         <property name="deviceManufacturer" value="OPPO"/>
         <property name="deviceId" value="6e4df14"/>
         <property name="deviceName" value="OPPO A37f (Android 5.1.1)"/>
         <property name="deviceOSVersion" value="5.1.1"/>
      </properties>
      <testcase name="Test Cases/Story 35 and 921 -Tambah Barang/35 TC 1" classname="Test Cases/Story 35 and 921 -Tambah Barang/35 TC 1" status="ERROR">
         <error type="ERROR" message="Test Cases/Story 35 and 921 -Tambah Barang/35 TC 1 FAILED because (of) java.lang.RuntimeException: Unexpected result for screenshot command: com.google.common.collect.Maps$TransformedEntriesMap instance"/>
         <system-out><![CDATA[2018-07-12 11:02:08 - [TEST_CASE][ERROR] - Test Cases/Story 35 and 921 -Tambah Barang/35 TC 1: Test Cases/Story 35 and 921 -Tambah Barang/35 TC 1 FAILED because (of) java.lang.RuntimeException: Unexpected result for screenshot command: com.google.common.collect.Maps$TransformedEntriesMap instance

2018-07-12 11:02:08 - [TEST_STEP][PASSED] - comment: Start Story 35 - Display Tambah Barang Form

2018-07-12 11:02:08 - [TEST_STEP][PASSED] - comment: Call Test Case 26 (TC1)

2018-07-12 11:02:08 - [TEST_STEP][FAILED] - callTestCase: Unable to call Test Case with id 'Test Cases/Story 26 dan 842 -Kelola Stok Final/26 TC 1' (Root cause: Call Test Case 'Test Cases/Story 26 dan 842 -Kelola Stok Final/26 TC 1' failed because of error(s))

2018-07-12 11:02:08 - [TEST_CASE][ERROR] - Test Cases/Story 26 dan 842 -Kelola Stok Final/26 TC 1: Test Cases/Story 26 dan 842 -Kelola Stok Final/26 TC 1 FAILED because (of) java.lang.RuntimeException: Unexpected result for screenshot command: com.google.common.collect.Maps$TransformedEntriesMap instance

2018-07-12 11:02:08 - [TEST_STEP][PASSED] - comment: Kelola Stock - View

2018-07-12 11:02:08 - [TEST_STEP][PASSED] - callTestCase: Call Test Case 'Test Cases/Story 679 - Welcome Screen/679 TC - Welcome Screen' successfully

2018-07-12 11:02:08 - [TEST_CASE][PASSED] - Test Cases/Story 679 - Welcome Screen/679 TC - Welcome Screen: Test Cases/Story 679 - Welcome Screen/679 TC - Welcome Screen

2018-07-12 11:02:09 - [TEST_STEP][PASSED] - comment: Start Story 679

2018-07-12 11:02:09 - [TEST_STEP][PASSED] - Statement - apkPath = apkName: null

2018-07-12 11:02:09 - [TEST_STEP][PASSED] - startApplication: Started app at: 'C:\Users\AV2017005903\Documents\apollo-automation\app-sit-3 Juli.apk'

2018-07-12 11:02:43 - [MESSAGE][PASSED] - Started app at: 'C:\Users\AV2017005903\Documents\apollo-automation\app-sit-3 Juli.apk'

2018-07-12 11:02:43 - [TEST_STEP][PASSED] - delay: Delayed 15 second(s)

2018-07-12 11:02:58 - [MESSAGE][PASSED] - Delayed 15 second(s)

2018-07-12 11:02:58 - [TEST_STEP][NOT_RUN] - waitForElementPresent: NOT_RUN: waitForElementPresent

2018-07-12 11:02:58 - [MESSAGE][NOT_RUN] - NOT_RUN: waitForElementPresent

2018-07-12 11:02:58 - [TEST_STEP][NOT_RUN] - verifyElementVisible: NOT_RUN: verifyElementVisible

2018-07-12 11:02:58 - [MESSAGE][NOT_RUN] - NOT_RUN: verifyElementVisible

2018-07-12 11:02:58 - [TEST_STEP][PASSED] - Comment - "Delay until UpdateApp TopUp appear": null

2018-07-12 11:02:58 - [TEST_STEP][PASSED] - Statement - driver = com.kms.katalon.core.mobile.keyword.internal.MobileDriverFactory.getDriver(): null

2018-07-12 11:02:58 - [TEST_STEP][PASSED] - Statement - action = new io.appium.java_client.TouchAction(driver): null

2018-07-12 11:02:58 - [TEST_STEP][PASSED] - Statement - action.longPress(450, 300).moveTo(100, 300).release().perform(): null

2018-07-12 11:03:00 - [TEST_STEP][PASSED] - delay: Delayed 8 second(s)

2018-07-12 11:03:08 - [MESSAGE][PASSED] - Delayed 8 second(s)

2018-07-12 11:03:08 - [TEST_STEP][PASSED] - Statement - action.longPress(450, 300).moveTo(100, 300).release().perform(): null

2018-07-12 11:03:11 - [TEST_STEP][PASSED] - delay: Delayed 8 second(s)

2018-07-12 11:03:19 - [MESSAGE][PASSED] - Delayed 8 second(s)

2018-07-12 11:03:19 - [TEST_STEP][PASSED] - Statement - action.longPress(450, 300).moveTo(100, 300).release().perform(): null

2018-07-12 11:03:22 - [TEST_STEP][PASSED] - delay: Delayed 8 second(s)

2018-07-12 11:03:30 - [MESSAGE][PASSED] - Delayed 8 second(s)

2018-07-12 11:03:30 - [TEST_STEP][PASSED] - Statement - action.longPress(450, 300).moveTo(100, 300).release().perform(): null

2018-07-12 11:03:33 - [TEST_STEP][PASSED] - delay: Delayed 8 second(s)

2018-07-12 11:03:41 - [MESSAGE][PASSED] - Delayed 8 second(s)

2018-07-12 11:03:41 - [TEST_STEP][PASSED] - waitForElementPresent: Element 'Object Repository/Splash Screen/Mulai - Button' is present

2018-07-12 11:03:41 - [MESSAGE][WARNING] - Timeout '0' is invalid. Using default page load timeout: '30'

2018-07-12 11:03:43 - [MESSAGE][PASSED] - Element 'Object Repository/Splash Screen/Mulai - Button' is present

2018-07-12 11:03:43 - [TEST_STEP][PASSED] - tap: Tapped on element 'Object Repository/Splash Screen/Mulai - Button'

2018-07-12 11:03:43 - [MESSAGE][WARNING] - Timeout '0' is invalid. Using default page load timeout: '30'

2018-07-12 11:03:51 - [MESSAGE][PASSED] - Tapped on element 'Object Repository/Splash Screen/Mulai - Button'

2018-07-12 11:03:51 - [MESSAGE][PASSED] - Call Test Case 'Test Cases/Story 679 - Welcome Screen/679 TC - Welcome Screen' successfully

2018-07-12 11:03:51 - [TEST_STEP][NOT_RUN] - Statement - apkPath = apkName: NOT_RUN: Statement - apkPath = apkName

2018-07-12 11:03:51 - [MESSAGE][NOT_RUN] - NOT_RUN: Statement - apkPath = apkName

2018-07-12 11:03:51 - [TEST_STEP][NOT_RUN] - startApplication: NOT_RUN: startApplication

2018-07-12 11:03:51 - [MESSAGE][NOT_RUN] - NOT_RUN: startApplication

2018-07-12 11:03:51 - [TEST_STEP][NOT_RUN] - verifyElementVisible: NOT_RUN: verifyElementVisible

2018-07-12 11:03:51 - [MESSAGE][NOT_RUN] - NOT_RUN: verifyElementVisible

2018-07-12 11:03:51 - [TEST_STEP][PASSED] - comment: Start Login Test Case

2018-07-12 11:03:51 - [TEST_STEP][PASSED] - delay: Delayed 5 second(s)

2018-07-12 11:03:56 - [MESSAGE][PASSED] - Delayed 5 second(s)

2018-07-12 11:03:56 - [TEST_STEP][PASSED] - Comment - "If there is a Update TopuUp, click No, Else you can delay for waiting lazyload ": null

2018-07-12 11:03:56 - [TEST_STEP][PASSED] - waitForElementPresent: Element 'Object Repository/Login/Nomor HP  Nama Pengguna - Text Box' is present

2018-07-12 11:03:59 - [MESSAGE][PASSED] - Element 'Object Repository/Login/Nomor HP  Nama Pengguna - Text Box' is present

2018-07-12 11:03:59 - [TEST_STEP][PASSED] - verifyElementAttributeValue: Object 'Object Repository/Login/Nomor HP  Nama Pengguna - Text Box' has attribute 'content-desc' with value 'LoginNameTextInput'

2018-07-12 11:04:03 - [MESSAGE][PASSED] - Object 'Object Repository/Login/Nomor HP  Nama Pengguna - Text Box' has attribute 'content-desc' with value 'LoginNameTextInput'

2018-07-12 11:04:03 - [TEST_STEP][PASSED] - tap: Tapped on element 'Object Repository/Login/Nomor HP  Nama Pengguna - Text Box'

2018-07-12 11:04:10 - [MESSAGE][PASSED] - Tapped on element 'Object Repository/Login/Nomor HP  Nama Pengguna - Text Box'

2018-07-12 11:04:10 - [TEST_STEP][PASSED] - setText: Text '08112233445567' has been set to element 'Object Repository/Login/Nomor HP  Nama Pengguna - Text Box'

2018-07-12 11:04:37 - [MESSAGE][PASSED] - Text '08112233445567' has been set to element 'Object Repository/Login/Nomor HP  Nama Pengguna - Text Box'

2018-07-12 11:04:37 - [TEST_STEP][PASSED] - hideKeyboard: Keyboard is hidden

2018-07-12 11:04:39 - [MESSAGE][PASSED] - Keyboard is hidden

2018-07-12 11:04:39 - [TEST_STEP][PASSED] - verifyElementText: Actual text and expected text of test object 'Object Repository/Login/Nomor HP  Nama Pengguna - Text Box' are matched.

2018-07-12 11:04:43 - [MESSAGE][PASSED] - Actual text and expected text of test object 'Object Repository/Login/Nomor HP  Nama Pengguna - Text Box' are matched.

2018-07-12 11:04:43 - [TEST_STEP][PASSED] - waitForElementPresent: Element 'Object Repository/Login/Button Masuk' is present

2018-07-12 11:04:47 - [MESSAGE][PASSED] - Element 'Object Repository/Login/Button Masuk' is present

2018-07-12 11:04:47 - [TEST_STEP][PASSED] - verifyElementAttributeValue: Object 'Object Repository/Login/Button Masuk' has attribute 'content-desc' with value 'LoginJumpNextBtn'

2018-07-12 11:04:51 - [MESSAGE][PASSED] - Object 'Object Repository/Login/Button Masuk' has attribute 'content-desc' with value 'LoginJumpNextBtn'

2018-07-12 11:04:51 - [TEST_STEP][PASSED] - tap: Tapped on element 'Object Repository/Login/Button Masuk'

2018-07-12 11:04:56 - [MESSAGE][PASSED] - Tapped on element 'Object Repository/Login/Button Masuk'

2018-07-12 11:04:56 - [TEST_STEP][PASSED] - waitForElementPresent: Element 'Object Repository/Login/Input Pin' is present

2018-07-12 11:04:59 - [MESSAGE][PASSED] - Element 'Object Repository/Login/Input Pin' is present

2018-07-12 11:04:59 - [TEST_STEP][PASSED] - verifyElementAttributeValue: Object 'Object Repository/Login/Input Pin' has attribute 'content-desc' with value 'pinCircleFocus'

2018-07-12 11:05:04 - [MESSAGE][PASSED] - Object 'Object Repository/Login/Input Pin' has attribute 'content-desc' with value 'pinCircleFocus'

2018-07-12 11:05:04 - [TEST_STEP][PASSED] - tap: Tapped on element 'Object Repository/Login/Input Pin'

2018-07-12 11:05:11 - [MESSAGE][PASSED] - Tapped on element 'Object Repository/Login/Input Pin'

2018-07-12 11:05:11 - [TEST_STEP][PASSED] - setText: Text '123456' has been set to element 'Object Repository/Login/Input Pin'

2018-07-12 11:05:27 - [MESSAGE][PASSED] - Text '123456' has been set to element 'Object Repository/Login/Input Pin'

2018-07-12 11:05:27 - [TEST_STEP][PASSED] - delay: Delayed 5 second(s)

2018-07-12 11:05:32 - [MESSAGE][PASSED] - Delayed 5 second(s)

2018-07-12 11:05:32 - [TEST_STEP][PASSED] - getAttribute: Element 'Object Repository/Login/DashboardScreen' has attribute 'content-desc' is 'DashboardScreen'

2018-07-12 11:05:36 - [MESSAGE][PASSED] - Element 'Object Repository/Login/DashboardScreen' has attribute 'content-desc' is 'DashboardScreen'

2018-07-12 11:05:36 - [TEST_STEP][PASSED] - verifyElementAttributeValue: Object 'Object Repository/Login/DashboardScreen' has attribute 'content-desc' with value 'DashboardScreen'

2018-07-12 11:05:40 - [MESSAGE][PASSED] - Object 'Object Repository/Login/DashboardScreen' has attribute 'content-desc' with value 'DashboardScreen'

2018-07-12 11:05:40 - [TEST_STEP][PASSED] - delay: Delayed 5 second(s)

2018-07-12 11:05:45 - [MESSAGE][PASSED] - Delayed 5 second(s)

2018-07-12 11:05:45 - [TEST_STEP][PASSED] - comment: End Login Test Case

2018-07-12 11:05:45 - [TEST_STEP][PASSED] - waitForElementPresent: Element 'Object Repository/Sidebar Menu/HamburgerButton' is present

2018-07-12 11:05:48 - [MESSAGE][PASSED] - Element 'Object Repository/Sidebar Menu/HamburgerButton' is present

2018-07-12 11:05:48 - [TEST_STEP][PASSED] - verifyElementAttributeValue: Object 'Object Repository/Sidebar Menu/HamburgerButton' has attribute 'content-desc' with value 'headerBar_button_hamburgerMenu'

2018-07-12 11:05:52 - [MESSAGE][PASSED] - Object 'Object Repository/Sidebar Menu/HamburgerButton' has attribute 'content-desc' with value 'headerBar_button_hamburgerMenu'

2018-07-12 11:05:52 - [TEST_STEP][PASSED] - tap: Tapped on element 'Object Repository/Sidebar Menu/HamburgerButton'

2018-07-12 11:05:59 - [MESSAGE][PASSED] - Tapped on element 'Object Repository/Sidebar Menu/HamburgerButton'

2018-07-12 11:05:59 - [TEST_STEP][PASSED] - waitForElementPresent: Element 'Object Repository/Sidebar Menu/Produk/Produk' is present

2018-07-12 11:06:04 - [MESSAGE][PASSED] - Element 'Object Repository/Sidebar Menu/Produk/Produk' is present

2018-07-12 11:06:04 - [TEST_STEP][PASSED] - verifyElementAttributeValue: Checking timeout

2018-07-12 11:08:06 - [MESSAGE][FAILED] - Unable to call Test Case with id 'Test Cases/Story 26 dan 842 -Kelola Stok Final/26 TC 1' (Root cause: Call Test Case 'Test Cases/Story 26 dan 842 -Kelola Stok Final/26 TC 1' failed because of error(s))]]></system-out>
         <system-err><![CDATA[2018-07-12 11:02:08 - [TEST_CASE][ERROR] - Test Cases/Story 35 and 921 -Tambah Barang/35 TC 1: Test Cases/Story 35 and 921 -Tambah Barang/35 TC 1 FAILED because (of) java.lang.RuntimeException: Unexpected result for screenshot command: com.google.common.collect.Maps$TransformedEntriesMap instance]]></system-err>
      </testcase>
      <testcase name="Test Cases/Story 35 and 921 -Tambah Barang/35 TC 2" classname="Test Cases/Story 35 and 921 -Tambah Barang/35 TC 2" status="ERROR">
         <error type="ERROR" message="Test Cases/Story 35 and 921 -Tambah Barang/35 TC 2 FAILED because (of) java.lang.RuntimeException: Unexpected result for screenshot command: com.google.common.collect.Maps$TransformedEntriesMap instance"/>
         <system-out><![CDATA[2018-07-12 11:08:06 - [TEST_CASE][ERROR] - Test Cases/Story 35 and 921 -Tambah Barang/35 TC 2: Test Cases/Story 35 and 921 -Tambah Barang/35 TC 2 FAILED because (of) java.lang.RuntimeException: Unexpected result for screenshot command: com.google.common.collect.Maps$TransformedEntriesMap instance

2018-07-12 11:08:06 - [TEST_STEP][PASSED] - comment: Increase or decrease product stock

2018-07-12 11:08:06 - [TEST_STEP][PASSED] - Statement - For (def index : (0..10)): Checking timeout

2018-07-12 11:08:06 - [TEST_STEP][PASSED] - waitForElementPresent: Checking timeout]]></system-out>
         <system-err><![CDATA[2018-07-12 11:08:06 - [TEST_CASE][ERROR] - Test Cases/Story 35 and 921 -Tambah Barang/35 TC 2: Test Cases/Story 35 and 921 -Tambah Barang/35 TC 2 FAILED because (of) java.lang.RuntimeException: Unexpected result for screenshot command: com.google.common.collect.Maps$TransformedEntriesMap instance]]></system-err>
      </testcase>
      <testcase name="Test Cases/Story 35 and 921 -Tambah Barang/35 TC 3" classname="Test Cases/Story 35 and 921 -Tambah Barang/35 TC 3" status="ERROR">
         <error type="ERROR" message="Test Cases/Story 35 and 921 -Tambah Barang/35 TC 3 FAILED because (of) java.lang.RuntimeException: Unexpected result for screenshot command: com.google.common.collect.Maps$TransformedEntriesMap instance"/>
         <system-out><![CDATA[2018-07-12 11:08:06 - [TEST_CASE][ERROR] - Test Cases/Story 35 and 921 -Tambah Barang/35 TC 3: Test Cases/Story 35 and 921 -Tambah Barang/35 TC 3 FAILED because (of) java.lang.RuntimeException: Unexpected result for screenshot command: com.google.common.collect.Maps$TransformedEntriesMap instance

2018-07-12 11:08:06 - [TEST_STEP][PASSED] - comment: User update stock when specifies stock = -(minus)

2018-07-12 11:08:06 - [TEST_STEP][PASSED] - waitForElementPresent: Checking timeout]]></system-out>
         <system-err><![CDATA[2018-07-12 11:08:06 - [TEST_CASE][ERROR] - Test Cases/Story 35 and 921 -Tambah Barang/35 TC 3: Test Cases/Story 35 and 921 -Tambah Barang/35 TC 3 FAILED because (of) java.lang.RuntimeException: Unexpected result for screenshot command: com.google.common.collect.Maps$TransformedEntriesMap instance]]></system-err>
      </testcase>
      <testcase name="Test Cases/Story 35 and 921 -Tambah Barang/35 TC 4" classname="Test Cases/Story 35 and 921 -Tambah Barang/35 TC 4" status="ERROR">
         <error type="ERROR" message="Test Cases/Story 35 and 921 -Tambah Barang/35 TC 4 FAILED because (of) java.lang.RuntimeException: Unexpected result for screenshot command: com.google.common.collect.Maps$TransformedEntriesMap instance"/>
         <system-out><![CDATA[2018-07-12 11:08:06 - [TEST_CASE][ERROR] - Test Cases/Story 35 and 921 -Tambah Barang/35 TC 4: Test Cases/Story 35 and 921 -Tambah Barang/35 TC 4 FAILED because (of) java.lang.RuntimeException: Unexpected result for screenshot command: com.google.common.collect.Maps$TransformedEntriesMap instance

2018-07-12 11:08:07 - [TEST_STEP][PASSED] - comment: Check maximum input stock - max 3 digit

2018-07-12 11:08:07 - [TEST_STEP][PASSED] - waitForElementPresent: Checking timeout]]></system-out>
         <system-err><![CDATA[2018-07-12 11:08:06 - [TEST_CASE][ERROR] - Test Cases/Story 35 and 921 -Tambah Barang/35 TC 4: Test Cases/Story 35 and 921 -Tambah Barang/35 TC 4 FAILED because (of) java.lang.RuntimeException: Unexpected result for screenshot command: com.google.common.collect.Maps$TransformedEntriesMap instance]]></system-err>
      </testcase>
      <testcase name="Test Cases/Story 35 and 921 -Tambah Barang/35 TC 5" classname="Test Cases/Story 35 and 921 -Tambah Barang/35 TC 5" status="ERROR">
         <error type="ERROR" message="Test Cases/Story 35 and 921 -Tambah Barang/35 TC 5 FAILED because (of) java.lang.RuntimeException: Unexpected result for screenshot command: com.google.common.collect.Maps$TransformedEntriesMap instance"/>
         <system-out><![CDATA[2018-07-12 11:08:07 - [TEST_CASE][ERROR] - Test Cases/Story 35 and 921 -Tambah Barang/35 TC 5: Test Cases/Story 35 and 921 -Tambah Barang/35 TC 5 FAILED because (of) java.lang.RuntimeException: Unexpected result for screenshot command: com.google.common.collect.Maps$TransformedEntriesMap instance

2018-07-12 11:08:07 - [TEST_STEP][PASSED] - comment: Tambah Produk with jumlah stok 0

2018-07-12 11:08:07 - [TEST_STEP][PASSED] - waitForElementPresent: Checking timeout]]></system-out>
         <system-err><![CDATA[2018-07-12 11:08:07 - [TEST_CASE][ERROR] - Test Cases/Story 35 and 921 -Tambah Barang/35 TC 5: Test Cases/Story 35 and 921 -Tambah Barang/35 TC 5 FAILED because (of) java.lang.RuntimeException: Unexpected result for screenshot command: com.google.common.collect.Maps$TransformedEntriesMap instance]]></system-err>
      </testcase>
      <testcase name="Test Cases/Story 35 and 921 -Tambah Barang/35 TC 6" classname="Test Cases/Story 35 and 921 -Tambah Barang/35 TC 6" status="ERROR">
         <error type="ERROR" message="Test Cases/Story 35 and 921 -Tambah Barang/35 TC 6 FAILED because (of) java.lang.RuntimeException: Unexpected result for screenshot command: com.google.common.collect.Maps$TransformedEntriesMap instance"/>
         <system-out><![CDATA[2018-07-12 11:08:07 - [TEST_CASE][ERROR] - Test Cases/Story 35 and 921 -Tambah Barang/35 TC 6: Test Cases/Story 35 and 921 -Tambah Barang/35 TC 6 FAILED because (of) java.lang.RuntimeException: Unexpected result for screenshot command: com.google.common.collect.Maps$TransformedEntriesMap instance

2018-07-12 11:08:07 - [TEST_STEP][PASSED] - comment: Check Mandatory field

2018-07-12 11:08:07 - [TEST_STEP][PASSED] - waitForElementPresent: Checking timeout]]></system-out>
         <system-err><![CDATA[2018-07-12 11:08:07 - [TEST_CASE][ERROR] - Test Cases/Story 35 and 921 -Tambah Barang/35 TC 6: Test Cases/Story 35 and 921 -Tambah Barang/35 TC 6 FAILED because (of) java.lang.RuntimeException: Unexpected result for screenshot command: com.google.common.collect.Maps$TransformedEntriesMap instance]]></system-err>
      </testcase>
      <testcase name="Test Cases/Story 35 and 921 -Tambah Barang/35 TC 7" classname="Test Cases/Story 35 and 921 -Tambah Barang/35 TC 7" status="ERROR">
         <error type="ERROR" message="Test Cases/Story 35 and 921 -Tambah Barang/35 TC 7 FAILED because (of) org.codehaus.groovy.control.MultipleCompilationErrorsException: startup failed:
file:/C:/Users/AV2017005903/Documents/apollo-automation/Scripts/Story%2035%20and%20921%20-Tambah%20Barang/35%20TC%207/Script1525267863345.groovy: 26: unable to resolve class AppiumDriver 
 @ line 26, column 17.
   AppiumDriver&lt;?> driver = MobileDriverFactory.getDriver()
                   ^

file:/C:/Users/AV2017005903/Documents/apollo-automation/Scripts/Story%2035%20and%20921%20-Tambah%20Barang/35%20TC%207/Script1525267863345.groovy: 28: unable to resolve class TouchAction 
 @ line 28, column 13.
   TouchAction action = new TouchAction(driver)
               ^

file:/C:/Users/AV2017005903/Documents/apollo-automation/Scripts/Story%2035%20and%20921%20-Tambah%20Barang/35%20TC%207/Script1525267863345.groovy: 28: unable to resolve class TouchAction 
 @ line 28, column 22.
   TouchAction action = new TouchAction(driver)
                        ^

3 errors
"/>
         <system-out><![CDATA[2018-07-12 11:08:07 - [TEST_CASE][ERROR] - Test Cases/Story 35 and 921 -Tambah Barang/35 TC 7: Test Cases/Story 35 and 921 -Tambah Barang/35 TC 7 FAILED because (of) org.codehaus.groovy.control.MultipleCompilationErrorsException: startup failed:
file:/C:/Users/AV2017005903/Documents/apollo-automation/Scripts/Story%2035%20and%20921%20-Tambah%20Barang/35%20TC%207/Script1525267863345.groovy: 26: unable to resolve class AppiumDriver 
 @ line 26, column 17.
   AppiumDriver<?> driver = MobileDriverFactory.getDriver()
                   ^

file:/C:/Users/AV2017005903/Documents/apollo-automation/Scripts/Story%2035%20and%20921%20-Tambah%20Barang/35%20TC%207/Script1525267863345.groovy: 28: unable to resolve class TouchAction 
 @ line 28, column 13.
   TouchAction action = new TouchAction(driver)
               ^

file:/C:/Users/AV2017005903/Documents/apollo-automation/Scripts/Story%2035%20and%20921%20-Tambah%20Barang/35%20TC%207/Script1525267863345.groovy: 28: unable to resolve class TouchAction 
 @ line 28, column 22.
   TouchAction action = new TouchAction(driver)
                        ^

3 errors]]></system-out>
         <system-err><![CDATA[2018-07-12 11:08:07 - [TEST_CASE][ERROR] - Test Cases/Story 35 and 921 -Tambah Barang/35 TC 7: Test Cases/Story 35 and 921 -Tambah Barang/35 TC 7 FAILED because (of) org.codehaus.groovy.control.MultipleCompilationErrorsException: startup failed:
file:/C:/Users/AV2017005903/Documents/apollo-automation/Scripts/Story%2035%20and%20921%20-Tambah%20Barang/35%20TC%207/Script1525267863345.groovy: 26: unable to resolve class AppiumDriver 
 @ line 26, column 17.
   AppiumDriver<?> driver = MobileDriverFactory.getDriver()
                   ^

file:/C:/Users/AV2017005903/Documents/apollo-automation/Scripts/Story%2035%20and%20921%20-Tambah%20Barang/35%20TC%207/Script1525267863345.groovy: 28: unable to resolve class TouchAction 
 @ line 28, column 13.
   TouchAction action = new TouchAction(driver)
               ^

file:/C:/Users/AV2017005903/Documents/apollo-automation/Scripts/Story%2035%20and%20921%20-Tambah%20Barang/35%20TC%207/Script1525267863345.groovy: 28: unable to resolve class TouchAction 
 @ line 28, column 22.
   TouchAction action = new TouchAction(driver)
                        ^

3 errors]]></system-err>
      </testcase>
      <system-out><![CDATA[2018-07-12 11:02:07 - [TEST_SUITE][ERROR] - Story 35 - Tambah Barang: Test Cases/Story 35 and 921 -Tambah Barang/35 TC 1 FAILED because (of) java.lang.RuntimeException: Unexpected result for screenshot command: com.google.common.collect.Maps$TransformedEntriesMap instance]]></system-out>
      <system-err><![CDATA[2018-07-12 11:02:07 - [TEST_SUITE][ERROR] - Story 35 - Tambah Barang: Test Cases/Story 35 and 921 -Tambah Barang/35 TC 1 FAILED because (of) java.lang.RuntimeException: Unexpected result for screenshot command: com.google.common.collect.Maps$TransformedEntriesMap instance]]></system-err>
   </testsuite>
</testsuites>
