<?xml version="1.0" encoding="UTF-8"?>
<testsuites name="Story 35" time="44" tests="0" failures="16" errors="0">
   <testsuite name="Story 35" tests="0" failures="16" errors="0" time="44" timestamp="2018-03-14 14:45:12" hostname="AV2017005903 - NBMP18A211ITSQA.corp.bankbtpn.co.id" id="Test Suites/Story 35">
      <properties>
         <property name="deviceName" value=""/>
         <property name="devicePlatform" value=""/>
         <property name="logFolder" value="C:\\Users\\AV2017005903\\Documents\\apollo-automation\\Reports\\Story 35\\20180314_144508"/>
         <property name="logFiles" value="C:\\Users\\AV2017005903\\Documents\\apollo-automation\\Reports\\Story 35\\20180314_144508\\appium.log, C:\\Users\\AV2017005903\\Documents\\apollo-automation\\Reports\\Story 35\\20180314_144508\\execution0.log"/>
         <property name="attachments" value=""/>
         <property name="hostName" value="AV2017005903 - NBMP18A211ITSQA.corp.bankbtpn.co.id"/>
         <property name="hostAddress" value="10.5.109.243"/>
         <property name="os" value="Windows 10 64bit"/>
         <property name="katalonVersion" value="5.0.0.1"/>
      </properties>
      <testcase name="Test Cases/Story 35 -Tambah Barang/TC 1" classname="Test Cases/Story 35 -Tambah Barang/TC 1" status="FAILED">
         <failure type="FAILED" message="Unable to start app at: 'C:\Users\AV2017005903\Documents\apollo-automation\13 Maret 17.23.apk' (Root cause: com.kms.katalon.core.appium.exception.AppiumStartException: Fail to start Appium server in 30 seconds)"/>
         <system-out><![CDATA[2018-03-14 14:45:12 - [TEST_CASE][FAILED] - Test Cases/Story 35 -Tambah Barang/TC 1: Test Cases/Story 35 -Tambah Barang/TC 1 FAILED because (of) Unable to start app at: 'C:\Users\AV2017005903\Documents\apollo-automation\13 Maret 17.23.apk' (Root cause: com.kms.katalon.core.appium.exception.AppiumStartException: Fail to start Appium server in 30 seconds)

2018-03-14 14:45:13 - [TEST_STEP][PASSED] - comment: Start Story 35

2018-03-14 14:45:13 - [TEST_STEP][PASSED] - Statement - apkPath = com.kms.katalon.core.util.internal.PathUtil.relativeToAbsolutePath(apkName, com.kms.katalon.core.configuration.RunConfiguration.getProjectDir()): null

2018-03-14 14:45:13 - [TEST_STEP][FAILED] - startApplication: Unable to start app at: 'C:\Users\AV2017005903\Documents\apollo-automation\13 Maret 17.23.apk' (Root cause: com.kms.katalon.core.appium.exception.AppiumStartException: Fail to start Appium server in 30 seconds)

2018-03-14 14:45:48 - [MESSAGE][FAILED] - Unable to start app at: 'C:\Users\AV2017005903\Documents\apollo-automation\13 Maret 17.23.apk' (Root cause: com.kms.katalon.core.appium.exception.AppiumStartException: Fail to start Appium server in 30 seconds)]]></system-out>
         <system-err><![CDATA[2018-03-14 14:45:12 - [TEST_CASE][FAILED] - Test Cases/Story 35 -Tambah Barang/TC 1: Test Cases/Story 35 -Tambah Barang/TC 1 FAILED because (of) Unable to start app at: 'C:\Users\AV2017005903\Documents\apollo-automation\13 Maret 17.23.apk' (Root cause: com.kms.katalon.core.appium.exception.AppiumStartException: Fail to start Appium server in 30 seconds)]]></system-err>
      </testcase>
      <testcase name="Test Cases/Story 35 -Tambah Barang/TC 2" classname="Test Cases/Story 35 -Tambah Barang/TC 2" status="FAILED">
         <failure type="FAILED" message="Failed to tap on element 'Object Repository/Sidebar Menu/Operasional/Stock/Tambah Barang/PlusTap - JumlaH Stock' (Root cause: No application is started yet.)"/>
         <system-out><![CDATA[2018-03-14 14:45:48 - [TEST_CASE][FAILED] - Test Cases/Story 35 -Tambah Barang/TC 2: Test Cases/Story 35 -Tambah Barang/TC 2 FAILED because (of) Failed to tap on element 'Object Repository/Sidebar Menu/Operasional/Stock/Tambah Barang/PlusTap - JumlaH Stock' (Root cause: No application is started yet.)

2018-03-14 14:45:48 - [TEST_STEP][FAILED] - Statement - For (def index : (0..10)): Failed to tap on element 'Object Repository/Sidebar Menu/Operasional/Stock/Tambah Barang/PlusTap - JumlaH Stock' (Root cause: No application is started yet.)

2018-03-14 14:45:48 - [TEST_STEP][FAILED] - tap: Failed to tap on element 'Object Repository/Sidebar Menu/Operasional/Stock/Tambah Barang/PlusTap - JumlaH Stock' (Root cause: No application is started yet.)

2018-03-14 14:45:48 - [MESSAGE][FAILED] - Failed to tap on element 'Object Repository/Sidebar Menu/Operasional/Stock/Tambah Barang/PlusTap - JumlaH Stock' (Root cause: No application is started yet.)]]></system-out>
         <system-err><![CDATA[2018-03-14 14:45:48 - [TEST_CASE][FAILED] - Test Cases/Story 35 -Tambah Barang/TC 2: Test Cases/Story 35 -Tambah Barang/TC 2 FAILED because (of) Failed to tap on element 'Object Repository/Sidebar Menu/Operasional/Stock/Tambah Barang/PlusTap - JumlaH Stock' (Root cause: No application is started yet.)]]></system-err>
      </testcase>
      <testcase name="Test Cases/Story 35 -Tambah Barang/TC 3" classname="Test Cases/Story 35 -Tambah Barang/TC 3" status="FAILED">
         <failure type="FAILED" message="Failed to tap on element 'Object Repository/Sidebar Menu/Operasional/Stock/Tambah Barang/Jumlah Stock - by typing' (Root cause: No application is started yet.)"/>
         <system-out><![CDATA[2018-03-14 14:45:48 - [TEST_CASE][FAILED] - Test Cases/Story 35 -Tambah Barang/TC 3: Test Cases/Story 35 -Tambah Barang/TC 3 FAILED because (of) Failed to tap on element 'Object Repository/Sidebar Menu/Operasional/Stock/Tambah Barang/Jumlah Stock - by typing' (Root cause: No application is started yet.)

2018-03-14 14:45:48 - [TEST_STEP][FAILED] - tap: Failed to tap on element 'Object Repository/Sidebar Menu/Operasional/Stock/Tambah Barang/Jumlah Stock - by typing' (Root cause: No application is started yet.)

2018-03-14 14:45:48 - [MESSAGE][FAILED] - Failed to tap on element 'Object Repository/Sidebar Menu/Operasional/Stock/Tambah Barang/Jumlah Stock - by typing' (Root cause: No application is started yet.)]]></system-out>
         <system-err><![CDATA[2018-03-14 14:45:48 - [TEST_CASE][FAILED] - Test Cases/Story 35 -Tambah Barang/TC 3: Test Cases/Story 35 -Tambah Barang/TC 3 FAILED because (of) Failed to tap on element 'Object Repository/Sidebar Menu/Operasional/Stock/Tambah Barang/Jumlah Stock - by typing' (Root cause: No application is started yet.)]]></system-err>
      </testcase>
      <testcase name="Test Cases/Story 35 -Tambah Barang/TC 4" classname="Test Cases/Story 35 -Tambah Barang/TC 4" status="FAILED">
         <failure type="FAILED" message="Failed to tap on element 'Object Repository/Sidebar Menu/Operasional/Stock/Tambah Barang/Pilih Kategori - SelectButton' (Root cause: No application is started yet.)"/>
         <system-out><![CDATA[2018-03-14 14:45:48 - [TEST_CASE][FAILED] - Test Cases/Story 35 -Tambah Barang/TC 4: Test Cases/Story 35 -Tambah Barang/TC 4 FAILED because (of) Failed to tap on element 'Object Repository/Sidebar Menu/Operasional/Stock/Tambah Barang/Pilih Kategori - SelectButton' (Root cause: No application is started yet.)

2018-03-14 14:45:49 - [TEST_STEP][PASSED] - delay: Delayed 5 second(s)

2018-03-14 14:45:54 - [MESSAGE][PASSED] - Delayed 5 second(s)

2018-03-14 14:45:54 - [TEST_STEP][FAILED] - tap: Failed to tap on element 'Object Repository/Sidebar Menu/Operasional/Stock/Tambah Barang/Pilih Kategori - SelectButton' (Root cause: No application is started yet.)

2018-03-14 14:45:54 - [MESSAGE][FAILED] - Failed to tap on element 'Object Repository/Sidebar Menu/Operasional/Stock/Tambah Barang/Pilih Kategori - SelectButton' (Root cause: No application is started yet.)]]></system-out>
         <system-err><![CDATA[2018-03-14 14:45:48 - [TEST_CASE][FAILED] - Test Cases/Story 35 -Tambah Barang/TC 4: Test Cases/Story 35 -Tambah Barang/TC 4 FAILED because (of) Failed to tap on element 'Object Repository/Sidebar Menu/Operasional/Stock/Tambah Barang/Pilih Kategori - SelectButton' (Root cause: No application is started yet.)]]></system-err>
      </testcase>
      <testcase name="Test Cases/Story 35 -Tambah Barang/TC 5" classname="Test Cases/Story 35 -Tambah Barang/TC 5" status="FAILED">
         <failure type="FAILED" message="Unable to scroll to text 'Makanan' (Root cause: No driver found)"/>
         <system-out><![CDATA[2018-03-14 14:45:54 - [TEST_CASE][FAILED] - Test Cases/Story 35 -Tambah Barang/TC 5: Test Cases/Story 35 -Tambah Barang/TC 5 FAILED because (of) Unable to scroll to text 'Makanan' (Root cause: No driver found)

2018-03-14 14:45:54 - [TEST_STEP][FAILED] - scrollToText: Unable to scroll to text 'Makanan' (Root cause: No driver found)

2018-03-14 14:45:54 - [MESSAGE][FAILED] - Unable to scroll to text 'Makanan' (Root cause: No driver found)]]></system-out>
         <system-err><![CDATA[2018-03-14 14:45:54 - [TEST_CASE][FAILED] - Test Cases/Story 35 -Tambah Barang/TC 5: Test Cases/Story 35 -Tambah Barang/TC 5 FAILED because (of) Unable to scroll to text 'Makanan' (Root cause: No driver found)]]></system-err>
      </testcase>
      <testcase name="Test Cases/Story 35 -Tambah Barang/TC 6" classname="Test Cases/Story 35 -Tambah Barang/TC 6" status="FAILED">
         <failure type="FAILED" message="Failed to set text into element (Root cause: No application is started yet.)"/>
         <system-out><![CDATA[2018-03-14 14:45:54 - [TEST_CASE][FAILED] - Test Cases/Story 35 -Tambah Barang/TC 6: Test Cases/Story 35 -Tambah Barang/TC 6 FAILED because (of) Failed to set text into element (Root cause: No application is started yet.)

2018-03-14 14:45:54 - [TEST_STEP][PASSED] - comment: Test HARGA JUAL

2018-03-14 14:45:54 - [TEST_STEP][FAILED] - setText: Failed to set text into element (Root cause: No application is started yet.)

2018-03-14 14:45:54 - [MESSAGE][FAILED] - Failed to set text into element (Root cause: No application is started yet.)]]></system-out>
         <system-err><![CDATA[2018-03-14 14:45:54 - [TEST_CASE][FAILED] - Test Cases/Story 35 -Tambah Barang/TC 6: Test Cases/Story 35 -Tambah Barang/TC 6 FAILED because (of) Failed to set text into element (Root cause: No application is started yet.)]]></system-err>
      </testcase>
      <testcase name="Test Cases/Story 35 -Tambah Barang/TC 7" classname="Test Cases/Story 35 -Tambah Barang/TC 7" status="FAILED">
         <failure type="FAILED" message="Failed to clear text of element (Root cause: No application is started yet.)"/>
         <system-out><![CDATA[2018-03-14 14:45:54 - [TEST_CASE][FAILED] - Test Cases/Story 35 -Tambah Barang/TC 7: Test Cases/Story 35 -Tambah Barang/TC 7 FAILED because (of) Failed to clear text of element (Root cause: No application is started yet.)

2018-03-14 14:45:55 - [TEST_STEP][FAILED] - clearText: Failed to clear text of element (Root cause: No application is started yet.)

2018-03-14 14:45:55 - [MESSAGE][FAILED] - Failed to clear text of element (Root cause: No application is started yet.)]]></system-out>
         <system-err><![CDATA[2018-03-14 14:45:54 - [TEST_CASE][FAILED] - Test Cases/Story 35 -Tambah Barang/TC 7: Test Cases/Story 35 -Tambah Barang/TC 7 FAILED because (of) Failed to clear text of element (Root cause: No application is started yet.)]]></system-err>
      </testcase>
      <testcase name="Test Cases/Story 35 -Tambah Barang/TC 8" classname="Test Cases/Story 35 -Tambah Barang/TC 8" status="FAILED">
         <failure type="FAILED" message="Failed to clear text of element (Root cause: No application is started yet.)"/>
         <system-out><![CDATA[2018-03-14 14:45:55 - [TEST_CASE][FAILED] - Test Cases/Story 35 -Tambah Barang/TC 8: Test Cases/Story 35 -Tambah Barang/TC 8 FAILED because (of) Failed to clear text of element (Root cause: No application is started yet.)

2018-03-14 14:45:55 - [TEST_STEP][FAILED] - clearText: Failed to clear text of element (Root cause: No application is started yet.)

2018-03-14 14:45:55 - [MESSAGE][FAILED] - Failed to clear text of element (Root cause: No application is started yet.)]]></system-out>
         <system-err><![CDATA[2018-03-14 14:45:55 - [TEST_CASE][FAILED] - Test Cases/Story 35 -Tambah Barang/TC 8: Test Cases/Story 35 -Tambah Barang/TC 8 FAILED because (of) Failed to clear text of element (Root cause: No application is started yet.)]]></system-err>
      </testcase>
      <testcase name="Test Cases/Story 35 -Tambah Barang/TC 9" classname="Test Cases/Story 35 -Tambah Barang/TC 9" status="FAILED">
         <failure type="FAILED" message="Failed to set text into element (Root cause: No application is started yet.)"/>
         <system-out><![CDATA[2018-03-14 14:45:55 - [TEST_CASE][FAILED] - Test Cases/Story 35 -Tambah Barang/TC 9: Test Cases/Story 35 -Tambah Barang/TC 9 FAILED because (of) Failed to set text into element (Root cause: No application is started yet.)

2018-03-14 14:45:55 - [TEST_STEP][PASSED] - comment: Test NOMINAL Diskon

2018-03-14 14:45:55 - [TEST_STEP][FAILED] - setText: Failed to set text into element (Root cause: No application is started yet.)

2018-03-14 14:45:55 - [MESSAGE][FAILED] - Failed to set text into element (Root cause: No application is started yet.)]]></system-out>
         <system-err><![CDATA[2018-03-14 14:45:55 - [TEST_CASE][FAILED] - Test Cases/Story 35 -Tambah Barang/TC 9: Test Cases/Story 35 -Tambah Barang/TC 9 FAILED because (of) Failed to set text into element (Root cause: No application is started yet.)]]></system-err>
      </testcase>
      <testcase name="Test Cases/Story 35 -Tambah Barang/TC 10" classname="Test Cases/Story 35 -Tambah Barang/TC 10" status="FAILED">
         <failure type="FAILED" message="Failed to clear text of element (Root cause: No application is started yet.)"/>
         <system-out><![CDATA[2018-03-14 14:45:55 - [TEST_CASE][FAILED] - Test Cases/Story 35 -Tambah Barang/TC 10: Test Cases/Story 35 -Tambah Barang/TC 10 FAILED because (of) Failed to clear text of element (Root cause: No application is started yet.)

2018-03-14 14:45:55 - [TEST_STEP][FAILED] - clearText: Failed to clear text of element (Root cause: No application is started yet.)

2018-03-14 14:45:55 - [MESSAGE][FAILED] - Failed to clear text of element (Root cause: No application is started yet.)]]></system-out>
         <system-err><![CDATA[2018-03-14 14:45:55 - [TEST_CASE][FAILED] - Test Cases/Story 35 -Tambah Barang/TC 10: Test Cases/Story 35 -Tambah Barang/TC 10 FAILED because (of) Failed to clear text of element (Root cause: No application is started yet.)]]></system-err>
      </testcase>
      <testcase name="Test Cases/Story 35 -Tambah Barang/TC 11" classname="Test Cases/Story 35 -Tambah Barang/TC 11" status="FAILED">
         <failure type="FAILED" message="Failed to clear text of element (Root cause: No application is started yet.)"/>
         <system-out><![CDATA[2018-03-14 14:45:56 - [TEST_CASE][FAILED] - Test Cases/Story 35 -Tambah Barang/TC 11: Test Cases/Story 35 -Tambah Barang/TC 11 FAILED because (of) Failed to clear text of element (Root cause: No application is started yet.)

2018-03-14 14:45:56 - [TEST_STEP][FAILED] - clearText: Failed to clear text of element (Root cause: No application is started yet.)

2018-03-14 14:45:56 - [MESSAGE][FAILED] - Failed to clear text of element (Root cause: No application is started yet.)]]></system-out>
         <system-err><![CDATA[2018-03-14 14:45:56 - [TEST_CASE][FAILED] - Test Cases/Story 35 -Tambah Barang/TC 11: Test Cases/Story 35 -Tambah Barang/TC 11 FAILED because (of) Failed to clear text of element (Root cause: No application is started yet.)]]></system-err>
      </testcase>
      <testcase name="Test Cases/Story 35 -Tambah Barang/TC 12" classname="Test Cases/Story 35 -Tambah Barang/TC 12" status="FAILED">
         <failure type="FAILED" message="Failed to clear text of element (Root cause: No application is started yet.)"/>
         <system-out><![CDATA[2018-03-14 14:45:56 - [TEST_CASE][FAILED] - Test Cases/Story 35 -Tambah Barang/TC 12: Test Cases/Story 35 -Tambah Barang/TC 12 FAILED because (of) Failed to clear text of element (Root cause: No application is started yet.)

2018-03-14 14:45:56 - [TEST_STEP][FAILED] - clearText: Failed to clear text of element (Root cause: No application is started yet.)

2018-03-14 14:45:56 - [MESSAGE][FAILED] - Failed to clear text of element (Root cause: No application is started yet.)]]></system-out>
         <system-err><![CDATA[2018-03-14 14:45:56 - [TEST_CASE][FAILED] - Test Cases/Story 35 -Tambah Barang/TC 12: Test Cases/Story 35 -Tambah Barang/TC 12 FAILED because (of) Failed to clear text of element (Root cause: No application is started yet.)]]></system-err>
      </testcase>
      <testcase name="Test Cases/Story 35 -Tambah Barang/TC 13" classname="Test Cases/Story 35 -Tambah Barang/TC 13" status="FAILED">
         <failure type="FAILED" message="Failed to tap on element 'Object Repository/Sidebar Menu/Operasional/Stock/Tambah Barang/Simpan Button' (Root cause: No application is started yet.)"/>
         <system-out><![CDATA[2018-03-14 14:45:56 - [TEST_CASE][FAILED] - Test Cases/Story 35 -Tambah Barang/TC 13: Test Cases/Story 35 -Tambah Barang/TC 13 FAILED because (of) Failed to tap on element 'Object Repository/Sidebar Menu/Operasional/Stock/Tambah Barang/Simpan Button' (Root cause: No application is started yet.)

2018-03-14 14:45:56 - [TEST_STEP][FAILED] - tap: Failed to tap on element 'Object Repository/Sidebar Menu/Operasional/Stock/Tambah Barang/Simpan Button' (Root cause: No application is started yet.)

2018-03-14 14:45:56 - [MESSAGE][FAILED] - Failed to tap on element 'Object Repository/Sidebar Menu/Operasional/Stock/Tambah Barang/Simpan Button' (Root cause: No application is started yet.)]]></system-out>
         <system-err><![CDATA[2018-03-14 14:45:56 - [TEST_CASE][FAILED] - Test Cases/Story 35 -Tambah Barang/TC 13: Test Cases/Story 35 -Tambah Barang/TC 13 FAILED because (of) Failed to tap on element 'Object Repository/Sidebar Menu/Operasional/Stock/Tambah Barang/Simpan Button' (Root cause: No application is started yet.)]]></system-err>
      </testcase>
      <testcase name="Test Cases/Story 35 -Tambah Barang/TC 14" classname="Test Cases/Story 35 -Tambah Barang/TC 14" status="FAILED">
         <failure type="FAILED" message="Failed to tap on element 'Object Repository/Sidebar Menu/Operasional/Stock/Tambah Barang/Nama Barang - Text Box' (Root cause: No application is started yet.)"/>
         <system-out><![CDATA[2018-03-14 14:45:56 - [TEST_CASE][FAILED] - Test Cases/Story 35 -Tambah Barang/TC 14: Test Cases/Story 35 -Tambah Barang/TC 14 FAILED because (of) Failed to tap on element 'Object Repository/Sidebar Menu/Operasional/Stock/Tambah Barang/Nama Barang - Text Box' (Root cause: No application is started yet.)

2018-03-14 14:45:56 - [TEST_STEP][FAILED] - tap: Failed to tap on element 'Object Repository/Sidebar Menu/Operasional/Stock/Tambah Barang/Nama Barang - Text Box' (Root cause: No application is started yet.)

2018-03-14 14:45:56 - [MESSAGE][FAILED] - Failed to tap on element 'Object Repository/Sidebar Menu/Operasional/Stock/Tambah Barang/Nama Barang - Text Box' (Root cause: No application is started yet.)]]></system-out>
         <system-err><![CDATA[2018-03-14 14:45:56 - [TEST_CASE][FAILED] - Test Cases/Story 35 -Tambah Barang/TC 14: Test Cases/Story 35 -Tambah Barang/TC 14 FAILED because (of) Failed to tap on element 'Object Repository/Sidebar Menu/Operasional/Stock/Tambah Barang/Nama Barang - Text Box' (Root cause: No application is started yet.)]]></system-err>
      </testcase>
      <testcase name="Test Cases/Story 35 -Tambah Barang/TC 15" classname="Test Cases/Story 35 -Tambah Barang/TC 15" status="FAILED">
         <failure type="FAILED" message="Cannot press back button. (Root cause: No driver found)"/>
         <system-out><![CDATA[2018-03-14 14:45:56 - [TEST_CASE][FAILED] - Test Cases/Story 35 -Tambah Barang/TC 15: Test Cases/Story 35 -Tambah Barang/TC 15 FAILED because (of) Cannot press back button. (Root cause: No driver found)

2018-03-14 14:45:56 - [TEST_STEP][FAILED] - pressBack: Cannot press back button. (Root cause: No driver found)

2018-03-14 14:45:56 - [MESSAGE][FAILED] - Cannot press back button. (Root cause: No driver found)]]></system-out>
         <system-err><![CDATA[2018-03-14 14:45:56 - [TEST_CASE][FAILED] - Test Cases/Story 35 -Tambah Barang/TC 15: Test Cases/Story 35 -Tambah Barang/TC 15 FAILED because (of) Cannot press back button. (Root cause: No driver found)]]></system-err>
      </testcase>
      <testcase name="Test Cases/Story 35 -Tambah Barang/TC 16" classname="Test Cases/Story 35 -Tambah Barang/TC 16" status="FAILED">
         <failure type="FAILED" message="Failed to tap on element 'Object Repository/Sidebar Menu/Operasional/Stock/Tambah Barang/Simpan Button' (Root cause: No application is started yet.)"/>
         <system-out><![CDATA[2018-03-14 14:45:57 - [TEST_CASE][FAILED] - Test Cases/Story 35 -Tambah Barang/TC 16: Test Cases/Story 35 -Tambah Barang/TC 16 FAILED because (of) Failed to tap on element 'Object Repository/Sidebar Menu/Operasional/Stock/Tambah Barang/Simpan Button' (Root cause: No application is started yet.)

2018-03-14 14:45:57 - [TEST_STEP][FAILED] - tap: Failed to tap on element 'Object Repository/Sidebar Menu/Operasional/Stock/Tambah Barang/Simpan Button' (Root cause: No application is started yet.)

2018-03-14 14:45:57 - [MESSAGE][FAILED] - Failed to tap on element 'Object Repository/Sidebar Menu/Operasional/Stock/Tambah Barang/Simpan Button' (Root cause: No application is started yet.)]]></system-out>
         <system-err><![CDATA[2018-03-14 14:45:57 - [TEST_CASE][FAILED] - Test Cases/Story 35 -Tambah Barang/TC 16: Test Cases/Story 35 -Tambah Barang/TC 16 FAILED because (of) Failed to tap on element 'Object Repository/Sidebar Menu/Operasional/Stock/Tambah Barang/Simpan Button' (Root cause: No application is started yet.)]]></system-err>
      </testcase>
      <system-out><![CDATA[2018-03-14 14:45:12 - [TEST_SUITE][FAILED] - Story 35: Test Cases/Story 35 -Tambah Barang/TC 1 FAILED because (of) Unable to start app at: 'C:\Users\AV2017005903\Documents\apollo-automation\13 Maret 17.23.apk' (Root cause: com.kms.katalon.core.appium.exception.AppiumStartException: Fail to start Appium server in 30 seconds)]]></system-out>
      <system-err><![CDATA[2018-03-14 14:45:12 - [TEST_SUITE][FAILED] - Story 35: Test Cases/Story 35 -Tambah Barang/TC 1 FAILED because (of) Unable to start app at: 'C:\Users\AV2017005903\Documents\apollo-automation\13 Maret 17.23.apk' (Root cause: com.kms.katalon.core.appium.exception.AppiumStartException: Fail to start Appium server in 30 seconds)]]></system-err>
   </testsuite>
</testsuites>
