<?xml version="1.0" encoding="UTF-8"?>
<testsuites name="Story 35 - Tambah Barang" time="248" tests="0" failures="0" errors="9">
   <testsuite name="Story 35 - Tambah Barang" tests="0" failures="0" errors="9" time="248" timestamp="2018-07-13 11:14:45" hostname="AV2017005903 - NBMP18A211ITSQA.corp.bankbtpn.co.id" id="Test Suites/Story 35 - Tambah Barang">
      <properties>
         <property name="deviceName" value="OPPO A37f (Android 5.1.1)"/>
         <property name="devicePlatform" value=""/>
         <property name="logFolder" value="C:\\Users\\AV2017005903\\Documents\\apollo-automation\\Reports\\Story 35 - Tambah Barang\\20180713_111442"/>
         <property name="logFiles" value="C:\\Users\\AV2017005903\\Documents\\apollo-automation\\Reports\\Story 35 - Tambah Barang\\20180713_111442\\appium.log, C:\\Users\\AV2017005903\\Documents\\apollo-automation\\Reports\\Story 35 - Tambah Barang\\20180713_111442\\execution0.log"/>
         <property name="attachments" value=""/>
         <property name="hostName" value="AV2017005903 - NBMP18A211ITSQA.corp.bankbtpn.co.id"/>
         <property name="os" value="Windows 10 64bit"/>
         <property name="katalonVersion" value="5.4.2.1"/>
         <property name="deviceOS" value="Android"/>
         <property name="appiumVersion" value="1.8.1"/>
         <property name="deviceModel" value="A37f"/>
         <property name="hostAddress" value="192.168.62.1"/>
         <property name="deviceManufacturer" value="OPPO"/>
         <property name="deviceId" value="6e4df14"/>
         <property name="deviceName" value="OPPO A37f (Android 5.1.1)"/>
         <property name="deviceOSVersion" value="5.1.1"/>
      </properties>
      <testcase name="Test Cases/Story 35 and 921 -Tambah Barang/35 TC 1" classname="Test Cases/Story 35 and 921 -Tambah Barang/35 TC 1" status="ERROR">
         <error type="ERROR" message="Test Cases/Story 35 and 921 -Tambah Barang/35 TC 1 FAILED because (of) java.lang.RuntimeException: Unexpected result for screenshot command: com.google.common.collect.Maps$TransformedEntriesMap instance"/>
         <system-out><![CDATA[2018-07-13 11:14:46 - [TEST_CASE][ERROR] - Test Cases/Story 35 and 921 -Tambah Barang/35 TC 1: Test Cases/Story 35 and 921 -Tambah Barang/35 TC 1 FAILED because (of) java.lang.RuntimeException: Unexpected result for screenshot command: com.google.common.collect.Maps$TransformedEntriesMap instance

2018-07-13 11:14:46 - [TEST_STEP][PASSED] - comment: Start Story 35 - Display Tambah Barang Form

2018-07-13 11:14:46 - [TEST_STEP][PASSED] - comment: Call Test Case 26 (TC1)

2018-07-13 11:14:46 - [TEST_STEP][FAILED] - callTestCase: Unable to call Test Case with id 'Test Cases/Story 26 dan 842 -Kelola Stok Final/26 TC 1' (Root cause: Call Test Case 'Test Cases/Story 26 dan 842 -Kelola Stok Final/26 TC 1' failed because of error(s))

2018-07-13 11:14:46 - [TEST_CASE][ERROR] - Test Cases/Story 26 dan 842 -Kelola Stok Final/26 TC 1: Test Cases/Story 26 dan 842 -Kelola Stok Final/26 TC 1 FAILED because (of) java.lang.RuntimeException: Unexpected result for screenshot command: com.google.common.collect.Maps$TransformedEntriesMap instance

2018-07-13 11:14:46 - [TEST_STEP][PASSED] - comment: Kelola Stock - View

2018-07-13 11:14:46 - [TEST_STEP][PASSED] - callTestCase: Call Test Case 'Test Cases/Story 679 - Welcome Screen/679 TC - Welcome Screen' successfully

2018-07-13 11:14:46 - [TEST_CASE][PASSED] - Test Cases/Story 679 - Welcome Screen/679 TC - Welcome Screen: Test Cases/Story 679 - Welcome Screen/679 TC - Welcome Screen

2018-07-13 11:14:47 - [TEST_STEP][PASSED] - comment: Start Story 679

2018-07-13 11:14:47 - [TEST_STEP][PASSED] - Statement - apkPath = apkName: null

2018-07-13 11:14:47 - [TEST_STEP][PASSED] - startApplication: Started app at: 'C:\Users\AV2017005903\Documents\apollo-automation\app-sit-3 Juli.apk'

2018-07-13 11:15:33 - [MESSAGE][PASSED] - Started app at: 'C:\Users\AV2017005903\Documents\apollo-automation\app-sit-3 Juli.apk'

2018-07-13 11:15:33 - [TEST_STEP][PASSED] - delay: Delayed 15 second(s)

2018-07-13 11:15:48 - [MESSAGE][PASSED] - Delayed 15 second(s)

2018-07-13 11:15:48 - [TEST_STEP][NOT_RUN] - waitForElementPresent: NOT_RUN: waitForElementPresent

2018-07-13 11:15:48 - [MESSAGE][NOT_RUN] - NOT_RUN: waitForElementPresent

2018-07-13 11:15:48 - [TEST_STEP][NOT_RUN] - verifyElementVisible: NOT_RUN: verifyElementVisible

2018-07-13 11:15:48 - [MESSAGE][NOT_RUN] - NOT_RUN: verifyElementVisible

2018-07-13 11:15:48 - [TEST_STEP][PASSED] - Comment - "Delay until UpdateApp TopUp appear": null

2018-07-13 11:15:48 - [TEST_STEP][PASSED] - Statement - driver = com.kms.katalon.core.mobile.keyword.internal.MobileDriverFactory.getDriver(): null

2018-07-13 11:15:48 - [TEST_STEP][PASSED] - Statement - action = new io.appium.java_client.TouchAction(driver): null

2018-07-13 11:15:48 - [TEST_STEP][PASSED] - Statement - action.longPress(450, 300).moveTo(100, 300).release().perform(): null

2018-07-13 11:15:50 - [TEST_STEP][PASSED] - delay: Delayed 8 second(s)

2018-07-13 11:15:58 - [MESSAGE][PASSED] - Delayed 8 second(s)

2018-07-13 11:15:58 - [TEST_STEP][PASSED] - Statement - action.longPress(450, 300).moveTo(100, 300).release().perform(): null

2018-07-13 11:16:01 - [TEST_STEP][PASSED] - delay: Delayed 8 second(s)

2018-07-13 11:16:09 - [MESSAGE][PASSED] - Delayed 8 second(s)

2018-07-13 11:16:09 - [TEST_STEP][PASSED] - Statement - action.longPress(450, 300).moveTo(100, 300).release().perform(): null

2018-07-13 11:16:12 - [TEST_STEP][PASSED] - delay: Delayed 8 second(s)

2018-07-13 11:16:20 - [MESSAGE][PASSED] - Delayed 8 second(s)

2018-07-13 11:16:20 - [TEST_STEP][PASSED] - Statement - action.longPress(450, 300).moveTo(100, 300).release().perform(): null

2018-07-13 11:16:22 - [TEST_STEP][PASSED] - delay: Delayed 8 second(s)

2018-07-13 11:16:30 - [MESSAGE][PASSED] - Delayed 8 second(s)

2018-07-13 11:16:30 - [TEST_STEP][PASSED] - waitForElementPresent: Element 'Object Repository/Splash Screen/Mulai - Button' is present

2018-07-13 11:16:31 - [MESSAGE][WARNING] - Timeout '0' is invalid. Using default page load timeout: '30'

2018-07-13 11:16:37 - [MESSAGE][PASSED] - Element 'Object Repository/Splash Screen/Mulai - Button' is present

2018-07-13 11:16:37 - [TEST_STEP][PASSED] - tap: Tapped on element 'Object Repository/Splash Screen/Mulai - Button'

2018-07-13 11:16:37 - [MESSAGE][WARNING] - Timeout '0' is invalid. Using default page load timeout: '30'

2018-07-13 11:16:42 - [MESSAGE][PASSED] - Tapped on element 'Object Repository/Splash Screen/Mulai - Button'

2018-07-13 11:16:42 - [MESSAGE][PASSED] - Call Test Case 'Test Cases/Story 679 - Welcome Screen/679 TC - Welcome Screen' successfully

2018-07-13 11:16:42 - [TEST_STEP][NOT_RUN] - Statement - apkPath = apkName: NOT_RUN: Statement - apkPath = apkName

2018-07-13 11:16:42 - [MESSAGE][NOT_RUN] - NOT_RUN: Statement - apkPath = apkName

2018-07-13 11:16:42 - [TEST_STEP][NOT_RUN] - startApplication: NOT_RUN: startApplication

2018-07-13 11:16:42 - [MESSAGE][NOT_RUN] - NOT_RUN: startApplication

2018-07-13 11:16:42 - [TEST_STEP][NOT_RUN] - verifyElementVisible: NOT_RUN: verifyElementVisible

2018-07-13 11:16:42 - [MESSAGE][NOT_RUN] - NOT_RUN: verifyElementVisible

2018-07-13 11:16:42 - [TEST_STEP][PASSED] - comment: Start Login Test Case

2018-07-13 11:16:42 - [TEST_STEP][PASSED] - delay: Delayed 5 second(s)

2018-07-13 11:16:47 - [MESSAGE][PASSED] - Delayed 5 second(s)

2018-07-13 11:16:47 - [TEST_STEP][PASSED] - Comment - "If there is a Update TopuUp, click No, Else you can delay for waiting lazyload ": null

2018-07-13 11:16:47 - [TEST_STEP][PASSED] - waitForElementPresent: Checking timeout

2018-07-13 11:18:50 - [MESSAGE][FAILED] - Unable to call Test Case with id 'Test Cases/Story 26 dan 842 -Kelola Stok Final/26 TC 1' (Root cause: Call Test Case 'Test Cases/Story 26 dan 842 -Kelola Stok Final/26 TC 1' failed because of error(s))]]></system-out>
         <system-err><![CDATA[2018-07-13 11:14:46 - [TEST_CASE][ERROR] - Test Cases/Story 35 and 921 -Tambah Barang/35 TC 1: Test Cases/Story 35 and 921 -Tambah Barang/35 TC 1 FAILED because (of) java.lang.RuntimeException: Unexpected result for screenshot command: com.google.common.collect.Maps$TransformedEntriesMap instance]]></system-err>
      </testcase>
      <testcase name="Test Cases/Story 35 and 921 -Tambah Barang/35 TC 2" classname="Test Cases/Story 35 and 921 -Tambah Barang/35 TC 2" status="ERROR">
         <error type="ERROR" message="Test Cases/Story 35 and 921 -Tambah Barang/35 TC 2 FAILED because (of) java.lang.RuntimeException: Unexpected result for screenshot command: com.google.common.collect.Maps$TransformedEntriesMap instance"/>
         <system-out><![CDATA[2018-07-13 11:18:50 - [TEST_CASE][ERROR] - Test Cases/Story 35 and 921 -Tambah Barang/35 TC 2: Test Cases/Story 35 and 921 -Tambah Barang/35 TC 2 FAILED because (of) java.lang.RuntimeException: Unexpected result for screenshot command: com.google.common.collect.Maps$TransformedEntriesMap instance

2018-07-13 11:18:50 - [TEST_STEP][PASSED] - comment: Increase or decrease product stock

2018-07-13 11:18:50 - [TEST_STEP][PASSED] - Statement - For (def index : (0..10)): Checking timeout

2018-07-13 11:18:50 - [TEST_STEP][PASSED] - waitForElementPresent: Checking timeout]]></system-out>
         <system-err><![CDATA[2018-07-13 11:18:50 - [TEST_CASE][ERROR] - Test Cases/Story 35 and 921 -Tambah Barang/35 TC 2: Test Cases/Story 35 and 921 -Tambah Barang/35 TC 2 FAILED because (of) java.lang.RuntimeException: Unexpected result for screenshot command: com.google.common.collect.Maps$TransformedEntriesMap instance]]></system-err>
      </testcase>
      <testcase name="Test Cases/Story 35 and 921 -Tambah Barang/35 TC 3" classname="Test Cases/Story 35 and 921 -Tambah Barang/35 TC 3" status="ERROR">
         <error type="ERROR" message="Test Cases/Story 35 and 921 -Tambah Barang/35 TC 3 FAILED because (of) java.lang.RuntimeException: Unexpected result for screenshot command: com.google.common.collect.Maps$TransformedEntriesMap instance"/>
         <system-out><![CDATA[2018-07-13 11:18:50 - [TEST_CASE][ERROR] - Test Cases/Story 35 and 921 -Tambah Barang/35 TC 3: Test Cases/Story 35 and 921 -Tambah Barang/35 TC 3 FAILED because (of) java.lang.RuntimeException: Unexpected result for screenshot command: com.google.common.collect.Maps$TransformedEntriesMap instance

2018-07-13 11:18:50 - [TEST_STEP][PASSED] - comment: User update stock when specifies stock = -(minus)

2018-07-13 11:18:50 - [TEST_STEP][PASSED] - waitForElementPresent: Checking timeout]]></system-out>
         <system-err><![CDATA[2018-07-13 11:18:50 - [TEST_CASE][ERROR] - Test Cases/Story 35 and 921 -Tambah Barang/35 TC 3: Test Cases/Story 35 and 921 -Tambah Barang/35 TC 3 FAILED because (of) java.lang.RuntimeException: Unexpected result for screenshot command: com.google.common.collect.Maps$TransformedEntriesMap instance]]></system-err>
      </testcase>
      <testcase name="Test Cases/Story 35 and 921 -Tambah Barang/35 TC 4" classname="Test Cases/Story 35 and 921 -Tambah Barang/35 TC 4" status="ERROR">
         <error type="ERROR" message="Test Cases/Story 35 and 921 -Tambah Barang/35 TC 4 FAILED because (of) java.lang.RuntimeException: Unexpected result for screenshot command: com.google.common.collect.Maps$TransformedEntriesMap instance"/>
         <system-out><![CDATA[2018-07-13 11:18:50 - [TEST_CASE][ERROR] - Test Cases/Story 35 and 921 -Tambah Barang/35 TC 4: Test Cases/Story 35 and 921 -Tambah Barang/35 TC 4 FAILED because (of) java.lang.RuntimeException: Unexpected result for screenshot command: com.google.common.collect.Maps$TransformedEntriesMap instance

2018-07-13 11:18:50 - [TEST_STEP][PASSED] - comment: Check maximum input stock - max 3 digit

2018-07-13 11:18:50 - [TEST_STEP][PASSED] - waitForElementPresent: Checking timeout]]></system-out>
         <system-err><![CDATA[2018-07-13 11:18:50 - [TEST_CASE][ERROR] - Test Cases/Story 35 and 921 -Tambah Barang/35 TC 4: Test Cases/Story 35 and 921 -Tambah Barang/35 TC 4 FAILED because (of) java.lang.RuntimeException: Unexpected result for screenshot command: com.google.common.collect.Maps$TransformedEntriesMap instance]]></system-err>
      </testcase>
      <testcase name="Test Cases/Story 35 and 921 -Tambah Barang/35 TC 5" classname="Test Cases/Story 35 and 921 -Tambah Barang/35 TC 5" status="ERROR">
         <error type="ERROR" message="Test Cases/Story 35 and 921 -Tambah Barang/35 TC 5 FAILED because (of) java.lang.RuntimeException: Unexpected result for screenshot command: com.google.common.collect.Maps$TransformedEntriesMap instance"/>
         <system-out><![CDATA[2018-07-13 11:18:50 - [TEST_CASE][ERROR] - Test Cases/Story 35 and 921 -Tambah Barang/35 TC 5: Test Cases/Story 35 and 921 -Tambah Barang/35 TC 5 FAILED because (of) java.lang.RuntimeException: Unexpected result for screenshot command: com.google.common.collect.Maps$TransformedEntriesMap instance

2018-07-13 11:18:50 - [TEST_STEP][PASSED] - comment: Tambah Produk with jumlah stok 0

2018-07-13 11:18:50 - [TEST_STEP][PASSED] - waitForElementPresent: Checking timeout]]></system-out>
         <system-err><![CDATA[2018-07-13 11:18:50 - [TEST_CASE][ERROR] - Test Cases/Story 35 and 921 -Tambah Barang/35 TC 5: Test Cases/Story 35 and 921 -Tambah Barang/35 TC 5 FAILED because (of) java.lang.RuntimeException: Unexpected result for screenshot command: com.google.common.collect.Maps$TransformedEntriesMap instance]]></system-err>
      </testcase>
      <testcase name="Test Cases/Story 35 and 921 -Tambah Barang/35 TC 6" classname="Test Cases/Story 35 and 921 -Tambah Barang/35 TC 6" status="ERROR">
         <error type="ERROR" message="Test Cases/Story 35 and 921 -Tambah Barang/35 TC 6 FAILED because (of) java.lang.RuntimeException: Unexpected result for screenshot command: com.google.common.collect.Maps$TransformedEntriesMap instance"/>
         <system-out><![CDATA[2018-07-13 11:18:51 - [TEST_CASE][ERROR] - Test Cases/Story 35 and 921 -Tambah Barang/35 TC 6: Test Cases/Story 35 and 921 -Tambah Barang/35 TC 6 FAILED because (of) java.lang.RuntimeException: Unexpected result for screenshot command: com.google.common.collect.Maps$TransformedEntriesMap instance

2018-07-13 11:18:51 - [TEST_STEP][PASSED] - comment: Check Mandatory field

2018-07-13 11:18:51 - [TEST_STEP][PASSED] - waitForElementPresent: Checking timeout]]></system-out>
         <system-err><![CDATA[2018-07-13 11:18:51 - [TEST_CASE][ERROR] - Test Cases/Story 35 and 921 -Tambah Barang/35 TC 6: Test Cases/Story 35 and 921 -Tambah Barang/35 TC 6 FAILED because (of) java.lang.RuntimeException: Unexpected result for screenshot command: com.google.common.collect.Maps$TransformedEntriesMap instance]]></system-err>
      </testcase>
      <testcase name="Test Cases/Story 35 and 921 -Tambah Barang/35 TC 7" classname="Test Cases/Story 35 and 921 -Tambah Barang/35 TC 7" status="ERROR">
         <error type="ERROR" message="Test Cases/Story 35 and 921 -Tambah Barang/35 TC 7 FAILED because (of) java.lang.RuntimeException: Unexpected result for screenshot command: com.google.common.collect.Maps$TransformedEntriesMap instance"/>
         <system-out><![CDATA[2018-07-13 11:18:51 - [TEST_CASE][ERROR] - Test Cases/Story 35 and 921 -Tambah Barang/35 TC 7: Test Cases/Story 35 and 921 -Tambah Barang/35 TC 7 FAILED because (of) java.lang.RuntimeException: Unexpected result for screenshot command: com.google.common.collect.Maps$TransformedEntriesMap instance

2018-07-13 11:18:51 - [TEST_STEP][PASSED] - comment: Add Product with Product name more than 100 Characters

2018-07-13 11:18:51 - [TEST_STEP][PASSED] - Statement - driver = com.kms.katalon.core.mobile.keyword.internal.MobileDriverFactory.getDriver(): null

2018-07-13 11:18:51 - [TEST_STEP][PASSED] - Statement - action = new io.appium.java_client.TouchAction(driver): null

2018-07-13 11:18:51 - [TEST_STEP][PASSED] - Statement - action.longPress(242, 360).moveTo(242, 743).release().perform(): null

2018-07-13 11:18:51 - [TEST_STEP][PASSED] - waitForElementPresent: Checking timeout]]></system-out>
         <system-err><![CDATA[2018-07-13 11:18:51 - [TEST_CASE][ERROR] - Test Cases/Story 35 and 921 -Tambah Barang/35 TC 7: Test Cases/Story 35 and 921 -Tambah Barang/35 TC 7 FAILED because (of) java.lang.RuntimeException: Unexpected result for screenshot command: com.google.common.collect.Maps$TransformedEntriesMap instance]]></system-err>
      </testcase>
      <testcase name="Test Cases/Story 35 and 921 -Tambah Barang/35 TC 8" classname="Test Cases/Story 35 and 921 -Tambah Barang/35 TC 8" status="ERROR">
         <error type="ERROR" message="Test Cases/Story 35 and 921 -Tambah Barang/35 TC 8 FAILED because (of) java.lang.RuntimeException: Unexpected result for screenshot command: com.google.common.collect.Maps$TransformedEntriesMap instance"/>
         <system-out><![CDATA[2018-07-13 11:18:51 - [TEST_CASE][ERROR] - Test Cases/Story 35 and 921 -Tambah Barang/35 TC 8: Test Cases/Story 35 and 921 -Tambah Barang/35 TC 8 FAILED because (of) java.lang.RuntimeException: Unexpected result for screenshot command: com.google.common.collect.Maps$TransformedEntriesMap instance

2018-07-13 11:18:51 - [TEST_STEP][PASSED] - comment: Tambah Produk with input manual barcode

2018-07-13 11:18:51 - [TEST_STEP][PASSED] - clearText: Checking timeout]]></system-out>
         <system-err><![CDATA[2018-07-13 11:18:51 - [TEST_CASE][ERROR] - Test Cases/Story 35 and 921 -Tambah Barang/35 TC 8: Test Cases/Story 35 and 921 -Tambah Barang/35 TC 8 FAILED because (of) java.lang.RuntimeException: Unexpected result for screenshot command: com.google.common.collect.Maps$TransformedEntriesMap instance]]></system-err>
      </testcase>
      <testcase name="Test Cases/Story 35 and 921 -Tambah Barang/35 TC 9" classname="Test Cases/Story 35 and 921 -Tambah Barang/35 TC 9" status="ERROR">
         <error type="ERROR" message="Test Cases/Story 35 and 921 -Tambah Barang/35 TC 9 FAILED because (of) java.lang.RuntimeException: Unexpected result for screenshot command: com.google.common.collect.Maps$TransformedEntriesMap instance"/>
         <system-out><![CDATA[2018-07-13 11:18:51 - [TEST_CASE][ERROR] - Test Cases/Story 35 and 921 -Tambah Barang/35 TC 9: Test Cases/Story 35 and 921 -Tambah Barang/35 TC 9 FAILED because (of) java.lang.RuntimeException: Unexpected result for screenshot command: com.google.common.collect.Maps$TransformedEntriesMap instance

2018-07-13 11:18:51 - [TEST_STEP][PASSED] - comment: Pick One Category

2018-07-13 11:18:51 - [TEST_STEP][PASSED] - waitForElementPresent: Checking timeout]]></system-out>
         <system-err><![CDATA[2018-07-13 11:18:51 - [TEST_CASE][ERROR] - Test Cases/Story 35 and 921 -Tambah Barang/35 TC 9: Test Cases/Story 35 and 921 -Tambah Barang/35 TC 9 FAILED because (of) java.lang.RuntimeException: Unexpected result for screenshot command: com.google.common.collect.Maps$TransformedEntriesMap instance]]></system-err>
      </testcase>
      <system-out><![CDATA[2018-07-13 11:14:45 - [TEST_SUITE][ERROR] - Story 35 - Tambah Barang: Test Cases/Story 35 and 921 -Tambah Barang/35 TC 1 FAILED because (of) java.lang.RuntimeException: Unexpected result for screenshot command: com.google.common.collect.Maps$TransformedEntriesMap instance]]></system-out>
      <system-err><![CDATA[2018-07-13 11:14:45 - [TEST_SUITE][ERROR] - Story 35 - Tambah Barang: Test Cases/Story 35 and 921 -Tambah Barang/35 TC 1 FAILED because (of) java.lang.RuntimeException: Unexpected result for screenshot command: com.google.common.collect.Maps$TransformedEntriesMap instance]]></system-err>
   </testsuite>
</testsuites>
