<?xml version="1.0" encoding="UTF-8"?>
<testsuites name="Sprint 2" time="153" tests="0" failures="4" errors="0">
   <testsuite name="Sprint 2" tests="0" failures="4" errors="0" time="153" timestamp="2018-02-27 15:05:24" hostname="AV2017005903 - NBMP18A211ITSQA.corp.bankbtpn.co.id" id="Test Suites/Sprint 2">
      <properties>
         <property name="deviceName" value="asus ASUS_X014D 5.1.1"/>
         <property name="devicePlatform" value=""/>
         <property name="logFolder" value="C:\\Users\\AV2017005903\\Documents\\apollo-automation\\Reports\\Sprint 2\\20180227_150523"/>
         <property name="logFiles" value="C:\\Users\\AV2017005903\\Documents\\apollo-automation\\Reports\\Sprint 2\\20180227_150523\\appium.log, C:\\Users\\AV2017005903\\Documents\\apollo-automation\\Reports\\Sprint 2\\20180227_150523\\execution0.log"/>
         <property name="attachments" value=""/>
         <property name="hostName" value="AV2017005903 - NBMP18A211ITSQA.corp.bankbtpn.co.id"/>
         <property name="os" value="Windows 10 64bit"/>
         <property name="katalonVersion" value="5.0.0.1"/>
         <property name="deviceOS" value="Android"/>
         <property name="appiumVersion" value="1.6.5"/>
         <property name="deviceModel" value="ASUS_X014D"/>
         <property name="hostAddress" value="192.168.17.200"/>
         <property name="deviceManufacturer" value="asus"/>
         <property name="deviceId" value="GBAXGV411465ERX"/>
         <property name="deviceName" value="asus ASUS_X014D 5.1.1"/>
         <property name="deviceOSVersion" value="5.1.1"/>
      </properties>
      <testcase name="Test Cases/Sprint 2/28 - TC-All" classname="Test Cases/Sprint 2/28 - TC-All" status="FAILED">
         <failure type="FAILED" message="Failed to tap on element 'Object Repository/Login/Daftar Sekarang - Belum Punya Akun' (Root cause: Object Object Repository/Login/Daftar Sekarang - Belum Punya Akun not found)"/>
         <system-out><![CDATA[2018-02-27 15:05:25 - [TEST_CASE][FAILED] - Test Cases/Sprint 2/28 - TC-All: Test Cases/Sprint 2/28 - TC-All FAILED because (of) Failed to tap on element 'Object Repository/Login/Daftar Sekarang - Belum Punya Akun' (Root cause: Object Object Repository/Login/Daftar Sekarang - Belum Punya Akun not found)

2018-02-27 15:05:25 - [TEST_STEP][PASSED] - comment: Start Story 28

2018-02-27 15:05:26 - [TEST_STEP][PASSED] - Statement - apkPath = com.kms.katalon.core.util.internal.PathUtil.relativeToAbsolutePath(apkName, com.kms.katalon.core.configuration.RunConfiguration.getProjectDir()): null

2018-02-27 15:05:26 - [TEST_STEP][PASSED] - startApplication: Started app at: 'C:\Users\AV2017005903\Documents\apollo-automation\Regression_24Februari_PakAnka.apk'

2018-02-27 15:05:42 - [MESSAGE][PASSED] - Started app at: 'C:\Users\AV2017005903\Documents\apollo-automation\Regression_24Februari_PakAnka.apk'

2018-02-27 15:05:42 - [TEST_STEP][FAILED] - tap: Failed to tap on element 'Object Repository/Login/Daftar Sekarang - Belum Punya Akun' (Root cause: Object Object Repository/Login/Daftar Sekarang - Belum Punya Akun not found)

2018-02-27 15:06:13 - [MESSAGE][FAILED] - Object Object Repository/Login/Daftar Sekarang - Belum Punya Akun not found

2018-02-27 15:06:13 - [MESSAGE][FAILED] - Failed to tap on element 'Object Repository/Login/Daftar Sekarang - Belum Punya Akun' (Root cause: Object Object Repository/Login/Daftar Sekarang - Belum Punya Akun not found)]]></system-out>
         <system-err><![CDATA[2018-02-27 15:05:25 - [TEST_CASE][FAILED] - Test Cases/Sprint 2/28 - TC-All: Test Cases/Sprint 2/28 - TC-All FAILED because (of) Failed to tap on element 'Object Repository/Login/Daftar Sekarang - Belum Punya Akun' (Root cause: Object Object Repository/Login/Daftar Sekarang - Belum Punya Akun not found)]]></system-err>
      </testcase>
      <testcase name="Test Cases/Sprint 2/29 - TC - All" classname="Test Cases/Sprint 2/29 - TC - All" status="FAILED">
         <failure type="FAILED" message="Object Object Repository/Sidebar Menu/Operasional/Kasir/Kerajang dan Pembayaran/PlusTap - Elemen 2 not found"/>
         <system-out><![CDATA[2018-02-27 15:06:13 - [TEST_CASE][FAILED] - Test Cases/Sprint 2/29 - TC - All: Test Cases/Sprint 2/29 - TC - All FAILED because (of) Object Object Repository/Sidebar Menu/Operasional/Kasir/Kerajang dan Pembayaran/PlusTap - Elemen 2 not found

2018-02-27 15:06:13 - [TEST_STEP][PASSED] - comment: Start Story 29

2018-02-27 15:06:13 - [TEST_STEP][PASSED] - delay: Delayed 5 second(s)

2018-02-27 15:06:18 - [MESSAGE][PASSED] - Delayed 5 second(s)

2018-02-27 15:06:18 - [TEST_STEP][FAILED] - Statement - For (def index : (0..5)): Object Object Repository/Sidebar Menu/Operasional/Kasir/Kerajang dan Pembayaran/PlusTap - Elemen 2 not found

2018-02-27 15:06:18 - [TEST_STEP][FAILED] - tap: Object Object Repository/Sidebar Menu/Operasional/Kasir/Kerajang dan Pembayaran/PlusTap - Elemen 2 not found

2018-02-27 15:06:23 - [MESSAGE][FAILED] - Object Object Repository/Sidebar Menu/Operasional/Kasir/Kerajang dan Pembayaran/PlusTap - Elemen 2 not found

2018-02-27 15:06:23 - [TEST_STEP][FAILED] - tap: Object Object Repository/Sidebar Menu/Operasional/Kasir/Kerajang dan Pembayaran/PlusTap - Elemen 2 not found

2018-02-27 15:06:28 - [MESSAGE][FAILED] - Object Object Repository/Sidebar Menu/Operasional/Kasir/Kerajang dan Pembayaran/PlusTap - Elemen 2 not found

2018-02-27 15:06:28 - [TEST_STEP][FAILED] - tap: Object Object Repository/Sidebar Menu/Operasional/Kasir/Kerajang dan Pembayaran/PlusTap - Elemen 2 not found

2018-02-27 15:06:33 - [MESSAGE][FAILED] - Object Object Repository/Sidebar Menu/Operasional/Kasir/Kerajang dan Pembayaran/PlusTap - Elemen 2 not found

2018-02-27 15:06:33 - [TEST_STEP][FAILED] - tap: Object Object Repository/Sidebar Menu/Operasional/Kasir/Kerajang dan Pembayaran/PlusTap - Elemen 2 not found

2018-02-27 15:06:39 - [MESSAGE][FAILED] - Object Object Repository/Sidebar Menu/Operasional/Kasir/Kerajang dan Pembayaran/PlusTap - Elemen 2 not found

2018-02-27 15:06:39 - [TEST_STEP][FAILED] - tap: Object Object Repository/Sidebar Menu/Operasional/Kasir/Kerajang dan Pembayaran/PlusTap - Elemen 2 not found

2018-02-27 15:06:44 - [MESSAGE][FAILED] - Object Object Repository/Sidebar Menu/Operasional/Kasir/Kerajang dan Pembayaran/PlusTap - Elemen 2 not found

2018-02-27 15:06:44 - [TEST_STEP][FAILED] - tap: Object Object Repository/Sidebar Menu/Operasional/Kasir/Kerajang dan Pembayaran/PlusTap - Elemen 2 not found

2018-02-27 15:06:49 - [MESSAGE][FAILED] - Object Object Repository/Sidebar Menu/Operasional/Kasir/Kerajang dan Pembayaran/PlusTap - Elemen 2 not found

2018-02-27 15:06:49 - [TEST_STEP][FAILED] - Statement - For (def index : (0..3)): Object Object Repository/Sidebar Menu/Operasional/Kasir/Kerajang dan Pembayaran/MinusTap - Elemen 1 not found

2018-02-27 15:06:49 - [TEST_STEP][FAILED] - tap: Object Object Repository/Sidebar Menu/Operasional/Kasir/Kerajang dan Pembayaran/MinusTap - Elemen 1 not found

2018-02-27 15:06:54 - [MESSAGE][FAILED] - Object Object Repository/Sidebar Menu/Operasional/Kasir/Kerajang dan Pembayaran/MinusTap - Elemen 1 not found

2018-02-27 15:06:54 - [TEST_STEP][FAILED] - tap: Object Object Repository/Sidebar Menu/Operasional/Kasir/Kerajang dan Pembayaran/MinusTap - Elemen 1 not found

2018-02-27 15:06:59 - [MESSAGE][FAILED] - Object Object Repository/Sidebar Menu/Operasional/Kasir/Kerajang dan Pembayaran/MinusTap - Elemen 1 not found

2018-02-27 15:06:59 - [TEST_STEP][FAILED] - tap: Object Object Repository/Sidebar Menu/Operasional/Kasir/Kerajang dan Pembayaran/MinusTap - Elemen 1 not found

2018-02-27 15:07:04 - [MESSAGE][FAILED] - Object Object Repository/Sidebar Menu/Operasional/Kasir/Kerajang dan Pembayaran/MinusTap - Elemen 1 not found

2018-02-27 15:07:04 - [TEST_STEP][FAILED] - tap: Object Object Repository/Sidebar Menu/Operasional/Kasir/Kerajang dan Pembayaran/MinusTap - Elemen 1 not found

2018-02-27 15:07:09 - [MESSAGE][FAILED] - Object Object Repository/Sidebar Menu/Operasional/Kasir/Kerajang dan Pembayaran/MinusTap - Elemen 1 not found

2018-02-27 15:07:09 - [TEST_STEP][FAILED] - tap: Failed to tap on element 'Object Repository/Sidebar Menu/Operasional/Kasir/Kerajang dan Pembayaran/MinusTap - Elemen 1' (Root cause: Object Object Repository/Sidebar Menu/Operasional/Kasir/Kerajang dan Pembayaran/MinusTap - Elemen 1 not found)

2018-02-27 15:07:09 - [MESSAGE][WARNING] - Timeout '0' is invalid. Using default page load timeout: '30'

2018-02-27 15:07:39 - [MESSAGE][FAILED] - Object Object Repository/Sidebar Menu/Operasional/Kasir/Kerajang dan Pembayaran/MinusTap - Elemen 1 not found

2018-02-27 15:07:39 - [MESSAGE][FAILED] - Failed to tap on element 'Object Repository/Sidebar Menu/Operasional/Kasir/Kerajang dan Pembayaran/MinusTap - Elemen 1' (Root cause: Object Object Repository/Sidebar Menu/Operasional/Kasir/Kerajang dan Pembayaran/MinusTap - Elemen 1 not found)]]></system-out>
         <system-err><![CDATA[2018-02-27 15:06:13 - [TEST_CASE][FAILED] - Test Cases/Sprint 2/29 - TC - All: Test Cases/Sprint 2/29 - TC - All FAILED because (of) Object Object Repository/Sidebar Menu/Operasional/Kasir/Kerajang dan Pembayaran/PlusTap - Elemen 2 not found]]></system-err>
      </testcase>
      <testcase name="Test Cases/Sprint 2/47 - TC- All" classname="Test Cases/Sprint 2/47 - TC- All" status="FAILED">
         <failure type="FAILED" message="Failed to tap on element 'Object Repository/Sidebar Menu/Operasional/Kasir/Kerajang dan Pembayaran/Tunai' (Root cause: Object Object Repository/Sidebar Menu/Operasional/Kasir/Kerajang dan Pembayaran/Tunai not found)"/>
         <system-out><![CDATA[2018-02-27 15:07:39 - [TEST_CASE][FAILED] - Test Cases/Sprint 2/47 - TC- All: Test Cases/Sprint 2/47 - TC- All FAILED because (of) Failed to tap on element 'Object Repository/Sidebar Menu/Operasional/Kasir/Kerajang dan Pembayaran/Tunai' (Root cause: Object Object Repository/Sidebar Menu/Operasional/Kasir/Kerajang dan Pembayaran/Tunai not found)

2018-02-27 15:07:40 - [TEST_STEP][PASSED] - comment: Start Story 47

2018-02-27 15:07:40 - [TEST_STEP][FAILED] - tap: Failed to tap on element 'Object Repository/Sidebar Menu/Operasional/Kasir/Kerajang dan Pembayaran/Tunai' (Root cause: Object Object Repository/Sidebar Menu/Operasional/Kasir/Kerajang dan Pembayaran/Tunai not found)

2018-02-27 15:07:45 - [MESSAGE][FAILED] - Object Object Repository/Sidebar Menu/Operasional/Kasir/Kerajang dan Pembayaran/Tunai not found

2018-02-27 15:07:45 - [MESSAGE][FAILED] - Failed to tap on element 'Object Repository/Sidebar Menu/Operasional/Kasir/Kerajang dan Pembayaran/Tunai' (Root cause: Object Object Repository/Sidebar Menu/Operasional/Kasir/Kerajang dan Pembayaran/Tunai not found)]]></system-out>
         <system-err><![CDATA[2018-02-27 15:07:39 - [TEST_CASE][FAILED] - Test Cases/Sprint 2/47 - TC- All: Test Cases/Sprint 2/47 - TC- All FAILED because (of) Failed to tap on element 'Object Repository/Sidebar Menu/Operasional/Kasir/Kerajang dan Pembayaran/Tunai' (Root cause: Object Object Repository/Sidebar Menu/Operasional/Kasir/Kerajang dan Pembayaran/Tunai not found)]]></system-err>
      </testcase>
      <testcase name="Test Cases/Sprint 2/30 - TC - All" classname="Test Cases/Sprint 2/30 - TC - All" status="FAILED">
         <failure type="FAILED" message="Failed to tap on element 'Object Repository/Sidebar Menu/Operasional/Kasir/Kerajang dan Pembayaran/LANJUT (1)' (Root cause: Object Object Repository/Sidebar Menu/Operasional/Kasir/Kerajang dan Pembayaran/LANJUT (1) not found)"/>
         <system-out><![CDATA[2018-02-27 15:07:45 - [TEST_CASE][FAILED] - Test Cases/Sprint 2/30 - TC - All: Test Cases/Sprint 2/30 - TC - All FAILED because (of) Failed to tap on element 'Object Repository/Sidebar Menu/Operasional/Kasir/Kerajang dan Pembayaran/LANJUT (1)' (Root cause: Object Object Repository/Sidebar Menu/Operasional/Kasir/Kerajang dan Pembayaran/LANJUT (1) not found)

2018-02-27 15:07:45 - [TEST_STEP][PASSED] - comment: Start Story 30

2018-02-27 15:07:45 - [TEST_STEP][PASSED] - waitForElementPresent: Object Object Repository/Sidebar Menu/Operasional/Kasir/Kerajang dan Pembayaran/LANJUT (1) not found

2018-02-27 15:07:50 - [MESSAGE][WARNING] - Object Object Repository/Sidebar Menu/Operasional/Kasir/Kerajang dan Pembayaran/LANJUT (1) not found

2018-02-27 15:07:50 - [TEST_STEP][FAILED] - tap: Failed to tap on element 'Object Repository/Sidebar Menu/Operasional/Kasir/Kerajang dan Pembayaran/LANJUT (1)' (Root cause: Object Object Repository/Sidebar Menu/Operasional/Kasir/Kerajang dan Pembayaran/LANJUT (1) not found)

2018-02-27 15:07:55 - [MESSAGE][FAILED] - Object Object Repository/Sidebar Menu/Operasional/Kasir/Kerajang dan Pembayaran/LANJUT (1) not found

2018-02-27 15:07:55 - [MESSAGE][FAILED] - Failed to tap on element 'Object Repository/Sidebar Menu/Operasional/Kasir/Kerajang dan Pembayaran/LANJUT (1)' (Root cause: Object Object Repository/Sidebar Menu/Operasional/Kasir/Kerajang dan Pembayaran/LANJUT (1) not found)]]></system-out>
         <system-err><![CDATA[2018-02-27 15:07:45 - [TEST_CASE][FAILED] - Test Cases/Sprint 2/30 - TC - All: Test Cases/Sprint 2/30 - TC - All FAILED because (of) Failed to tap on element 'Object Repository/Sidebar Menu/Operasional/Kasir/Kerajang dan Pembayaran/LANJUT (1)' (Root cause: Object Object Repository/Sidebar Menu/Operasional/Kasir/Kerajang dan Pembayaran/LANJUT (1) not found)]]></system-err>
      </testcase>
      <system-out><![CDATA[2018-02-27 15:05:24 - [TEST_SUITE][FAILED] - Sprint 2: Test Cases/Sprint 2/28 - TC-All FAILED because (of) Failed to tap on element 'Object Repository/Login/Daftar Sekarang - Belum Punya Akun' (Root cause: Object Object Repository/Login/Daftar Sekarang - Belum Punya Akun not found)]]></system-out>
      <system-err><![CDATA[2018-02-27 15:05:24 - [TEST_SUITE][FAILED] - Sprint 2: Test Cases/Sprint 2/28 - TC-All FAILED because (of) Failed to tap on element 'Object Repository/Login/Daftar Sekarang - Belum Punya Akun' (Root cause: Object Object Repository/Login/Daftar Sekarang - Belum Punya Akun not found)]]></system-err>
   </testsuite>
</testsuites>
