<?xml version="1.0" encoding="UTF-8"?>
<testsuites name="Story 26" time="4" tests="0" failures="9" errors="1">
   <testsuite name="Story 26" tests="0" failures="9" errors="1" time="4" timestamp="2018-03-14 08:33:36" hostname="AV2017005903 - NBMP18A211ITSQA.corp.bankbtpn.co.id" id="Test Suites/Story 26">
      <properties>
         <property name="deviceName" value=""/>
         <property name="devicePlatform" value=""/>
         <property name="logFolder" value="C:\\Users\\AV2017005903\\Documents\\apollo-automation\\Reports\\Story 26\\20180314_083326"/>
         <property name="logFiles" value="C:\\Users\\AV2017005903\\Documents\\apollo-automation\\Reports\\Story 26\\20180314_083326\\execution0.log"/>
         <property name="attachments" value=""/>
         <property name="hostName" value="AV2017005903 - NBMP18A211ITSQA.corp.bankbtpn.co.id"/>
         <property name="hostAddress" value="192.168.17.167"/>
         <property name="os" value="Windows 10 64bit"/>
         <property name="katalonVersion" value="5.0.0.1"/>
      </properties>
      <testcase name="Test Cases/Story 26 -Kelola Stok Final/TC 1" classname="Test Cases/Story 26 -Kelola Stok Final/TC 1" status="ERROR">
         <error type="ERROR" message="Test Cases/Story 26 -Kelola Stok Final/TC 1 FAILED because (of) Variable 'PathUtil' is not defined for test case."/>
         <system-out><![CDATA[2018-03-14 08:33:37 - [TEST_CASE][ERROR] - Test Cases/Story 26 -Kelola Stok Final/TC 1: Test Cases/Story 26 -Kelola Stok Final/TC 1 FAILED because (of) Variable 'PathUtil' is not defined for test case.

2018-03-14 08:33:38 - [TEST_STEP][PASSED] - comment: Start Story 26

2018-03-14 08:33:38 - [TEST_STEP][PASSED] - Statement - apkPath = PathUtil.relativeToAbsolutePath(apkName, RunConfiguration.getProjectDir()): null]]></system-out>
         <system-err><![CDATA[2018-03-14 08:33:37 - [TEST_CASE][ERROR] - Test Cases/Story 26 -Kelola Stok Final/TC 1: Test Cases/Story 26 -Kelola Stok Final/TC 1 FAILED because (of) Variable 'PathUtil' is not defined for test case.]]></system-err>
      </testcase>
      <testcase name="Test Cases/Story 26 -Kelola Stok Final/TC 2" classname="Test Cases/Story 26 -Kelola Stok Final/TC 2" status="FAILED">
         <failure type="FAILED" message="Failed to wait for element present (Root cause: No application is started yet.)"/>
         <system-out><![CDATA[2018-03-14 08:33:38 - [TEST_CASE][FAILED] - Test Cases/Story 26 -Kelola Stok Final/TC 2: Test Cases/Story 26 -Kelola Stok Final/TC 2 FAILED because (of) Failed to wait for element present (Root cause: No application is started yet.)

2018-03-14 08:33:38 - [TEST_STEP][FAILED] - waitForElementPresent: Failed to wait for element present (Root cause: No application is started yet.)

2018-03-14 08:33:38 - [MESSAGE][FAILED] - Failed to wait for element present (Root cause: No application is started yet.)]]></system-out>
         <system-err><![CDATA[2018-03-14 08:33:38 - [TEST_CASE][FAILED] - Test Cases/Story 26 -Kelola Stok Final/TC 2: Test Cases/Story 26 -Kelola Stok Final/TC 2 FAILED because (of) Failed to wait for element present (Root cause: No application is started yet.)]]></system-err>
      </testcase>
      <testcase name="Test Cases/Story 26 -Kelola Stok Final/TC 3" classname="Test Cases/Story 26 -Kelola Stok Final/TC 3" status="FAILED">
         <failure type="FAILED" message="Failed to wait for element present (Root cause: No application is started yet.)"/>
         <system-out><![CDATA[2018-03-14 08:33:38 - [TEST_CASE][FAILED] - Test Cases/Story 26 -Kelola Stok Final/TC 3: Test Cases/Story 26 -Kelola Stok Final/TC 3 FAILED because (of) Failed to wait for element present (Root cause: No application is started yet.)

2018-03-14 08:33:39 - [TEST_STEP][FAILED] - waitForElementPresent: Failed to wait for element present (Root cause: No application is started yet.)

2018-03-14 08:33:39 - [MESSAGE][FAILED] - Failed to wait for element present (Root cause: No application is started yet.)]]></system-out>
         <system-err><![CDATA[2018-03-14 08:33:38 - [TEST_CASE][FAILED] - Test Cases/Story 26 -Kelola Stok Final/TC 3: Test Cases/Story 26 -Kelola Stok Final/TC 3 FAILED because (of) Failed to wait for element present (Root cause: No application is started yet.)]]></system-err>
      </testcase>
      <testcase name="Test Cases/Story 26 -Kelola Stok Final/TC 4" classname="Test Cases/Story 26 -Kelola Stok Final/TC 4" status="FAILED">
         <failure type="FAILED" message="Failed to wait for element present (Root cause: No application is started yet.)"/>
         <system-out><![CDATA[2018-03-14 08:33:39 - [TEST_CASE][FAILED] - Test Cases/Story 26 -Kelola Stok Final/TC 4: Test Cases/Story 26 -Kelola Stok Final/TC 4 FAILED because (of) Failed to wait for element present (Root cause: No application is started yet.)

2018-03-14 08:33:39 - [TEST_STEP][FAILED] - waitForElementPresent: Failed to wait for element present (Root cause: No application is started yet.)

2018-03-14 08:33:39 - [MESSAGE][FAILED] - Failed to wait for element present (Root cause: No application is started yet.)]]></system-out>
         <system-err><![CDATA[2018-03-14 08:33:39 - [TEST_CASE][FAILED] - Test Cases/Story 26 -Kelola Stok Final/TC 4: Test Cases/Story 26 -Kelola Stok Final/TC 4 FAILED because (of) Failed to wait for element present (Root cause: No application is started yet.)]]></system-err>
      </testcase>
      <testcase name="Test Cases/Story 26 -Kelola Stok Final/TC 5" classname="Test Cases/Story 26 -Kelola Stok Final/TC 5" status="FAILED">
         <failure type="FAILED" message="Failed to tap on element 'Object Repository/Sidebar Menu/Operasional/Stock/Stock View/Cari Produk - Parent' (Root cause: No application is started yet.)"/>
         <system-out><![CDATA[2018-03-14 08:33:39 - [TEST_CASE][FAILED] - Test Cases/Story 26 -Kelola Stok Final/TC 5: Test Cases/Story 26 -Kelola Stok Final/TC 5 FAILED because (of) Failed to tap on element 'Object Repository/Sidebar Menu/Operasional/Stock/Stock View/Cari Produk - Parent' (Root cause: No application is started yet.)

2018-03-14 08:33:39 - [TEST_STEP][FAILED] - tap: Failed to tap on element 'Object Repository/Sidebar Menu/Operasional/Stock/Stock View/Cari Produk - Parent' (Root cause: No application is started yet.)

2018-03-14 08:33:39 - [MESSAGE][FAILED] - Failed to tap on element 'Object Repository/Sidebar Menu/Operasional/Stock/Stock View/Cari Produk - Parent' (Root cause: No application is started yet.)]]></system-out>
         <system-err><![CDATA[2018-03-14 08:33:39 - [TEST_CASE][FAILED] - Test Cases/Story 26 -Kelola Stok Final/TC 5: Test Cases/Story 26 -Kelola Stok Final/TC 5 FAILED because (of) Failed to tap on element 'Object Repository/Sidebar Menu/Operasional/Stock/Stock View/Cari Produk - Parent' (Root cause: No application is started yet.)]]></system-err>
      </testcase>
      <testcase name="Test Cases/Story 26 -Kelola Stok Final/TC 6" classname="Test Cases/Story 26 -Kelola Stok Final/TC 6" status="FAILED">
         <failure type="FAILED" message="Failed to clear text of element (Root cause: No application is started yet.)"/>
         <system-out><![CDATA[2018-03-14 08:33:39 - [TEST_CASE][FAILED] - Test Cases/Story 26 -Kelola Stok Final/TC 6: Test Cases/Story 26 -Kelola Stok Final/TC 6 FAILED because (of) Failed to clear text of element (Root cause: No application is started yet.)

2018-03-14 08:33:40 - [TEST_STEP][FAILED] - clearText: Failed to clear text of element (Root cause: No application is started yet.)

2018-03-14 08:33:40 - [MESSAGE][FAILED] - Failed to clear text of element (Root cause: No application is started yet.)]]></system-out>
         <system-err><![CDATA[2018-03-14 08:33:39 - [TEST_CASE][FAILED] - Test Cases/Story 26 -Kelola Stok Final/TC 6: Test Cases/Story 26 -Kelola Stok Final/TC 6 FAILED because (of) Failed to clear text of element (Root cause: No application is started yet.)]]></system-err>
      </testcase>
      <testcase name="Test Cases/Story 26 -Kelola Stok Final/TC 7" classname="Test Cases/Story 26 -Kelola Stok Final/TC 7" status="FAILED">
         <failure type="FAILED" message="Failed to clear text of element (Root cause: No application is started yet.)"/>
         <system-out><![CDATA[2018-03-14 08:33:40 - [TEST_CASE][FAILED] - Test Cases/Story 26 -Kelola Stok Final/TC 7: Test Cases/Story 26 -Kelola Stok Final/TC 7 FAILED because (of) Failed to clear text of element (Root cause: No application is started yet.)

2018-03-14 08:33:40 - [TEST_STEP][FAILED] - clearText: Failed to clear text of element (Root cause: No application is started yet.)

2018-03-14 08:33:40 - [MESSAGE][FAILED] - Failed to clear text of element (Root cause: No application is started yet.)]]></system-out>
         <system-err><![CDATA[2018-03-14 08:33:40 - [TEST_CASE][FAILED] - Test Cases/Story 26 -Kelola Stok Final/TC 7: Test Cases/Story 26 -Kelola Stok Final/TC 7 FAILED because (of) Failed to clear text of element (Root cause: No application is started yet.)]]></system-err>
      </testcase>
      <testcase name="Test Cases/Story 26 -Kelola Stok Final/TC 8" classname="Test Cases/Story 26 -Kelola Stok Final/TC 8" status="FAILED">
         <failure type="FAILED" message="Failed to wait for element present (Root cause: No application is started yet.)"/>
         <system-out><![CDATA[2018-03-14 08:33:40 - [TEST_CASE][FAILED] - Test Cases/Story 26 -Kelola Stok Final/TC 8: Test Cases/Story 26 -Kelola Stok Final/TC 8 FAILED because (of) Failed to wait for element present (Root cause: No application is started yet.)

2018-03-14 08:33:40 - [TEST_STEP][FAILED] - waitForElementPresent: Failed to wait for element present (Root cause: No application is started yet.)

2018-03-14 08:33:40 - [MESSAGE][FAILED] - Failed to wait for element present (Root cause: No application is started yet.)]]></system-out>
         <system-err><![CDATA[2018-03-14 08:33:40 - [TEST_CASE][FAILED] - Test Cases/Story 26 -Kelola Stok Final/TC 8: Test Cases/Story 26 -Kelola Stok Final/TC 8 FAILED because (of) Failed to wait for element present (Root cause: No application is started yet.)]]></system-err>
      </testcase>
      <testcase name="Test Cases/Story 26 -Kelola Stok Final/TC 9" classname="Test Cases/Story 26 -Kelola Stok Final/TC 9" status="FAILED">
         <failure type="FAILED" message="Cannot swipe on device. (Root cause: No driver found)"/>
         <system-out><![CDATA[2018-03-14 08:33:40 - [TEST_CASE][FAILED] - Test Cases/Story 26 -Kelola Stok Final/TC 9: Test Cases/Story 26 -Kelola Stok Final/TC 9 FAILED because (of) Cannot swipe on device. (Root cause: No driver found)

2018-03-14 08:33:40 - [TEST_STEP][FAILED] - Statement - For (def index : (0..3)): Cannot swipe on device. (Root cause: No driver found)

2018-03-14 08:33:40 - [TEST_STEP][FAILED] - swipe: Cannot swipe on device. (Root cause: No driver found)

2018-03-14 08:33:40 - [MESSAGE][FAILED] - Cannot swipe on device. (Root cause: No driver found)]]></system-out>
         <system-err><![CDATA[2018-03-14 08:33:40 - [TEST_CASE][FAILED] - Test Cases/Story 26 -Kelola Stok Final/TC 9: Test Cases/Story 26 -Kelola Stok Final/TC 9 FAILED because (of) Cannot swipe on device. (Root cause: No driver found)]]></system-err>
      </testcase>
      <testcase name="Test Cases/Story 26 -Kelola Stok Final/TC 10" classname="Test Cases/Story 26 -Kelola Stok Final/TC 10" status="FAILED">
         <failure type="FAILED" message="Failed to wait for element present (Root cause: No application is started yet.)"/>
         <system-out><![CDATA[2018-03-14 08:33:40 - [TEST_CASE][FAILED] - Test Cases/Story 26 -Kelola Stok Final/TC 10: Test Cases/Story 26 -Kelola Stok Final/TC 10 FAILED because (of) Failed to wait for element present (Root cause: No application is started yet.)

2018-03-14 08:33:41 - [TEST_STEP][FAILED] - waitForElementPresent: Failed to wait for element present (Root cause: No application is started yet.)

2018-03-14 08:33:41 - [MESSAGE][FAILED] - Failed to wait for element present (Root cause: No application is started yet.)]]></system-out>
         <system-err><![CDATA[2018-03-14 08:33:40 - [TEST_CASE][FAILED] - Test Cases/Story 26 -Kelola Stok Final/TC 10: Test Cases/Story 26 -Kelola Stok Final/TC 10 FAILED because (of) Failed to wait for element present (Root cause: No application is started yet.)]]></system-err>
      </testcase>
      <system-out><![CDATA[2018-03-14 08:33:36 - [TEST_SUITE][ERROR] - Story 26: Test Cases/Story 26 -Kelola Stok Final/TC 1 FAILED because (of) Variable 'PathUtil' is not defined for test case.]]></system-out>
      <system-err><![CDATA[2018-03-14 08:33:36 - [TEST_SUITE][ERROR] - Story 26: Test Cases/Story 26 -Kelola Stok Final/TC 1 FAILED because (of) Variable 'PathUtil' is not defined for test case.]]></system-err>
   </testsuite>
</testsuites>
